<?xml version="1.0" encoding="UTF-8"?>
<testsuite xmlns:xsi="http://www.w3.org/2001/XMLSchema-instance" xsi:noNamespaceSchemaLocation="https://maven.apache.org/surefire/maven-surefire-plugin/xsd/surefire-test-report-3.0.xsd" version="3.0" name="tp1.Tests" time="0.092" tests="7" errors="0" skipped="0" failures="7">
  <properties>
[...]
</properties>
  <testcase name="test00" classname="tp1.Tests" time="0.021">
    <failure message="Line: 57&#10;Expected: Command &gt; [DEBUG] Executing: n&#10;Actual  : Available commands:&#10;" type="org.opentest4j.AssertionFailedError"><![CDATA[org.opentest4j.AssertionFailedError: 
Line: 57
Expected: Command > [DEBUG] Executing: n
Actual  : Available commands:

	at org.junit.jupiter.api.AssertionUtils.fail(AssertionUtils.java:38)
	at org.junit.jupiter.api.Assertions.fail(Assertions.java:134)
	at tp1.Tests.compareOutput(Tests.java:113)
	at tp1.Tests.parameterizedTest(Tests.java:145)
	at tp1.Tests.testN(Tests.java:160)
	at tp1.Tests.test00(Tests.java:168)
	at java.base/java.lang.reflect.Method.invoke(Method.java:580)
	at java.base/java.util.ArrayList.forEach(ArrayList.java:1596)
	at java.base/java.util.ArrayList.forEach(ArrayList.java:1596)
]]></failure>
    <system-out><![CDATA[Line: 57
Expected: Command > [DEBUG] Executing: n
Actual  : Available commands:

]]></system-out>
  </testcase>
  <testcase name="test01" classname="tp1.Tests" time="0.013">
    <failure message="Line: 33&#10;Expected: Time: 99&#10;Actual  : Command &gt; [DEBUG] Executing: update&#10;" type="org.opentest4j.AssertionFailedError"><![CDATA[org.opentest4j.AssertionFailedError: 
Line: 33
Expected: Time: 99
Actual  : Command > [DEBUG] Executing: update

	at org.junit.jupiter.api.AssertionUtils.fail(AssertionUtils.java:38)
	at org.junit.jupiter.api.Assertions.fail(Assertions.java:134)
	at tp1.Tests.compareOutput(Tests.java:113)
	at tp1.Tests.parameterizedTest(Tests.java:145)
	at tp1.Tests.testN(Tests.java:160)
	at tp1.Tests.test01(Tests.java:173)
	at java.base/java.lang.reflect.Method.invoke(Method.java:580)
	at java.base/java.util.ArrayList.forEach(ArrayList.java:1596)
	at java.base/java.util.ArrayList.forEach(ArrayList.java:1596)
]]></failure>
    <system-out><![CDATA[Line: 33
Expected: Time: 99
Actual  : Command > [DEBUG] Executing: update

]]></system-out>
  </testcase>
  <testcase name="test02" classname="tp1.Tests" time="0.024">
    <failure message="Line: 29&#10;Expected: Time: 99&#10;Actual  : Command &gt; [DEBUG] Executing: a d&#10;" type="org.opentest4j.AssertionFailedError"><![CDATA[org.opentest4j.AssertionFailedError: 
Line: 29
Expected: Time: 99
Actual  : Command > [DEBUG] Executing: a d

	at org.junit.jupiter.api.AssertionUtils.fail(AssertionUtils.java:38)
	at org.junit.jupiter.api.Assertions.fail(Assertions.java:134)
	at tp1.Tests.compareOutput(Tests.java:113)
	at tp1.Tests.parameterizedTest(Tests.java:145)
	at tp1.Tests.testN(Tests.java:160)
	at tp1.Tests.test02(Tests.java:178)
	at java.base/java.lang.reflect.Method.invoke(Method.java:580)
	at java.base/java.util.ArrayList.forEach(ArrayList.java:1596)
	at java.base/java.util.ArrayList.forEach(ArrayList.java:1596)
]]></failure>
    <system-out><![CDATA[Line: 29
Expected: Time: 99
Actual  : Command > [DEBUG] Executing: a d

]]></system-out>
  </testcase>
  <testcase name="test03" classname="tp1.Tests" time="0.006">
    <failure message="Line: 29&#10;Expected: Time: 99&#10;Actual  : Command &gt; [DEBUG] Executing: a u u u u r&#10;" type="org.opentest4j.AssertionFailedError"><![CDATA[org.opentest4j.AssertionFailedError: 
Line: 29
Expected: Time: 99
Actual  : Command > [DEBUG] Executing: a u u u u r

	at org.junit.jupiter.api.AssertionUtils.fail(AssertionUtils.java:38)
	at org.junit.jupiter.api.Assertions.fail(Assertions.java:134)
	at tp1.Tests.compareOutput(Tests.java:113)
	at tp1.Tests.parameterizedTest(Tests.java:145)
	at tp1.Tests.testN(Tests.java:160)
	at tp1.Tests.test03(Tests.java:183)
	at java.base/java.lang.reflect.Method.invoke(Method.java:580)
	at java.base/java.util.ArrayList.forEach(ArrayList.java:1596)
	at java.base/java.util.ArrayList.forEach(ArrayList.java:1596)
]]></failure>
    <system-out><![CDATA[Line: 29
Expected: Time: 99
Actual  : Command > [DEBUG] Executing: a u u u u r

]]></system-out>
  </testcase>
  <testcase name="test04" classname="tp1.Tests" time="0.009">
    <failure message="Line: 29&#10;Expected: Time: 99&#10;Actual  : Command &gt; [DEBUG] Executing: action u r&#10;" type="org.opentest4j.AssertionFailedError"><![CDATA[org.opentest4j.AssertionFailedError: 
Line: 29
Expected: Time: 99
Actual  : Command > [DEBUG] Executing: action u r

	at org.junit.jupiter.api.AssertionUtils.fail(AssertionUtils.java:38)
	at org.junit.jupiter.api.Assertions.fail(Assertions.java:134)
	at tp1.Tests.compareOutput(Tests.java:113)
	at tp1.Tests.parameterizedTest(Tests.java:145)
	at tp1.Tests.testN(Tests.java:160)
	at tp1.Tests.test04(Tests.java:188)
	at java.base/java.lang.reflect.Method.invoke(Method.java:580)
	at java.base/java.util.ArrayList.forEach(ArrayList.java:1596)
	at java.base/java.util.ArrayList.forEach(ArrayList.java:1596)
]]></failure>
    <system-out><![CDATA[Line: 29
Expected: Time: 99
Actual  : Command > [DEBUG] Executing: action u r

]]></system-out>
  </testcase>
  <testcase name="test05" classname="tp1.Tests" time="0.004">
    <failure message="Line: 29&#10;Expected: Time: 99&#10;Actual  : Command &gt; [DEBUG] Executing: &#10;" type="org.opentest4j.AssertionFailedError"><![CDATA[org.opentest4j.AssertionFailedError: 
Line: 29
Expected: Time: 99
Actual  : Command > [DEBUG] Executing: 

	at org.junit.jupiter.api.AssertionUtils.fail(AssertionUtils.java:38)
	at org.junit.jupiter.api.Assertions.fail(Assertions.java:134)
	at tp1.Tests.compareOutput(Tests.java:113)
	at tp1.Tests.parameterizedTest(Tests.java:145)
	at tp1.Tests.testN(Tests.java:160)
	at tp1.Tests.test05(Tests.java:193)
	at java.base/java.lang.reflect.Method.invoke(Method.java:580)
	at java.base/java.util.ArrayList.forEach(ArrayList.java:1596)
	at java.base/java.util.ArrayList.forEach(ArrayList.java:1596)
]]></failure>
    <system-out><![CDATA[Line: 29
Expected: Time: 99
Actual  : Command > [DEBUG] Executing: 

]]></system-out>
  </testcase>
  <testcase name="test06" classname="tp1.Tests" time="0.005">
    <failure message="Line: 29&#10;Expected: Time: 99&#10;Actual  : Command &gt; [DEBUG] Executing: a u r&#10;" type="org.opentest4j.AssertionFailedError"><![CDATA[org.opentest4j.AssertionFailedError: 
Line: 29
Expected: Time: 99
Actual  : Command > [DEBUG] Executing: a u r

	at org.junit.jupiter.api.AssertionUtils.fail(AssertionUtils.java:38)
	at org.junit.jupiter.api.Assertions.fail(Assertions.java:134)
	at tp1.Tests.compareOutput(Tests.java:113)
	at tp1.Tests.parameterizedTest(Tests.java:145)
	at tp1.Tests.testN(Tests.java:160)
	at tp1.Tests.test06(Tests.java:198)
	at java.base/java.lang.reflect.Method.invoke(Method.java:580)
	at java.base/java.util.ArrayList.forEach(ArrayList.java:1596)
	at java.base/java.util.ArrayList.forEach(ArrayList.java:1596)
]]></failure>
    <system-out><![CDATA[Line: 29
Expected: Time: 99
Actual  : Command > [DEBUG] Executing: a u r

]]></system-out>
  </testcase>
</testsuite>