<?xml version="1.0" encoding="UTF-8"?>
<testsuite xmlns:xsi="http://www.w3.org/2001/XMLSchema-instance" xsi:noNamespaceSchemaLocation="https://maven.apache.org/surefire/maven-surefire-plugin/xsd/surefire-test-report-3.0.xsd" version="3.0" name="tp1.Tests_V2_1" time="0.049" tests="7" errors="0" skipped="0" failures="5">
  <properties>
    <property name="java.specification.version" value="21"/>
    <property name="sun.jnu.encoding" value="UTF-8"/>
    <property name="java.class.path" value="/Users/davidarranz/Library/CloudStorage/OneDrive-UniversidadComplutensedeMadrid(UCM)/Asignaturas/SEGUNDO DE CARRERA/TP1/Segunda matricula/PRACTICA/P3-Practica-MarioBros-TP1/target/test-classes:/Users/davidarranz/Library/CloudStorage/OneDrive-UniversidadComplutensedeMadrid(UCM)/Asignaturas/SEGUNDO DE CARRERA/TP1/Segunda matricula/PRACTICA/P3-Practica-MarioBros-TP1/target/classes:/Users/davidarranz/.m2/repository/org/junit/jupiter/junit-jupiter-api/5.10.0/junit-jupiter-api-5.10.0.jar:/Users/davidarranz/.m2/repository/org/opentest4j/opentest4j/1.3.0/opentest4j-1.3.0.jar:/Users/davidarranz/.m2/repository/org/junit/platform/junit-platform-commons/1.10.0/junit-platform-commons-1.10.0.jar:/Users/davidarranz/.m2/repository/org/apiguardian/apiguardian-api/1.1.2/apiguardian-api-1.1.2.jar:"/>
    <property name="java.vm.vendor" value="Oracle Corporation"/>
    <property name="sun.arch.data.model" value="64"/>
    <property name="java.vendor.url" value="https://java.oracle.com/"/>
    <property name="os.name" value="Mac OS X"/>
    <property name="java.vm.specification.version" value="21"/>
    <property name="user.country" value="ES"/>
    <property name="sun.java.launcher" value="SUN_STANDARD"/>
    <property name="sun.boot.library.path" value="/Library/Java/JavaVirtualMachines/jdk-21.0.8.jdk/Contents/Home/lib"/>
    <property name="sun.java.command" value="/Users/davidarranz/Library/CloudStorage/OneDrive-UniversidadComplutensedeMadrid(UCM)/Asignaturas/SEGUNDO DE CARRERA/TP1/Segunda matricula/PRACTICA/P3-Practica-MarioBros-TP1/target/surefire/surefirebooter-20251126111143787_3.jar /Users/davidarranz/Library/CloudStorage/OneDrive-UniversidadComplutensedeMadrid(UCM)/Asignaturas/SEGUNDO DE CARRERA/TP1/Segunda matricula/PRACTICA/P3-Practica-MarioBros-TP1/target/surefire 2025-11-26T11-11-43_752-jvmRun1 surefire-20251126111143787_1tmp surefire_0-20251126111143787_2tmp"/>
    <property name="jdk.debug" value="release"/>
    <property name="surefire.test.class.path" value="/Users/davidarranz/Library/CloudStorage/OneDrive-UniversidadComplutensedeMadrid(UCM)/Asignaturas/SEGUNDO DE CARRERA/TP1/Segunda matricula/PRACTICA/P3-Practica-MarioBros-TP1/target/test-classes:/Users/davidarranz/Library/CloudStorage/OneDrive-UniversidadComplutensedeMadrid(UCM)/Asignaturas/SEGUNDO DE CARRERA/TP1/Segunda matricula/PRACTICA/P3-Practica-MarioBros-TP1/target/classes:/Users/davidarranz/.m2/repository/org/junit/jupiter/junit-jupiter-api/5.10.0/junit-jupiter-api-5.10.0.jar:/Users/davidarranz/.m2/repository/org/opentest4j/opentest4j/1.3.0/opentest4j-1.3.0.jar:/Users/davidarranz/.m2/repository/org/junit/platform/junit-platform-commons/1.10.0/junit-platform-commons-1.10.0.jar:/Users/davidarranz/.m2/repository/org/apiguardian/apiguardian-api/1.1.2/apiguardian-api-1.1.2.jar:"/>
    <property name="sun.cpu.endian" value="little"/>
    <property name="user.home" value="/Users/davidarranz"/>
    <property name="user.language" value="es"/>
    <property name="java.specification.vendor" value="Oracle Corporation"/>
    <property name="java.version.date" value="2025-07-15"/>
    <property name="java.home" value="/Library/Java/JavaVirtualMachines/jdk-21.0.8.jdk/Contents/Home"/>
    <property name="file.separator" value="/"/>
    <property name="basedir" value="/Users/davidarranz/Library/CloudStorage/OneDrive-UniversidadComplutensedeMadrid(UCM)/Asignaturas/SEGUNDO DE CARRERA/TP1/Segunda matricula/PRACTICA/P3-Practica-MarioBros-TP1"/>
    <property name="java.vm.compressedOopsMode" value="Zero based"/>
    <property name="line.separator" value="&#10;"/>
    <property name="java.specification.name" value="Java Platform API Specification"/>
    <property name="java.vm.specification.vendor" value="Oracle Corporation"/>
    <property name="apple.awt.application.name" value="ForkedBooter"/>
    <property name="surefire.real.class.path" value="/Users/davidarranz/Library/CloudStorage/OneDrive-UniversidadComplutensedeMadrid(UCM)/Asignaturas/SEGUNDO DE CARRERA/TP1/Segunda matricula/PRACTICA/P3-Practica-MarioBros-TP1/target/surefire/surefirebooter-20251126111143787_3.jar"/>
    <property name="sun.management.compiler" value="HotSpot 64-Bit Tiered Compilers"/>
    <property name="java.runtime.version" value="21.0.8+12-LTS-250"/>
    <property name="user.name" value="davidarranz"/>
    <property name="stdout.encoding" value="UTF-8"/>
    <property name="path.separator" value=":"/>
    <property name="os.version" value="26.1"/>
    <property name="java.runtime.name" value="Java(TM) SE Runtime Environment"/>
    <property name="file.encoding" value="UTF-8"/>
    <property name="java.vm.name" value="Java HotSpot(TM) 64-Bit Server VM"/>
    <property name="maven.ext.class.path" value="/Users/davidarranz/.vscode/extensions/oracle.oracle-java-24.1.2/nbcode/java/maven-nblib/netbeans-eventspy.jar"/>
    <property name="localRepository" value="/Users/davidarranz/.m2/repository"/>
    <property name="java.vendor.url.bug" value="https://bugreport.java.com/bugreport/"/>
    <property name="java.io.tmpdir" value="/var/folders/z9/_3y3tktn3v1f5sgr6y7qk_m40000gn/T/"/>
    <property name="java.version" value="21.0.8"/>
    <property name="user.dir" value="/Users/davidarranz/Library/CloudStorage/OneDrive-UniversidadComplutensedeMadrid(UCM)/Asignaturas/SEGUNDO DE CARRERA/TP1/Segunda matricula/PRACTICA/P3-Practica-MarioBros-TP1"/>
    <property name="os.arch" value="aarch64"/>
    <property name="java.vm.specification.name" value="Java Virtual Machine Specification"/>
    <property name="native.encoding" value="UTF-8"/>
    <property name="java.library.path" value="/Users/davidarranz/Library/Java/Extensions:/Library/Java/Extensions:/Network/Library/Java/Extensions:/System/Library/Java/Extensions:/usr/lib/java:."/>
    <property name="java.vm.info" value="mixed mode, sharing"/>
    <property name="stderr.encoding" value="UTF-8"/>
    <property name="java.vendor" value="Oracle Corporation"/>
    <property name="java.vm.version" value="21.0.8+12-LTS-250"/>
    <property name="sun.io.unicode.encoding" value="UnicodeBig"/>
    <property name="java.class.version" value="65.0"/>
  </properties>
  <testcase name="test00" classname="tp1.Tests_V2_1" time="0.002">
    <failure message="Line: 30&#10;Expected:    [a]ction [[R]IGHT | [L]EFT | [U]P | [D]OWN | [S]TOP]+: user performs actions&#10;Actual  :    [a]dd[O]bject &lt;object_description&gt;: adds to the board the object given by object_description.&#10;" type="org.opentest4j.AssertionFailedError"><![CDATA[org.opentest4j.AssertionFailedError: 
Line: 30
Expected:    [a]ction [[R]IGHT | [L]EFT | [U]P | [D]OWN | [S]TOP]+: user performs actions
Actual  :    [a]dd[O]bject <object_description>: adds to the board the object given by object_description.

	at org.junit.jupiter.api.AssertionUtils.fail(AssertionUtils.java:38)
	at org.junit.jupiter.api.Assertions.fail(Assertions.java:134)
	at tp1.TestsUtils.checkOutput(TestsUtils.java:107)
	at tp1.TestsUtils.parameterizedTest(TestsUtils.java:125)
	at tp1.Tests_V2_1.testN(Tests_V2_1.java:21)
	at tp1.Tests_V2_1.test00(Tests_V2_1.java:29)
	at java.base/java.lang.reflect.Method.invoke(Method.java:580)
	at java.base/java.util.ArrayList.forEach(ArrayList.java:1596)
	at java.base/java.util.ArrayList.forEach(ArrayList.java:1596)
]]></failure>
    <system-out><![CDATA[Line: 30
Expected:    [a]ction [[R]IGHT | [L]EFT | [U]P | [D]OWN | [S]TOP]+: user performs actions
Actual  :    [a]dd[O]bject <object_description>: adds to the board the object given by object_description.

]]></system-out>
  </testcase>
  <testcase name="test01" classname="tp1.Tests_V2_1" time="0.003">
    <failure message="Line: 29&#10;Expected: [ERROR] Error: Unknown command: action&#10;Actual  : [ERROR] Error: Incorrect parameter number&#10;" type="org.opentest4j.AssertionFailedError"><![CDATA[org.opentest4j.AssertionFailedError: 
Line: 29
Expected: [ERROR] Error: Unknown command: action
Actual  : [ERROR] Error: Incorrect parameter number

	at org.junit.jupiter.api.AssertionUtils.fail(AssertionUtils.java:38)
	at org.junit.jupiter.api.Assertions.fail(Assertions.java:134)
	at tp1.TestsUtils.checkOutput(TestsUtils.java:107)
	at tp1.TestsUtils.parameterizedTest(TestsUtils.java:125)
	at tp1.Tests_V2_1.testN(Tests_V2_1.java:21)
	at tp1.Tests_V2_1.test01(Tests_V2_1.java:31)
	at java.base/java.lang.reflect.Method.invoke(Method.java:580)
	at java.base/java.util.ArrayList.forEach(ArrayList.java:1596)
	at java.base/java.util.ArrayList.forEach(ArrayList.java:1596)
]]></failure>
    <system-out><![CDATA[Line: 29
Expected: [ERROR] Error: Unknown command: action
Actual  : [ERROR] Error: Incorrect parameter number

]]></system-out>
  </testcase>
  <testcase name="test02" classname="tp1.Tests_V2_1" time="0.015">
    <failure message="Line: 107&#10;Expected: Time: 100&#10;Actual  : [ERROR] Error: Not valid level number&#10;" type="org.opentest4j.AssertionFailedError"><![CDATA[org.opentest4j.AssertionFailedError: 
Line: 107
Expected: Time: 100
Actual  : [ERROR] Error: Not valid level number

	at org.junit.jupiter.api.AssertionUtils.fail(AssertionUtils.java:38)
	at org.junit.jupiter.api.Assertions.fail(Assertions.java:134)
	at tp1.TestsUtils.checkOutput(TestsUtils.java:107)
	at tp1.TestsUtils.parameterizedTest(TestsUtils.java:125)
	at tp1.Tests_V2_1.testN(Tests_V2_1.java:21)
	at tp1.Tests_V2_1.test02(Tests_V2_1.java:33)
	at java.base/java.lang.reflect.Method.invoke(Method.java:580)
	at java.base/java.util.ArrayList.forEach(ArrayList.java:1596)
	at java.base/java.util.ArrayList.forEach(ArrayList.java:1596)
]]></failure>
    <system-out><![CDATA[Line: 107
Expected: Time: 100
Actual  : [ERROR] Error: Not valid level number

]]></system-out>
  </testcase>
  <testcase name="test03" classname="tp1.Tests_V2_1" time="0.007"/>
  <testcase name="test04" classname="tp1.Tests_V2_1" time="0.005">
    <failure message="Line: 471&#10;Expected: Time: 100&#10;Actual  : Time: 82&#10;" type="org.opentest4j.AssertionFailedError"><![CDATA[org.opentest4j.AssertionFailedError: 
Line: 471
Expected: Time: 100
Actual  : Time: 82

	at org.junit.jupiter.api.AssertionUtils.fail(AssertionUtils.java:38)
	at org.junit.jupiter.api.Assertions.fail(Assertions.java:134)
	at tp1.TestsUtils.checkOutput(TestsUtils.java:107)
	at tp1.TestsUtils.parameterizedTest(TestsUtils.java:125)
	at tp1.Tests_V2_1.testN(Tests_V2_1.java:21)
	at tp1.Tests_V2_1.test04(Tests_V2_1.java:37)
	at java.base/java.lang.reflect.Method.invoke(Method.java:580)
	at java.base/java.util.ArrayList.forEach(ArrayList.java:1596)
	at java.base/java.util.ArrayList.forEach(ArrayList.java:1596)
]]></failure>
    <system-out><![CDATA[Line: 471
Expected: Time: 100
Actual  : Time: 82

]]></system-out>
  </testcase>
  <testcase name="test05" classname="tp1.Tests_V2_1" time="0.005">
    <failure message="Line: 81&#10;Expected: Time: 100&#10;Actual  : Time: 97&#10;" type="org.opentest4j.AssertionFailedError"><![CDATA[org.opentest4j.AssertionFailedError: 
Line: 81
Expected: Time: 100
Actual  : Time: 97

	at org.junit.jupiter.api.AssertionUtils.fail(AssertionUtils.java:38)
	at org.junit.jupiter.api.Assertions.fail(Assertions.java:134)
	at tp1.TestsUtils.checkOutput(TestsUtils.java:107)
	at tp1.TestsUtils.parameterizedTest(TestsUtils.java:125)
	at tp1.Tests_V2_1.testN(Tests_V2_1.java:21)
	at tp1.Tests_V2_1.test05(Tests_V2_1.java:39)
	at java.base/java.lang.reflect.Method.invoke(Method.java:580)
	at java.base/java.util.ArrayList.forEach(ArrayList.java:1596)
	at java.base/java.util.ArrayList.forEach(ArrayList.java:1596)
]]></failure>
    <system-out><![CDATA[Line: 81
Expected: Time: 100
Actual  : Time: 97

]]></system-out>
  </testcase>
  <testcase name="test06" classname="tp1.Tests_V2_1" time="0.008"/>
</testsuite>