<?xml version="1.0" encoding="UTF-8"?>
<testsuite xmlns:xsi="http://www.w3.org/2001/XMLSchema-instance" xsi:noNamespaceSchemaLocation="https://maven.apache.org/surefire/maven-surefire-plugin/xsd/surefire-test-report-3.0.xsd" version="3.0" name="tp1.Tests" time="0.125" tests="7" errors="1" skipped="0" failures="2">
  <properties>
[...]
</properties>
  <testcase name="test00" classname="tp1.Tests" time="0.023"/>
  <testcase name="test01" classname="tp1.Tests" time="0.013"/>
  <testcase name="test02" classname="tp1.Tests" time="0.025"/>
  <testcase name="test03" classname="tp1.Tests" time="0.01"/>
  <testcase name="test04" classname="tp1.Tests" time="0.022">
    <error type="java.lang.StackOverflowError"><![CDATA[java.lang.StackOverflowError
	at tp1.logic.GameObjectContainer.isSolid(GameObjectContainer.java:88)
	at tp1.logic.Game.isSolid(Game.java:155)
	at tp1.logic.gameobjects.GameObject.solidBelow(GameObject.java:69)
	at tp1.logic.gameobjects.Mario.toTheFloor(Mario.java:69)
	at tp1.logic.gameobjects.Mario.toTheFloor(Mario.java:71)
	at tp1.logic.gameobjects.Mario.toTheFloor(Mario.java:71)
	at tp1.logic.gameobjects.Mario.toTheFloor(Mario.java:71)
	at tp1.logic.gameobjects.Mario.toTheFloor(Mario.java:71)
	at tp1.logic.gameobjects.Mario.toTheFloor(Mario.java:71)
	at tp1.logic.gameobjects.Mario.toTheFloor(Mario.java:71)
	at tp1.logic.gameobjects.Mario.toTheFloor(Mario.java:71)
	at tp1.logic.gameobjects.Mario.toTheFloor(Mario.java:71)
	at tp1.logic.gameobjects.Mario.toTheFloor(Mario.java:71)
	at tp1.logic.gameobjects.Mario.toTheFloor(Mario.java:71)
	at tp1.logic.gameobjects.Mario.toTheFloor(Mario.java:71)
	at tp1.logic.gameobjects.Mario.toTheFloor(Mario.java:71)
	at tp1.logic.gameobjects.Mario.toTheFloor(Mario.java:71)
	at tp1.logic.gameobjects.Mario.toTheFloor(Mario.java:71)
	at tp1.logic.gameobjects.Mario.toTheFloor(Mario.java:71)
	at tp1.logic.gameobjects.Mario.toTheFloor(Mario.java:71)
	at tp1.logic.gameobjects.Mario.toTheFloor(Mario.java:71)
	at tp1.logic.gameobjects.Mario.toTheFloor(Mario.java:71)
	at tp1.logic.gameobjects.Mario.toTheFloor(Mario.java:71)
	at tp1.logic.gameobjects.Mario.toTheFloor(Mario.java:71)
	at tp1.logic.gameobjects.Mario.toTheFloor(Mario.java:71)
	at tp1.logic.gameobjects.Mario.toTheFloor(Mario.java:71)
	at tp1.logic.gameobjects.Mario.toTheFloor(Mario.java:71)
	at tp1.logic.gameobjects.Mario.toTheFloor(Mario.java:71)
	at tp1.logic.gameobjects.Mario.toTheFloor(Mario.java:71)
	at tp1.logic.gameobjects.Mario.toTheFloor(Mario.java:71)
	at tp1.logic.gameobjects.Mario.toTheFloor(Mario.java:71)
	at tp1.logic.gameobjects.Mario.toTheFloor(Mario.java:71)
	at tp1.logic.gameobjects.Mario.toTheFloor(Mario.java:71)
	at tp1.logic.gameobjects.Mario.toTheFloor(Mario.java:71)
	at tp1.logic.gameobjects.Mario.toTheFloor(Mario.java:71)
	at tp1.logic.gameobjects.Mario.toTheFloor(Mario.java:71)
	at tp1.logic.gameobjects.Mario.toTheFloor(Mario.java:71)
	at tp1.logic.gameobjects.Mario.toTheFloor(Mario.java:71)
	at tp1.logic.gameobjects.Mario.toTheFloor(Mario.java:71)
	at tp1.logic.gameobjects.Mario.toTheFloor(Mario.java:71)
	at tp1.logic.gameobjects.Mario.toTheFloor(Mario.java:71)
	at tp1.logic.gameobjects.Mario.toTheFloor(Mario.java:71)
	at tp1.logic.gameobjects.Mario.toTheFloor(Mario.java:71)
	at tp1.logic.gameobjects.Mario.toTheFloor(Mario.java:71)
	at tp1.logic.gameobjects.Mario.toTheFloor(Mario.java:71)
	at tp1.logic.gameobjects.Mario.toTheFloor(Mario.java:71)
	at tp1.logic.gameobjects.Mario.toTheFloor(Mario.java:71)
	at tp1.logic.gameobjects.Mario.toTheFloor(Mario.java:71)
	at tp1.logic.gameobjects.Mario.toTheFloor(Mario.java:71)
	at tp1.logic.gameobjects.Mario.toTheFloor(Mario.java:71)
	at tp1.logic.gameobjects.Mario.toTheFloor(Mario.java:71)
	at tp1.logic.gameobjects.Mario.toTheFloor(Mario.java:71)
	at tp1.logic.gameobjects.Mario.toTheFloor(Mario.java:71)
	at tp1.logic.gameobjects.Mario.toTheFloor(Mario.java:71)
	at tp1.logic.gameobjects.Mario.toTheFloor(Mario.java:71)
	at tp1.logic.gameobjects.Mario.toTheFloor(Mario.java:71)
	at tp1.logic.gameobjects.Mario.toTheFloor(Mario.java:71)
	at tp1.logic.gameobjects.Mario.toTheFloor(Mario.java:71)
	at tp1.logic.gameobjects.Mario.toTheFloor(Mario.java:71)
	at tp1.logic.gameobjects.Mario.toTheFloor(Mario.java:71)
	at tp1.logic.gameobjects.Mario.toTheFloor(Mario.java:71)
	at tp1.logic.gameobjects.Mario.toTheFloor(Mario.java:71)
	at tp1.logic.gameobjects.Mario.toTheFloor(Mario.java:71)
	at tp1.logic.gameobjects.Mario.toTheFloor(Mario.java:71)
	at tp1.logic.gameobjects.Mario.toTheFloor(Mario.java:71)
	at tp1.logic.gameobjects.Mario.toTheFloor(Mario.java:71)
	at tp1.logic.gameobjects.Mario.toTheFloor(Mario.java:71)
	at tp1.logic.gameobjects.Mario.toTheFloor(Mario.java:71)
	at tp1.logic.gameobjects.Mario.toTheFloor(Mario.java:71)
	at tp1.logic.gameobjects.Mario.toTheFloor(Mario.java:71)
	at tp1.logic.gameobjects.Mario.toTheFloor(Mario.java:71)
	at tp1.logic.gameobjects.Mario.toTheFloor(Mario.java:71)
	at tp1.logic.gameobjects.Mario.toTheFloor(Mario.java:71)
	at tp1.logic.gameobjects.Mario.toTheFloor(Mario.java:71)
	at tp1.logic.gameobjects.Mario.toTheFloor(Mario.java:71)
	at tp1.logic.gameobjects.Mario.toTheFloor(Mario.java:71)
	at tp1.logic.gameobjects.Mario.toTheFloor(Mario.java:71)
	at tp1.logic.gameobjects.Mario.toTheFloor(Mario.java:71)
	at tp1.logic.gameobjects.Mario.toTheFloor(Mario.java:71)
	at tp1.logic.gameobjects.Mario.toTheFloor(Mario.java:71)
	at tp1.logic.gameobjects.Mario.toTheFloor(Mario.java:71)
	at tp1.logic.gameobjects.Mario.toTheFloor(Mario.java:71)
	at tp1.logic.gameobjects.Mario.toTheFloor(Mario.java:71)
	at tp1.logic.gameobjects.Mario.toTheFloor(Mario.java:71)
	at tp1.logic.gameobjects.Mario.toTheFloor(Mario.java:71)
	at tp1.logic.gameobjects.Mario.toTheFloor(Mario.java:71)
	at tp1.logic.gameobjects.Mario.toTheFloor(Mario.java:71)
	at tp1.logic.gameobjects.Mario.toTheFloor(Mario.java:71)
	at tp1.logic.gameobjects.Mario.toTheFloor(Mario.java:71)
	at tp1.logic.gameobjects.Mario.toTheFloor(Mario.java:71)
	at tp1.logic.gameobjects.Mario.toTheFloor(Mario.java:71)
	at tp1.logic.gameobjects.Mario.toTheFloor(Mario.java:71)
	at tp1.logic.gameobjects.Mario.toTheFloor(Mario.java:71)
	at tp1.logic.gameobjects.Mario.toTheFloor(Mario.java:71)
	at tp1.logic.gameobjects.Mario.toTheFloor(Mario.java:71)
	at tp1.logic.gameobjects.Mario.toTheFloor(Mario.java:71)
	at tp1.logic.gameobjects.Mario.toTheFloor(Mario.java:71)
	at tp1.logic.gameobjects.Mario.toTheFloor(Mario.java:71)
	at tp1.logic.gameobjects.Mario.toTheFloor(Mario.java:71)
	at tp1.logic.gameobjects.Mario.toTheFloor(Mario.java:71)
	at tp1.logic.gameobjects.Mario.toTheFloor(Mario.java:71)
	at tp1.logic.gameobjects.Mario.toTheFloor(Mario.java:71)
	at tp1.logic.gameobjects.Mario.toTheFloor(Mario.java:71)
	at tp1.logic.gameobjects.Mario.toTheFloor(Mario.java:71)
	at tp1.logic.gameobjects.Mario.toTheFloor(Mario.java:71)
	at tp1.logic.gameobjects.Mario.toTheFloor(Mario.java:71)
	at tp1.logic.gameobjects.Mario.toTheFloor(Mario.java:71)
	at tp1.logic.gameobjects.Mario.toTheFloor(Mario.java:71)
	at tp1.logic.gameobjects.Mario.toTheFloor(Mario.java:71)
	at tp1.logic.gameobjects.Mario.toTheFloor(Mario.java:71)
	at tp1.logic.gameobjects.Mario.toTheFloor(Mario.java:71)
	at tp1.logic.gameobjects.Mario.toTheFloor(Mario.java:71)
	at tp1.logic.gameobjects.Mario.toTheFloor(Mario.java:71)
	at tp1.logic.gameobjects.Mario.toTheFloor(Mario.java:71)
	at tp1.logic.gameobjects.Mario.toTheFloor(Mario.java:71)
	at tp1.logic.gameobjects.Mario.toTheFloor(Mario.java:71)
	at tp1.logic.gameobjects.Mario.toTheFloor(Mario.java:71)
	at tp1.logic.gameobjects.Mario.toTheFloor(Mario.java:71)
	at tp1.logic.gameobjects.Mario.toTheFloor(Mario.java:71)
	at tp1.logic.gameobjects.Mario.toTheFloor(Mario.java:71)
	at tp1.logic.gameobjects.Mario.toTheFloor(Mario.java:71)
	at tp1.logic.gameobjects.Mario.toTheFloor(Mario.java:71)
	at tp1.logic.gameobjects.Mario.toTheFloor(Mario.java:71)
	at tp1.logic.gameobjects.Mario.toTheFloor(Mario.java:71)
	at tp1.logic.gameobjects.Mario.toTheFloor(Mario.java:71)
	at tp1.logic.gameobjects.Mario.toTheFloor(Mario.java:71)
	at tp1.logic.gameobjects.Mario.toTheFloor(Mario.java:71)
	at tp1.logic.gameobjects.Mario.toTheFloor(Mario.java:71)
	at tp1.logic.gameobjects.Mario.toTheFloor(Mario.java:71)
	at tp1.logic.gameobjects.Mario.toTheFloor(Mario.java:71)
	at tp1.logic.gameobjects.Mario.toTheFloor(Mario.java:71)
	at tp1.logic.gameobjects.Mario.toTheFloor(Mario.java:71)
	at tp1.logic.gameobjects.Mario.toTheFloor(Mario.java:71)
	at tp1.logic.gameobjects.Mario.toTheFloor(Mario.java:71)
	at tp1.logic.gameobjects.Mario.toTheFloor(Mario.java:71)
	at tp1.logic.gameobjects.Mario.toTheFloor(Mario.java:71)
	at tp1.logic.gameobjects.Mario.toTheFloor(Mario.java:71)
	at tp1.logic.gameobjects.Mario.toTheFloor(Mario.java:71)
	at tp1.logic.gameobjects.Mario.toTheFloor(Mario.java:71)
	at tp1.logic.gameobjects.Mario.toTheFloor(Mario.java:71)
	at tp1.logic.gameobjects.Mario.toTheFloor(Mario.java:71)
	at tp1.logic.gameobjects.Mario.toTheFloor(Mario.java:71)
	at tp1.logic.gameobjects.Mario.toTheFloor(Mario.java:71)
	at tp1.logic.gameobjects.Mario.toTheFloor(Mario.java:71)
	at tp1.logic.gameobjects.Mario.toTheFloor(Mario.java:71)
	at tp1.logic.gameobjects.Mario.toTheFloor(Mario.java:71)
	at tp1.logic.gameobjects.Mario.toTheFloor(Mario.java:71)
	at tp1.logic.gameobjects.Mario.toTheFloor(Mario.java:71)
	at tp1.logic.gameobjects.Mario.toTheFloor(Mario.java:71)
	at tp1.logic.gameobjects.Mario.toTheFloor(Mario.java:71)
	at tp1.logic.gameobjects.Mario.toTheFloor(Mario.java:71)
	at tp1.logic.gameobjects.Mario.toTheFloor(Mario.java:71)
	at tp1.logic.gameobjects.Mario.toTheFloor(Mario.java:71)
	at tp1.logic.gameobjects.Mario.toTheFloor(Mario.java:71)
	at tp1.logic.gameobjects.Mario.toTheFloor(Mario.java:71)
	at tp1.logic.gameobjects.Mario.toTheFloor(Mario.java:71)
	at tp1.logic.gameobjects.Mario.toTheFloor(Mario.java:71)
	at tp1.logic.gameobjects.Mario.toTheFloor(Mario.java:71)
	at tp1.logic.gameobjects.Mario.toTheFloor(Mario.java:71)
	at tp1.logic.gameobjects.Mario.toTheFloor(Mario.java:71)
	at tp1.logic.gameobjects.Mario.toTheFloor(Mario.java:71)
	at tp1.logic.gameobjects.Mario.toTheFloor(Mario.java:71)
	at tp1.logic.gameobjects.Mario.toTheFloor(Mario.java:71)
	at tp1.logic.gameobjects.Mario.toTheFloor(Mario.java:71)
	at tp1.logic.gameobjects.Mario.toTheFloor(Mario.java:71)
	at tp1.logic.gameobjects.Mario.toTheFloor(Mario.java:71)
	at tp1.logic.gameobjects.Mario.toTheFloor(Mario.java:71)
	at tp1.logic.gameobjects.Mario.toTheFloor(Mario.java:71)
	at tp1.logic.gameobjects.Mario.toTheFloor(Mario.java:71)
	at tp1.logic.gameobjects.Mario.toTheFloor(Mario.java:71)
	at tp1.logic.gameobjects.Mario.toTheFloor(Mario.java:71)
	at tp1.logic.gameobjects.Mario.toTheFloor(Mario.java:71)
	at tp1.logic.gameobjects.Mario.toTheFloor(Mario.java:71)
	at tp1.logic.gameobjects.Mario.toTheFloor(Mario.java:71)
	at tp1.logic.gameobjects.Mario.toTheFloor(Mario.java:71)
	at tp1.logic.gameobjects.Mario.toTheFloor(Mario.java:71)
	at tp1.logic.gameobjects.Mario.toTheFloor(Mario.java:71)
	at tp1.logic.gameobjects.Mario.toTheFloor(Mario.java:71)
	at tp1.logic.gameobjects.Mario.toTheFloor(Mario.java:71)
	at tp1.logic.gameobjects.Mario.toTheFloor(Mario.java:71)
	at tp1.logic.gameobjects.Mario.toTheFloor(Mario.java:71)
	at tp1.logic.gameobjects.Mario.toTheFloor(Mario.java:71)
	at tp1.logic.gameobjects.Mario.toTheFloor(Mario.java:71)
	at tp1.logic.gameobjects.Mario.toTheFloor(Mario.java:71)
	at tp1.logic.gameobjects.Mario.toTheFloor(Mario.java:71)
	at tp1.logic.gameobjects.Mario.toTheFloor(Mario.java:71)
	at tp1.logic.gameobjects.Mario.toTheFloor(Mario.java:71)
	at tp1.logic.gameobjects.Mario.toTheFloor(Mario.java:71)
	at tp1.logic.gameobjects.Mario.toTheFloor(Mario.java:71)
	at tp1.logic.gameobjects.Mario.toTheFloor(Mario.java:71)
	at tp1.logic.gameobjects.Mario.toTheFloor(Mario.java:71)
	at tp1.logic.gameobjects.Mario.toTheFloor(Mario.java:71)
	at tp1.logic.gameobjects.Mario.toTheFloor(Mario.java:71)
	at tp1.logic.gameobjects.Mario.toTheFloor(Mario.java:71)
	at tp1.logic.gameobjects.Mario.toTheFloor(Mario.java:71)
	at tp1.logic.gameobjects.Mario.toTheFloor(Mario.java:71)
	at tp1.logic.gameobjects.Mario.toTheFloor(Mario.java:71)
	at tp1.logic.gameobjects.Mario.toTheFloor(Mario.java:71)
	at tp1.logic.gameobjects.Mario.toTheFloor(Mario.java:71)
	at tp1.logic.gameobjects.Mario.toTheFloor(Mario.java:71)
	at tp1.logic.gameobjects.Mario.toTheFloor(Mario.java:71)
	at tp1.logic.gameobjects.Mario.toTheFloor(Mario.java:71)
	at tp1.logic.gameobjects.Mario.toTheFloor(Mario.java:71)
	at tp1.logic.gameobjects.Mario.toTheFloor(Mario.java:71)
	at tp1.logic.gameobjects.Mario.toTheFloor(Mario.java:71)
	at tp1.logic.gameobjects.Mario.toTheFloor(Mario.java:71)
	at tp1.logic.gameobjects.Mario.toTheFloor(Mario.java:71)
	at tp1.logic.gameobjects.Mario.toTheFloor(Mario.java:71)
	at tp1.logic.gameobjects.Mario.toTheFloor(Mario.java:71)
	at tp1.logic.gameobjects.Mario.toTheFloor(Mario.java:71)
	at tp1.logic.gameobjects.Mario.toTheFloor(Mario.java:71)
	at tp1.logic.gameobjects.Mario.toTheFloor(Mario.java:71)
	at tp1.logic.gameobjects.Mario.toTheFloor(Mario.java:71)
	at tp1.logic.gameobjects.Mario.toTheFloor(Mario.java:71)
	at tp1.logic.gameobjects.Mario.toTheFloor(Mario.java:71)
	at tp1.logic.gameobjects.Mario.toTheFloor(Mario.java:71)
	at tp1.logic.gameobjects.Mario.toTheFloor(Mario.java:71)
	at tp1.logic.gameobjects.Mario.toTheFloor(Mario.java:71)
	at tp1.logic.gameobjects.Mario.toTheFloor(Mario.java:71)
	at tp1.logic.gameobjects.Mario.toTheFloor(Mario.java:71)
	at tp1.logic.gameobjects.Mario.toTheFloor(Mario.java:71)
	at tp1.logic.gameobjects.Mario.toTheFloor(Mario.java:71)
	at tp1.logic.gameobjects.Mario.toTheFloor(Mario.java:71)
	at tp1.logic.gameobjects.Mario.toTheFloor(Mario.java:71)
	at tp1.logic.gameobjects.Mario.toTheFloor(Mario.java:71)
	at tp1.logic.gameobjects.Mario.toTheFloor(Mario.java:71)
	at tp1.logic.gameobjects.Mario.toTheFloor(Mario.java:71)
	at tp1.logic.gameobjects.Mario.toTheFloor(Mario.java:71)
	at tp1.logic.gameobjects.Mario.toTheFloor(Mario.java:71)
	at tp1.logic.gameobjects.Mario.toTheFloor(Mario.java:71)
	at tp1.logic.gameobjects.Mario.toTheFloor(Mario.java:71)
	at tp1.logic.gameobjects.Mario.toTheFloor(Mario.java:71)
	at tp1.logic.gameobjects.Mario.toTheFloor(Mario.java:71)
	at tp1.logic.gameobjects.Mario.toTheFloor(Mario.java:71)
	at tp1.logic.gameobjects.Mario.toTheFloor(Mario.java:71)
	at tp1.logic.gameobjects.Mario.toTheFloor(Mario.java:71)
	at tp1.logic.gameobjects.Mario.toTheFloor(Mario.java:71)
	at tp1.logic.gameobjects.Mario.toTheFloor(Mario.java:71)
	at tp1.logic.gameobjects.Mario.toTheFloor(Mario.java:71)
	at tp1.logic.gameobjects.Mario.toTheFloor(Mario.java:71)
	at tp1.logic.gameobjects.Mario.toTheFloor(Mario.java:71)
	at tp1.logic.gameobjects.Mario.toTheFloor(Mario.java:71)
	at tp1.logic.gameobjects.Mario.toTheFloor(Mario.java:71)
	at tp1.logic.gameobjects.Mario.toTheFloor(Mario.java:71)
	at tp1.logic.gameobjects.Mario.toTheFloor(Mario.java:71)
	at tp1.logic.gameobjects.Mario.toTheFloor(Mario.java:71)
	at tp1.logic.gameobjects.Mario.toTheFloor(Mario.java:71)
	at tp1.logic.gameobjects.Mario.toTheFloor(Mario.java:71)
	at tp1.logic.gameobjects.Mario.toTheFloor(Mario.java:71)
	at tp1.logic.gameobjects.Mario.toTheFloor(Mario.java:71)
	at tp1.logic.gameobjects.Mario.toTheFloor(Mario.java:71)
	at tp1.logic.gameobjects.Mario.toTheFloor(Mario.java:71)
	at tp1.logic.gameobjects.Mario.toTheFloor(Mario.java:71)
	at tp1.logic.gameobjects.Mario.toTheFloor(Mario.java:71)
	at tp1.logic.gameobjects.Mario.toTheFloor(Mario.java:71)
	at tp1.logic.gameobjects.Mario.toTheFloor(Mario.java:71)
	at tp1.logic.gameobjects.Mario.toTheFloor(Mario.java:71)
	at tp1.logic.gameobjects.Mario.toTheFloor(Mario.java:71)
	at tp1.logic.gameobjects.Mario.toTheFloor(Mario.java:71)
	at tp1.logic.gameobjects.Mario.toTheFloor(Mario.java:71)
	at tp1.logic.gameobjects.Mario.toTheFloor(Mario.java:71)
	at tp1.logic.gameobjects.Mario.toTheFloor(Mario.java:71)
	at tp1.logic.gameobjects.Mario.toTheFloor(Mario.java:71)
	at tp1.logic.gameobjects.Mario.toTheFloor(Mario.java:71)
	at tp1.logic.gameobjects.Mario.toTheFloor(Mario.java:71)
	at tp1.logic.gameobjects.Mario.toTheFloor(Mario.java:71)
	at tp1.logic.gameobjects.Mario.toTheFloor(Mario.java:71)
	at tp1.logic.gameobjects.Mario.toTheFloor(Mario.java:71)
	at tp1.logic.gameobjects.Mario.toTheFloor(Mario.java:71)
	at tp1.logic.gameobjects.Mario.toTheFloor(Mario.java:71)
	at tp1.logic.gameobjects.Mario.toTheFloor(Mario.java:71)
	at tp1.logic.gameobjects.Mario.toTheFloor(Mario.java:71)
	at tp1.logic.gameobjects.Mario.toTheFloor(Mario.java:71)
	at tp1.logic.gameobjects.Mario.toTheFloor(Mario.java:71)
	at tp1.logic.gameobjects.Mario.toTheFloor(Mario.java:71)
	at tp1.logic.gameobjects.Mario.toTheFloor(Mario.java:71)
	at tp1.logic.gameobjects.Mario.toTheFloor(Mario.java:71)
	at tp1.logic.gameobjects.Mario.toTheFloor(Mario.java:71)
	at tp1.logic.gameobjects.Mario.toTheFloor(Mario.java:71)
	at tp1.logic.gameobjects.Mario.toTheFloor(Mario.java:71)
	at tp1.logic.gameobjects.Mario.toTheFloor(Mario.java:71)
	at tp1.logic.gameobjects.Mario.toTheFloor(Mario.java:71)
	at tp1.logic.gameobjects.Mario.toTheFloor(Mario.java:71)
	at tp1.logic.gameobjects.Mario.toTheFloor(Mario.java:71)
	at tp1.logic.gameobjects.Mario.toTheFloor(Mario.java:71)
	at tp1.logic.gameobjects.Mario.toTheFloor(Mario.java:71)
	at tp1.logic.gameobjects.Mario.toTheFloor(Mario.java:71)
	at tp1.logic.gameobjects.Mario.toTheFloor(Mario.java:71)
	at tp1.logic.gameobjects.Mario.toTheFloor(Mario.java:71)
	at tp1.logic.gameobjects.Mario.toTheFloor(Mario.java:71)
	at tp1.logic.gameobjects.Mario.toTheFloor(Mario.java:71)
	at tp1.logic.gameobjects.Mario.toTheFloor(Mario.java:71)
	at tp1.logic.gameobjects.Mario.toTheFloor(Mario.java:71)
	at tp1.logic.gameobjects.Mario.toTheFloor(Mario.java:71)
	at tp1.logic.gameobjects.Mario.toTheFloor(Mario.java:71)
	at tp1.logic.gameobjects.Mario.toTheFloor(Mario.java:71)
	at tp1.logic.gameobjects.Mario.toTheFloor(Mario.java:71)
	at tp1.logic.gameobjects.Mario.toTheFloor(Mario.java:71)
	at tp1.logic.gameobjects.Mario.toTheFloor(Mario.java:71)
	at tp1.logic.gameobjects.Mario.toTheFloor(Mario.java:71)
	at tp1.logic.gameobjects.Mario.toTheFloor(Mario.java:71)
	at tp1.logic.gameobjects.Mario.toTheFloor(Mario.java:71)
	at tp1.logic.gameobjects.Mario.toTheFloor(Mario.java:71)
	at tp1.logic.gameobjects.Mario.toTheFloor(Mario.java:71)
	at tp1.logic.gameobjects.Mario.toTheFloor(Mario.java:71)
	at tp1.logic.gameobjects.Mario.toTheFloor(Mario.java:71)
	at tp1.logic.gameobjects.Mario.toTheFloor(Mario.java:71)
	at tp1.logic.gameobjects.Mario.toTheFloor(Mario.java:71)
	at tp1.logic.gameobjects.Mario.toTheFloor(Mario.java:71)
	at tp1.logic.gameobjects.Mario.toTheFloor(Mario.java:71)
	at tp1.logic.gameobjects.Mario.toTheFloor(Mario.java:71)
	at tp1.logic.gameobjects.Mario.toTheFloor(Mario.java:71)
	at tp1.logic.gameobjects.Mario.toTheFloor(Mario.java:71)
	at tp1.logic.gameobjects.Mario.toTheFloor(Mario.java:71)
	at tp1.logic.gameobjects.Mario.toTheFloor(Mario.java:71)
	at tp1.logic.gameobjects.Mario.toTheFloor(Mario.java:71)
	at tp1.logic.gameobjects.Mario.toTheFloor(Mario.java:71)
	at tp1.logic.gameobjects.Mario.toTheFloor(Mario.java:71)
	at tp1.logic.gameobjects.Mario.toTheFloor(Mario.java:71)
	at tp1.logic.gameobjects.Mario.toTheFloor(Mario.java:71)
	at tp1.logic.gameobjects.Mario.toTheFloor(Mario.java:71)
	at tp1.logic.gameobjects.Mario.toTheFloor(Mario.java:71)
	at tp1.logic.gameobjects.Mario.toTheFloor(Mario.java:71)
	at tp1.logic.gameobjects.Mario.toTheFloor(Mario.java:71)
	at tp1.logic.gameobjects.Mario.toTheFloor(Mario.java:71)
	at tp1.logic.gameobjects.Mario.toTheFloor(Mario.java:71)
	at tp1.logic.gameobjects.Mario.toTheFloor(Mario.java:71)
	at tp1.logic.gameobjects.Mario.toTheFloor(Mario.java:71)
	at tp1.logic.gameobjects.Mario.toTheFloor(Mario.java:71)
	at tp1.logic.gameobjects.Mario.toTheFloor(Mario.java:71)
	at tp1.logic.gameobjects.Mario.toTheFloor(Mario.java:71)
	at tp1.logic.gameobjects.Mario.toTheFloor(Mario.java:71)
	at tp1.logic.gameobjects.Mario.toTheFloor(Mario.java:71)
	at tp1.logic.gameobjects.Mario.toTheFloor(Mario.java:71)
	at tp1.logic.gameobjects.Mario.toTheFloor(Mario.java:71)
	at tp1.logic.gameobjects.Mario.toTheFloor(Mario.java:71)
	at tp1.logic.gameobjects.Mario.toTheFloor(Mario.java:71)
	at tp1.logic.gameobjects.Mario.toTheFloor(Mario.java:71)
	at tp1.logic.gameobjects.Mario.toTheFloor(Mario.java:71)
	at tp1.logic.gameobjects.Mario.toTheFloor(Mario.java:71)
	at tp1.logic.gameobjects.Mario.toTheFloor(Mario.java:71)
	at tp1.logic.gameobjects.Mario.toTheFloor(Mario.java:71)
	at tp1.logic.gameobjects.Mario.toTheFloor(Mario.java:71)
	at tp1.logic.gameobjects.Mario.toTheFloor(Mario.java:71)
	at tp1.logic.gameobjects.Mario.toTheFloor(Mario.java:71)
	at tp1.logic.gameobjects.Mario.toTheFloor(Mario.java:71)
	at tp1.logic.gameobjects.Mario.toTheFloor(Mario.java:71)
	at tp1.logic.gameobjects.Mario.toTheFloor(Mario.java:71)
	at tp1.logic.gameobjects.Mario.toTheFloor(Mario.java:71)
	at tp1.logic.gameobjects.Mario.toTheFloor(Mario.java:71)
	at tp1.logic.gameobjects.Mario.toTheFloor(Mario.java:71)
	at tp1.logic.gameobjects.Mario.toTheFloor(Mario.java:71)
	at tp1.logic.gameobjects.Mario.toTheFloor(Mario.java:71)
	at tp1.logic.gameobjects.Mario.toTheFloor(Mario.java:71)
	at tp1.logic.gameobjects.Mario.toTheFloor(Mario.java:71)
	at tp1.logic.gameobjects.Mario.toTheFloor(Mario.java:71)
	at tp1.logic.gameobjects.Mario.toTheFloor(Mario.java:71)
	at tp1.logic.gameobjects.Mario.toTheFloor(Mario.java:71)
	at tp1.logic.gameobjects.Mario.toTheFloor(Mario.java:71)
	at tp1.logic.gameobjects.Mario.toTheFloor(Mario.java:71)
	at tp1.logic.gameobjects.Mario.toTheFloor(Mario.java:71)
	at tp1.logic.gameobjects.Mario.toTheFloor(Mario.java:71)
	at tp1.logic.gameobjects.Mario.toTheFloor(Mario.java:71)
	at tp1.logic.gameobjects.Mario.toTheFloor(Mario.java:71)
	at tp1.logic.gameobjects.Mario.toTheFloor(Mario.java:71)
	at tp1.logic.gameobjects.Mario.toTheFloor(Mario.java:71)
	at tp1.logic.gameobjects.Mario.toTheFloor(Mario.java:71)
	at tp1.logic.gameobjects.Mario.toTheFloor(Mario.java:71)
	at tp1.logic.gameobjects.Mario.toTheFloor(Mario.java:71)
	at tp1.logic.gameobjects.Mario.toTheFloor(Mario.java:71)
	at tp1.logic.gameobjects.Mario.toTheFloor(Mario.java:71)
	at tp1.logic.gameobjects.Mario.toTheFloor(Mario.java:71)
	at tp1.logic.gameobjects.Mario.toTheFloor(Mario.java:71)
	at tp1.logic.gameobjects.Mario.toTheFloor(Mario.java:71)
	at tp1.logic.gameobjects.Mario.toTheFloor(Mario.java:71)
	at tp1.logic.gameobjects.Mario.toTheFloor(Mario.java:71)
	at tp1.logic.gameobjects.Mario.toTheFloor(Mario.java:71)
	at tp1.logic.gameobjects.Mario.toTheFloor(Mario.java:71)
	at tp1.logic.gameobjects.Mario.toTheFloor(Mario.java:71)
	at tp1.logic.gameobjects.Mario.toTheFloor(Mario.java:71)
	at tp1.logic.gameobjects.Mario.toTheFloor(Mario.java:71)
	at tp1.logic.gameobjects.Mario.toTheFloor(Mario.java:71)
	at tp1.logic.gameobjects.Mario.toTheFloor(Mario.java:71)
	at tp1.logic.gameobjects.Mario.toTheFloor(Mario.java:71)
	at tp1.logic.gameobjects.Mario.toTheFloor(Mario.java:71)
	at tp1.logic.gameobjects.Mario.toTheFloor(Mario.java:71)
	at tp1.logic.gameobjects.Mario.toTheFloor(Mario.java:71)
	at tp1.logic.gameobjects.Mario.toTheFloor(Mario.java:71)
	at tp1.logic.gameobjects.Mario.toTheFloor(Mario.java:71)
	at tp1.logic.gameobjects.Mario.toTheFloor(Mario.java:71)
	at tp1.logic.gameobjects.Mario.toTheFloor(Mario.java:71)
	at tp1.logic.gameobjects.Mario.toTheFloor(Mario.java:71)
	at tp1.logic.gameobjects.Mario.toTheFloor(Mario.java:71)
	at tp1.logic.gameobjects.Mario.toTheFloor(Mario.java:71)
	at tp1.logic.gameobjects.Mario.toTheFloor(Mario.java:71)
	at tp1.logic.gameobjects.Mario.toTheFloor(Mario.java:71)
	at tp1.logic.gameobjects.Mario.toTheFloor(Mario.java:71)
	at tp1.logic.gameobjects.Mario.toTheFloor(Mario.java:71)
	at tp1.logic.gameobjects.Mario.toTheFloor(Mario.java:71)
	at tp1.logic.gameobjects.Mario.toTheFloor(Mario.java:71)
	at tp1.logic.gameobjects.Mario.toTheFloor(Mario.java:71)
	at tp1.logic.gameobjects.Mario.toTheFloor(Mario.java:71)
	at tp1.logic.gameobjects.Mario.toTheFloor(Mario.java:71)
	at tp1.logic.gameobjects.Mario.toTheFloor(Mario.java:71)
	at tp1.logic.gameobjects.Mario.toTheFloor(Mario.java:71)
	at tp1.logic.gameobjects.Mario.toTheFloor(Mario.java:71)
	at tp1.logic.gameobjects.Mario.toTheFloor(Mario.java:71)
	at tp1.logic.gameobjects.Mario.toTheFloor(Mario.java:71)
	at tp1.logic.gameobjects.Mario.toTheFloor(Mario.java:71)
	at tp1.logic.gameobjects.Mario.toTheFloor(Mario.java:71)
	at tp1.logic.gameobjects.Mario.toTheFloor(Mario.java:71)
	at tp1.logic.gameobjects.Mario.toTheFloor(Mario.java:71)
	at tp1.logic.gameobjects.Mario.toTheFloor(Mario.java:71)
	at tp1.logic.gameobjects.Mario.toTheFloor(Mario.java:71)
	at tp1.logic.gameobjects.Mario.toTheFloor(Mario.java:71)
	at tp1.logic.gameobjects.Mario.toTheFloor(Mario.java:71)
	at tp1.logic.gameobjects.Mario.toTheFloor(Mario.java:71)
	at tp1.logic.gameobjects.Mario.toTheFloor(Mario.java:71)
	at tp1.logic.gameobjects.Mario.toTheFloor(Mario.java:71)
	at tp1.logic.gameobjects.Mario.toTheFloor(Mario.java:71)
	at tp1.logic.gameobjects.Mario.toTheFloor(Mario.java:71)
	at tp1.logic.gameobjects.Mario.toTheFloor(Mario.java:71)
	at tp1.logic.gameobjects.Mario.toTheFloor(Mario.java:71)
	at tp1.logic.gameobjects.Mario.toTheFloor(Mario.java:71)
	at tp1.logic.gameobjects.Mario.toTheFloor(Mario.java:71)
	at tp1.logic.gameobjects.Mario.toTheFloor(Mario.java:71)
	at tp1.logic.gameobjects.Mario.toTheFloor(Mario.java:71)
	at tp1.logic.gameobjects.Mario.toTheFloor(Mario.java:71)
	at tp1.logic.gameobjects.Mario.toTheFloor(Mario.java:71)
	at tp1.logic.gameobjects.Mario.toTheFloor(Mario.java:71)
	at tp1.logic.gameobjects.Mario.toTheFloor(Mario.java:71)
	at tp1.logic.gameobjects.Mario.toTheFloor(Mario.java:71)
	at tp1.logic.gameobjects.Mario.toTheFloor(Mario.java:71)
	at tp1.logic.gameobjects.Mario.toTheFloor(Mario.java:71)
	at tp1.logic.gameobjects.Mario.toTheFloor(Mario.java:71)
	at tp1.logic.gameobjects.Mario.toTheFloor(Mario.java:71)
	at tp1.logic.gameobjects.Mario.toTheFloor(Mario.java:71)
	at tp1.logic.gameobjects.Mario.toTheFloor(Mario.java:71)
	at tp1.logic.gameobjects.Mario.toTheFloor(Mario.java:71)
	at tp1.logic.gameobjects.Mario.toTheFloor(Mario.java:71)
	at tp1.logic.gameobjects.Mario.toTheFloor(Mario.java:71)
	at tp1.logic.gameobjects.Mario.toTheFloor(Mario.java:71)
	at tp1.logic.gameobjects.Mario.toTheFloor(Mario.java:71)
	at tp1.logic.gameobjects.Mario.toTheFloor(Mario.java:71)
	at tp1.logic.gameobjects.Mario.toTheFloor(Mario.java:71)
	at tp1.logic.gameobjects.Mario.toTheFloor(Mario.java:71)
	at tp1.logic.gameobjects.Mario.toTheFloor(Mario.java:71)
	at tp1.logic.gameobjects.Mario.toTheFloor(Mario.java:71)
	at tp1.logic.gameobjects.Mario.toTheFloor(Mario.java:71)
	at tp1.logic.gameobjects.Mario.toTheFloor(Mario.java:71)
	at tp1.logic.gameobjects.Mario.toTheFloor(Mario.java:71)
	at tp1.logic.gameobjects.Mario.toTheFloor(Mario.java:71)
	at tp1.logic.gameobjects.Mario.toTheFloor(Mario.java:71)
	at tp1.logic.gameobjects.Mario.toTheFloor(Mario.java:71)
	at tp1.logic.gameobjects.Mario.toTheFloor(Mario.java:71)
	at tp1.logic.gameobjects.Mario.toTheFloor(Mario.java:71)
	at tp1.logic.gameobjects.Mario.toTheFloor(Mario.java:71)
	at tp1.logic.gameobjects.Mario.toTheFloor(Mario.java:71)
	at tp1.logic.gameobjects.Mario.toTheFloor(Mario.java:71)
	at tp1.logic.gameobjects.Mario.toTheFloor(Mario.java:71)
	at tp1.logic.gameobjects.Mario.toTheFloor(Mario.java:71)
	at tp1.logic.gameobjects.Mario.toTheFloor(Mario.java:71)
	at tp1.logic.gameobjects.Mario.toTheFloor(Mario.java:71)
	at tp1.logic.gameobjects.Mario.toTheFloor(Mario.java:71)
	at tp1.logic.gameobjects.Mario.toTheFloor(Mario.java:71)
	at tp1.logic.gameobjects.Mario.toTheFloor(Mario.java:71)
	at tp1.logic.gameobjects.Mario.toTheFloor(Mario.java:71)
	at tp1.logic.gameobjects.Mario.toTheFloor(Mario.java:71)
	at tp1.logic.gameobjects.Mario.toTheFloor(Mario.java:71)
	at tp1.logic.gameobjects.Mario.toTheFloor(Mario.java:71)
	at tp1.logic.gameobjects.Mario.toTheFloor(Mario.java:71)
	at tp1.logic.gameobjects.Mario.toTheFloor(Mario.java:71)
	at tp1.logic.gameobjects.Mario.toTheFloor(Mario.java:71)
	at tp1.logic.gameobjects.Mario.toTheFloor(Mario.java:71)
	at tp1.logic.gameobjects.Mario.toTheFloor(Mario.java:71)
	at tp1.logic.gameobjects.Mario.toTheFloor(Mario.java:71)
	at tp1.logic.gameobjects.Mario.toTheFloor(Mario.java:71)
	at tp1.logic.gameobjects.Mario.toTheFloor(Mario.java:71)
	at tp1.logic.gameobjects.Mario.toTheFloor(Mario.java:71)
	at tp1.logic.gameobjects.Mario.toTheFloor(Mario.java:71)
	at tp1.logic.gameobjects.Mario.toTheFloor(Mario.java:71)
	at tp1.logic.gameobjects.Mario.toTheFloor(Mario.java:71)
	at tp1.logic.gameobjects.Mario.toTheFloor(Mario.java:71)
	at tp1.logic.gameobjects.Mario.toTheFloor(Mario.java:71)
	at tp1.logic.gameobjects.Mario.toTheFloor(Mario.java:71)
	at tp1.logic.gameobjects.Mario.toTheFloor(Mario.java:71)
	at tp1.logic.gameobjects.Mario.toTheFloor(Mario.java:71)
	at tp1.logic.gameobjects.Mario.toTheFloor(Mario.java:71)
	at tp1.logic.gameobjects.Mario.toTheFloor(Mario.java:71)
	at tp1.logic.gameobjects.Mario.toTheFloor(Mario.java:71)
	at tp1.logic.gameobjects.Mario.toTheFloor(Mario.java:71)
	at tp1.logic.gameobjects.Mario.toTheFloor(Mario.java:71)
	at tp1.logic.gameobjects.Mario.toTheFloor(Mario.java:71)
	at tp1.logic.gameobjects.Mario.toTheFloor(Mario.java:71)
	at tp1.logic.gameobjects.Mario.toTheFloor(Mario.java:71)
	at tp1.logic.gameobjects.Mario.toTheFloor(Mario.java:71)
	at tp1.logic.gameobjects.Mario.toTheFloor(Mario.java:71)
	at tp1.logic.gameobjects.Mario.toTheFloor(Mario.java:71)
	at tp1.logic.gameobjects.Mario.toTheFloor(Mario.java:71)
	at tp1.logic.gameobjects.Mario.toTheFloor(Mario.java:71)
	at tp1.logic.gameobjects.Mario.toTheFloor(Mario.java:71)
	at tp1.logic.gameobjects.Mario.toTheFloor(Mario.java:71)
	at tp1.logic.gameobjects.Mario.toTheFloor(Mario.java:71)
	at tp1.logic.gameobjects.Mario.toTheFloor(Mario.java:71)
	at tp1.logic.gameobjects.Mario.toTheFloor(Mario.java:71)
	at tp1.logic.gameobjects.Mario.toTheFloor(Mario.java:71)
	at tp1.logic.gameobjects.Mario.toTheFloor(Mario.java:71)
	at tp1.logic.gameobjects.Mario.toTheFloor(Mario.java:71)
	at tp1.logic.gameobjects.Mario.toTheFloor(Mario.java:71)
	at tp1.logic.gameobjects.Mario.toTheFloor(Mario.java:71)
	at tp1.logic.gameobjects.Mario.toTheFloor(Mario.java:71)
	at tp1.logic.gameobjects.Mario.toTheFloor(Mario.java:71)
	at tp1.logic.gameobjects.Mario.toTheFloor(Mario.java:71)
	at tp1.logic.gameobjects.Mario.toTheFloor(Mario.java:71)
	at tp1.logic.gameobjects.Mario.toTheFloor(Mario.java:71)
	at tp1.logic.gameobjects.Mario.toTheFloor(Mario.java:71)
	at tp1.logic.gameobjects.Mario.toTheFloor(Mario.java:71)
	at tp1.logic.gameobjects.Mario.toTheFloor(Mario.java:71)
	at tp1.logic.gameobjects.Mario.toTheFloor(Mario.java:71)
	at tp1.logic.gameobjects.Mario.toTheFloor(Mario.java:71)
	at tp1.logic.gameobjects.Mario.toTheFloor(Mario.java:71)
	at tp1.logic.gameobjects.Mario.toTheFloor(Mario.java:71)
	at tp1.logic.gameobjects.Mario.toTheFloor(Mario.java:71)
	at tp1.logic.gameobjects.Mario.toTheFloor(Mario.java:71)
	at tp1.logic.gameobjects.Mario.toTheFloor(Mario.java:71)
	at tp1.logic.gameobjects.Mario.toTheFloor(Mario.java:71)
	at tp1.logic.gameobjects.Mario.toTheFloor(Mario.java:71)
	at tp1.logic.gameobjects.Mario.toTheFloor(Mario.java:71)
	at tp1.logic.gameobjects.Mario.toTheFloor(Mario.java:71)
	at tp1.logic.gameobjects.Mario.toTheFloor(Mario.java:71)
	at tp1.logic.gameobjects.Mario.toTheFloor(Mario.java:71)
	at tp1.logic.gameobjects.Mario.toTheFloor(Mario.java:71)
	at tp1.logic.gameobjects.Mario.toTheFloor(Mario.java:71)
	at tp1.logic.gameobjects.Mario.toTheFloor(Mario.java:71)
	at tp1.logic.gameobjects.Mario.toTheFloor(Mario.java:71)
	at tp1.logic.gameobjects.Mario.toTheFloor(Mario.java:71)
	at tp1.logic.gameobjects.Mario.toTheFloor(Mario.java:71)
	at tp1.logic.gameobjects.Mario.toTheFloor(Mario.java:71)
	at tp1.logic.gameobjects.Mario.toTheFloor(Mario.java:71)
	at tp1.logic.gameobjects.Mario.toTheFloor(Mario.java:71)
	at tp1.logic.gameobjects.Mario.toTheFloor(Mario.java:71)
	at tp1.logic.gameobjects.Mario.toTheFloor(Mario.java:71)
	at tp1.logic.gameobjects.Mario.toTheFloor(Mario.java:71)
	at tp1.logic.gameobjects.Mario.toTheFloor(Mario.java:71)
	at tp1.logic.gameobjects.Mario.toTheFloor(Mario.java:71)
	at tp1.logic.gameobjects.Mario.toTheFloor(Mario.java:71)
	at tp1.logic.gameobjects.Mario.toTheFloor(Mario.java:71)
	at tp1.logic.gameobjects.Mario.toTheFloor(Mario.java:71)
	at tp1.logic.gameobjects.Mario.toTheFloor(Mario.java:71)
	at tp1.logic.gameobjects.Mario.toTheFloor(Mario.java:71)
	at tp1.logic.gameobjects.Mario.toTheFloor(Mario.java:71)
	at tp1.logic.gameobjects.Mario.toTheFloor(Mario.java:71)
	at tp1.logic.gameobjects.Mario.toTheFloor(Mario.java:71)
	at tp1.logic.gameobjects.Mario.toTheFloor(Mario.java:71)
	at tp1.logic.gameobjects.Mario.toTheFloor(Mario.java:71)
	at tp1.logic.gameobjects.Mario.toTheFloor(Mario.java:71)
	at tp1.logic.gameobjects.Mario.toTheFloor(Mario.java:71)
	at tp1.logic.gameobjects.Mario.toTheFloor(Mario.java:71)
	at tp1.logic.gameobjects.Mario.toTheFloor(Mario.java:71)
	at tp1.logic.gameobjects.Mario.toTheFloor(Mario.java:71)
	at tp1.logic.gameobjects.Mario.toTheFloor(Mario.java:71)
	at tp1.logic.gameobjects.Mario.toTheFloor(Mario.java:71)
	at tp1.logic.gameobjects.Mario.toTheFloor(Mario.java:71)
	at tp1.logic.gameobjects.Mario.toTheFloor(Mario.java:71)
	at tp1.logic.gameobjects.Mario.toTheFloor(Mario.java:71)
	at tp1.logic.gameobjects.Mario.toTheFloor(Mario.java:71)
	at tp1.logic.gameobjects.Mario.toTheFloor(Mario.java:71)
	at tp1.logic.gameobjects.Mario.toTheFloor(Mario.java:71)
	at tp1.logic.gameobjects.Mario.toTheFloor(Mario.java:71)
	at tp1.logic.gameobjects.Mario.toTheFloor(Mario.java:71)
	at tp1.logic.gameobjects.Mario.toTheFloor(Mario.java:71)
	at tp1.logic.gameobjects.Mario.toTheFloor(Mario.java:71)
	at tp1.logic.gameobjects.Mario.toTheFloor(Mario.java:71)
	at tp1.logic.gameobjects.Mario.toTheFloor(Mario.java:71)
	at tp1.logic.gameobjects.Mario.toTheFloor(Mario.java:71)
	at tp1.logic.gameobjects.Mario.toTheFloor(Mario.java:71)
	at tp1.logic.gameobjects.Mario.toTheFloor(Mario.java:71)
	at tp1.logic.gameobjects.Mario.toTheFloor(Mario.java:71)
	at tp1.logic.gameobjects.Mario.toTheFloor(Mario.java:71)
	at tp1.logic.gameobjects.Mario.toTheFloor(Mario.java:71)
	at tp1.logic.gameobjects.Mario.toTheFloor(Mario.java:71)
	at tp1.logic.gameobjects.Mario.toTheFloor(Mario.java:71)
	at tp1.logic.gameobjects.Mario.toTheFloor(Mario.java:71)
	at tp1.logic.gameobjects.Mario.toTheFloor(Mario.java:71)
	at tp1.logic.gameobjects.Mario.toTheFloor(Mario.java:71)
	at tp1.logic.gameobjects.Mario.toTheFloor(Mario.java:71)
	at tp1.logic.gameobjects.Mario.toTheFloor(Mario.java:71)
	at tp1.logic.gameobjects.Mario.toTheFloor(Mario.java:71)
	at tp1.logic.gameobjects.Mario.toTheFloor(Mario.java:71)
	at tp1.logic.gameobjects.Mario.toTheFloor(Mario.java:71)
	at tp1.logic.gameobjects.Mario.toTheFloor(Mario.java:71)
	at tp1.logic.gameobjects.Mario.toTheFloor(Mario.java:71)
	at tp1.logic.gameobjects.Mario.toTheFloor(Mario.java:71)
	at tp1.logic.gameobjects.Mario.toTheFloor(Mario.java:71)
	at tp1.logic.gameobjects.Mario.toTheFloor(Mario.java:71)
	at tp1.logic.gameobjects.Mario.toTheFloor(Mario.java:71)
	at tp1.logic.gameobjects.Mario.toTheFloor(Mario.java:71)
	at tp1.logic.gameobjects.Mario.toTheFloor(Mario.java:71)
	at tp1.logic.gameobjects.Mario.toTheFloor(Mario.java:71)
	at tp1.logic.gameobjects.Mario.toTheFloor(Mario.java:71)
	at tp1.logic.gameobjects.Mario.toTheFloor(Mario.java:71)
	at tp1.logic.gameobjects.Mario.toTheFloor(Mario.java:71)
	at tp1.logic.gameobjects.Mario.toTheFloor(Mario.java:71)
	at tp1.logic.gameobjects.Mario.toTheFloor(Mario.java:71)
	at tp1.logic.gameobjects.Mario.toTheFloor(Mario.java:71)
	at tp1.logic.gameobjects.Mario.toTheFloor(Mario.java:71)
	at tp1.logic.gameobjects.Mario.toTheFloor(Mario.java:71)
	at tp1.logic.gameobjects.Mario.toTheFloor(Mario.java:71)
	at tp1.logic.gameobjects.Mario.toTheFloor(Mario.java:71)
	at tp1.logic.gameobjects.Mario.toTheFloor(Mario.java:71)
	at tp1.logic.gameobjects.Mario.toTheFloor(Mario.java:71)
	at tp1.logic.gameobjects.Mario.toTheFloor(Mario.java:71)
	at tp1.logic.gameobjects.Mario.toTheFloor(Mario.java:71)
	at tp1.logic.gameobjects.Mario.toTheFloor(Mario.java:71)
	at tp1.logic.gameobjects.Mario.toTheFloor(Mario.java:71)
	at tp1.logic.gameobjects.Mario.toTheFloor(Mario.java:71)
	at tp1.logic.gameobjects.Mario.toTheFloor(Mario.java:71)
	at tp1.logic.gameobjects.Mario.toTheFloor(Mario.java:71)
	at tp1.logic.gameobjects.Mario.toTheFloor(Mario.java:71)
	at tp1.logic.gameobjects.Mario.toTheFloor(Mario.java:71)
	at tp1.logic.gameobjects.Mario.toTheFloor(Mario.java:71)
	at tp1.logic.gameobjects.Mario.toTheFloor(Mario.java:71)
	at tp1.logic.gameobjects.Mario.toTheFloor(Mario.java:71)
	at tp1.logic.gameobjects.Mario.toTheFloor(Mario.java:71)
	at tp1.logic.gameobjects.Mario.toTheFloor(Mario.java:71)
	at tp1.logic.gameobjects.Mario.toTheFloor(Mario.java:71)
	at tp1.logic.gameobjects.Mario.toTheFloor(Mario.java:71)
	at tp1.logic.gameobjects.Mario.toTheFloor(Mario.java:71)
	at tp1.logic.gameobjects.Mario.toTheFloor(Mario.java:71)
	at tp1.logic.gameobjects.Mario.toTheFloor(Mario.java:71)
	at tp1.logic.gameobjects.Mario.toTheFloor(Mario.java:71)
	at tp1.logic.gameobjects.Mario.toTheFloor(Mario.java:71)
	at tp1.logic.gameobjects.Mario.toTheFloor(Mario.java:71)
	at tp1.logic.gameobjects.Mario.toTheFloor(Mario.java:71)
	at tp1.logic.gameobjects.Mario.toTheFloor(Mario.java:71)
	at tp1.logic.gameobjects.Mario.toTheFloor(Mario.java:71)
	at tp1.logic.gameobjects.Mario.toTheFloor(Mario.java:71)
	at tp1.logic.gameobjects.Mario.toTheFloor(Mario.java:71)
	at tp1.logic.gameobjects.Mario.toTheFloor(Mario.java:71)
	at tp1.logic.gameobjects.Mario.toTheFloor(Mario.java:71)
	at tp1.logic.gameobjects.Mario.toTheFloor(Mario.java:71)
	at tp1.logic.gameobjects.Mario.toTheFloor(Mario.java:71)
	at tp1.logic.gameobjects.Mario.toTheFloor(Mario.java:71)
	at tp1.logic.gameobjects.Mario.toTheFloor(Mario.java:71)
	at tp1.logic.gameobjects.Mario.toTheFloor(Mario.java:71)
	at tp1.logic.gameobjects.Mario.toTheFloor(Mario.java:71)
	at tp1.logic.gameobjects.Mario.toTheFloor(Mario.java:71)
	at tp1.logic.gameobjects.Mario.toTheFloor(Mario.java:71)
	at tp1.logic.gameobjects.Mario.toTheFloor(Mario.java:71)
	at tp1.logic.gameobjects.Mario.toTheFloor(Mario.java:71)
	at tp1.logic.gameobjects.Mario.toTheFloor(Mario.java:71)
	at tp1.logic.gameobjects.Mario.toTheFloor(Mario.java:71)
	at tp1.logic.gameobjects.Mario.toTheFloor(Mario.java:71)
	at tp1.logic.gameobjects.Mario.toTheFloor(Mario.java:71)
	at tp1.logic.gameobjects.Mario.toTheFloor(Mario.java:71)
	at tp1.logic.gameobjects.Mario.toTheFloor(Mario.java:71)
	at tp1.logic.gameobjects.Mario.toTheFloor(Mario.java:71)
	at tp1.logic.gameobjects.Mario.toTheFloor(Mario.java:71)
	at tp1.logic.gameobjects.Mario.toTheFloor(Mario.java:71)
	at tp1.logic.gameobjects.Mario.toTheFloor(Mario.java:71)
	at tp1.logic.gameobjects.Mario.toTheFloor(Mario.java:71)
	at tp1.logic.gameobjects.Mario.toTheFloor(Mario.java:71)
	at tp1.logic.gameobjects.Mario.toTheFloor(Mario.java:71)
	at tp1.logic.gameobjects.Mario.toTheFloor(Mario.java:71)
	at tp1.logic.gameobjects.Mario.toTheFloor(Mario.java:71)
	at tp1.logic.gameobjects.Mario.toTheFloor(Mario.java:71)
	at tp1.logic.gameobjects.Mario.toTheFloor(Mario.java:71)
	at tp1.logic.gameobjects.Mario.toTheFloor(Mario.java:71)
	at tp1.logic.gameobjects.Mario.toTheFloor(Mario.java:71)
	at tp1.logic.gameobjects.Mario.toTheFloor(Mario.java:71)
	at tp1.logic.gameobjects.Mario.toTheFloor(Mario.java:71)
	at tp1.logic.gameobjects.Mario.toTheFloor(Mario.java:71)
	at tp1.logic.gameobjects.Mario.toTheFloor(Mario.java:71)
	at tp1.logic.gameobjects.Mario.toTheFloor(Mario.java:71)
	at tp1.logic.gameobjects.Mario.toTheFloor(Mario.java:71)
	at tp1.logic.gameobjects.Mario.toTheFloor(Mario.java:71)
	at tp1.logic.gameobjects.Mario.toTheFloor(Mario.java:71)
	at tp1.logic.gameobjects.Mario.toTheFloor(Mario.java:71)
	at tp1.logic.gameobjects.Mario.toTheFloor(Mario.java:71)
	at tp1.logic.gameobjects.Mario.toTheFloor(Mario.java:71)
	at tp1.logic.gameobjects.Mario.toTheFloor(Mario.java:71)
	at tp1.logic.gameobjects.Mario.toTheFloor(Mario.java:71)
	at tp1.logic.gameobjects.Mario.toTheFloor(Mario.java:71)
	at tp1.logic.gameobjects.Mario.toTheFloor(Mario.java:71)
	at tp1.logic.gameobjects.Mario.toTheFloor(Mario.java:71)
	at tp1.logic.gameobjects.Mario.toTheFloor(Mario.java:71)
	at tp1.logic.gameobjects.Mario.toTheFloor(Mario.java:71)
	at tp1.logic.gameobjects.Mario.toTheFloor(Mario.java:71)
	at tp1.logic.gameobjects.Mario.toTheFloor(Mario.java:71)
	at tp1.logic.gameobjects.Mario.toTheFloor(Mario.java:71)
	at tp1.logic.gameobjects.Mario.toTheFloor(Mario.java:71)
	at tp1.logic.gameobjects.Mario.toTheFloor(Mario.java:71)
	at tp1.logic.gameobjects.Mario.toTheFloor(Mario.java:71)
	at tp1.logic.gameobjects.Mario.toTheFloor(Mario.java:71)
	at tp1.logic.gameobjects.Mario.toTheFloor(Mario.java:71)
	at tp1.logic.gameobjects.Mario.toTheFloor(Mario.java:71)
	at tp1.logic.gameobjects.Mario.toTheFloor(Mario.java:71)
	at tp1.logic.gameobjects.Mario.toTheFloor(Mario.java:71)
	at tp1.logic.gameobjects.Mario.toTheFloor(Mario.java:71)
	at tp1.logic.gameobjects.Mario.toTheFloor(Mario.java:71)
	at tp1.logic.gameobjects.Mario.toTheFloor(Mario.java:71)
	at tp1.logic.gameobjects.Mario.toTheFloor(Mario.java:71)
	at tp1.logic.gameobjects.Mario.toTheFloor(Mario.java:71)
	at tp1.logic.gameobjects.Mario.toTheFloor(Mario.java:71)
	at tp1.logic.gameobjects.Mario.toTheFloor(Mario.java:71)
	at tp1.logic.gameobjects.Mario.toTheFloor(Mario.java:71)
	at tp1.logic.gameobjects.Mario.toTheFloor(Mario.java:71)
	at tp1.logic.gameobjects.Mario.toTheFloor(Mario.java:71)
	at tp1.logic.gameobjects.Mario.toTheFloor(Mario.java:71)
	at tp1.logic.gameobjects.Mario.toTheFloor(Mario.java:71)
	at tp1.logic.gameobjects.Mario.toTheFloor(Mario.java:71)
	at tp1.logic.gameobjects.Mario.toTheFloor(Mario.java:71)
	at tp1.logic.gameobjects.Mario.toTheFloor(Mario.java:71)
	at tp1.logic.gameobjects.Mario.toTheFloor(Mario.java:71)
	at tp1.logic.gameobjects.Mario.toTheFloor(Mario.java:71)
	at tp1.logic.gameobjects.Mario.toTheFloor(Mario.java:71)
	at tp1.logic.gameobjects.Mario.toTheFloor(Mario.java:71)
	at tp1.logic.gameobjects.Mario.toTheFloor(Mario.java:71)
	at tp1.logic.gameobjects.Mario.toTheFloor(Mario.java:71)
	at tp1.logic.gameobjects.Mario.toTheFloor(Mario.java:71)
	at tp1.logic.gameobjects.Mario.toTheFloor(Mario.java:71)
	at tp1.logic.gameobjects.Mario.toTheFloor(Mario.java:71)
	at tp1.logic.gameobjects.Mario.toTheFloor(Mario.java:71)
	at tp1.logic.gameobjects.Mario.toTheFloor(Mario.java:71)
	at tp1.logic.gameobjects.Mario.toTheFloor(Mario.java:71)
	at tp1.logic.gameobjects.Mario.toTheFloor(Mario.java:71)
	at tp1.logic.gameobjects.Mario.toTheFloor(Mario.java:71)
	at tp1.logic.gameobjects.Mario.toTheFloor(Mario.java:71)
	at tp1.logic.gameobjects.Mario.toTheFloor(Mario.java:71)
	at tp1.logic.gameobjects.Mario.toTheFloor(Mario.java:71)
	at tp1.logic.gameobjects.Mario.toTheFloor(Mario.java:71)
	at tp1.logic.gameobjects.Mario.toTheFloor(Mario.java:71)
	at tp1.logic.gameobjects.Mario.toTheFloor(Mario.java:71)
	at tp1.logic.gameobjects.Mario.toTheFloor(Mario.java:71)
	at tp1.logic.gameobjects.Mario.toTheFloor(Mario.java:71)
	at tp1.logic.gameobjects.Mario.toTheFloor(Mario.java:71)
	at tp1.logic.gameobjects.Mario.toTheFloor(Mario.java:71)
	at tp1.logic.gameobjects.Mario.toTheFloor(Mario.java:71)
	at tp1.logic.gameobjects.Mario.toTheFloor(Mario.java:71)
	at tp1.logic.gameobjects.Mario.toTheFloor(Mario.java:71)
	at tp1.logic.gameobjects.Mario.toTheFloor(Mario.java:71)
	at tp1.logic.gameobjects.Mario.toTheFloor(Mario.java:71)
	at tp1.logic.gameobjects.Mario.toTheFloor(Mario.java:71)
	at tp1.logic.gameobjects.Mario.toTheFloor(Mario.java:71)
	at tp1.logic.gameobjects.Mario.toTheFloor(Mario.java:71)
	at tp1.logic.gameobjects.Mario.toTheFloor(Mario.java:71)
	at tp1.logic.gameobjects.Mario.toTheFloor(Mario.java:71)
	at tp1.logic.gameobjects.Mario.toTheFloor(Mario.java:71)
	at tp1.logic.gameobjects.Mario.toTheFloor(Mario.java:71)
	at tp1.logic.gameobjects.Mario.toTheFloor(Mario.java:71)
	at tp1.logic.gameobjects.Mario.toTheFloor(Mario.java:71)
	at tp1.logic.gameobjects.Mario.toTheFloor(Mario.java:71)
	at tp1.logic.gameobjects.Mario.toTheFloor(Mario.java:71)
	at tp1.logic.gameobjects.Mario.toTheFloor(Mario.java:71)
	at tp1.logic.gameobjects.Mario.toTheFloor(Mario.java:71)
	at tp1.logic.gameobjects.Mario.toTheFloor(Mario.java:71)
	at tp1.logic.gameobjects.Mario.toTheFloor(Mario.java:71)
	at tp1.logic.gameobjects.Mario.toTheFloor(Mario.java:71)
	at tp1.logic.gameobjects.Mario.toTheFloor(Mario.java:71)
	at tp1.logic.gameobjects.Mario.toTheFloor(Mario.java:71)
	at tp1.logic.gameobjects.Mario.toTheFloor(Mario.java:71)
	at tp1.logic.gameobjects.Mario.toTheFloor(Mario.java:71)
	at tp1.logic.gameobjects.Mario.toTheFloor(Mario.java:71)
	at tp1.logic.gameobjects.Mario.toTheFloor(Mario.java:71)
	at tp1.logic.gameobjects.Mario.toTheFloor(Mario.java:71)
	at tp1.logic.gameobjects.Mario.toTheFloor(Mario.java:71)
	at tp1.logic.gameobjects.Mario.toTheFloor(Mario.java:71)
	at tp1.logic.gameobjects.Mario.toTheFloor(Mario.java:71)
	at tp1.logic.gameobjects.Mario.toTheFloor(Mario.java:71)
	at tp1.logic.gameobjects.Mario.toTheFloor(Mario.java:71)
	at tp1.logic.gameobjects.Mario.toTheFloor(Mario.java:71)
	at tp1.logic.gameobjects.Mario.toTheFloor(Mario.java:71)
	at tp1.logic.gameobjects.Mario.toTheFloor(Mario.java:71)
	at tp1.logic.gameobjects.Mario.toTheFloor(Mario.java:71)
	at tp1.logic.gameobjects.Mario.toTheFloor(Mario.java:71)
	at tp1.logic.gameobjects.Mario.toTheFloor(Mario.java:71)
	at tp1.logic.gameobjects.Mario.toTheFloor(Mario.java:71)
	at tp1.logic.gameobjects.Mario.toTheFloor(Mario.java:71)
	at tp1.logic.gameobjects.Mario.toTheFloor(Mario.java:71)
	at tp1.logic.gameobjects.Mario.toTheFloor(Mario.java:71)
	at tp1.logic.gameobjects.Mario.toTheFloor(Mario.java:71)
	at tp1.logic.gameobjects.Mario.toTheFloor(Mario.java:71)
	at tp1.logic.gameobjects.Mario.toTheFloor(Mario.java:71)
	at tp1.logic.gameobjects.Mario.toTheFloor(Mario.java:71)
	at tp1.logic.gameobjects.Mario.toTheFloor(Mario.java:71)
	at tp1.logic.gameobjects.Mario.toTheFloor(Mario.java:71)
	at tp1.logic.gameobjects.Mario.toTheFloor(Mario.java:71)
	at tp1.logic.gameobjects.Mario.toTheFloor(Mario.java:71)
	at tp1.logic.gameobjects.Mario.toTheFloor(Mario.java:71)
	at tp1.logic.gameobjects.Mario.toTheFloor(Mario.java:71)
	at tp1.logic.gameobjects.Mario.toTheFloor(Mario.java:71)
	at tp1.logic.gameobjects.Mario.toTheFloor(Mario.java:71)
	at tp1.logic.gameobjects.Mario.toTheFloor(Mario.java:71)
	at tp1.logic.gameobjects.Mario.toTheFloor(Mario.java:71)
	at tp1.logic.gameobjects.Mario.toTheFloor(Mario.java:71)
	at tp1.logic.gameobjects.Mario.toTheFloor(Mario.java:71)
	at tp1.logic.gameobjects.Mario.toTheFloor(Mario.java:71)
	at tp1.logic.gameobjects.Mario.toTheFloor(Mario.java:71)
	at tp1.logic.gameobjects.Mario.toTheFloor(Mario.java:71)
	at tp1.logic.gameobjects.Mario.toTheFloor(Mario.java:71)
	at tp1.logic.gameobjects.Mario.toTheFloor(Mario.java:71)
	at tp1.logic.gameobjects.Mario.toTheFloor(Mario.java:71)
	at tp1.logic.gameobjects.Mario.toTheFloor(Mario.java:71)
	at tp1.logic.gameobjects.Mario.toTheFloor(Mario.java:71)
	at tp1.logic.gameobjects.Mario.toTheFloor(Mario.java:71)
	at tp1.logic.gameobjects.Mario.toTheFloor(Mario.java:71)
	at tp1.logic.gameobjects.Mario.toTheFloor(Mario.java:71)
	at tp1.logic.gameobjects.Mario.toTheFloor(Mario.java:71)
	at tp1.logic.gameobjects.Mario.toTheFloor(Mario.java:71)
	at tp1.logic.gameobjects.Mario.toTheFloor(Mario.java:71)
	at tp1.logic.gameobjects.Mario.toTheFloor(Mario.java:71)
	at tp1.logic.gameobjects.Mario.toTheFloor(Mario.java:71)
	at tp1.logic.gameobjects.Mario.toTheFloor(Mario.java:71)
	at tp1.logic.gameobjects.Mario.toTheFloor(Mario.java:71)
	at tp1.logic.gameobjects.Mario.toTheFloor(Mario.java:71)
	at tp1.logic.gameobjects.Mario.toTheFloor(Mario.java:71)
	at tp1.logic.gameobjects.Mario.toTheFloor(Mario.java:71)
	at tp1.logic.gameobjects.Mario.toTheFloor(Mario.java:71)
	at tp1.logic.gameobjects.Mario.toTheFloor(Mario.java:71)
	at tp1.logic.gameobjects.Mario.toTheFloor(Mario.java:71)
	at tp1.logic.gameobjects.Mario.toTheFloor(Mario.java:71)
	at tp1.logic.gameobjects.Mario.toTheFloor(Mario.java:71)
	at tp1.logic.gameobjects.Mario.toTheFloor(Mario.java:71)
	at tp1.logic.gameobjects.Mario.toTheFloor(Mario.java:71)
	at tp1.logic.gameobjects.Mario.toTheFloor(Mario.java:71)
	at tp1.logic.gameobjects.Mario.toTheFloor(Mario.java:71)
	at tp1.logic.gameobjects.Mario.toTheFloor(Mario.java:71)
	at tp1.logic.gameobjects.Mario.toTheFloor(Mario.java:71)
	at tp1.logic.gameobjects.Mario.toTheFloor(Mario.java:71)
	at tp1.logic.gameobjects.Mario.toTheFloor(Mario.java:71)
	at tp1.logic.gameobjects.Mario.toTheFloor(Mario.java:71)
	at tp1.logic.gameobjects.Mario.toTheFloor(Mario.java:71)
	at tp1.logic.gameobjects.Mario.toTheFloor(Mario.java:71)
	at tp1.logic.gameobjects.Mario.toTheFloor(Mario.java:71)
	at tp1.logic.gameobjects.Mario.toTheFloor(Mario.java:71)
	at tp1.logic.gameobjects.Mario.toTheFloor(Mario.java:71)
	at tp1.logic.gameobjects.Mario.toTheFloor(Mario.java:71)
	at tp1.logic.gameobjects.Mario.toTheFloor(Mario.java:71)
	at tp1.logic.gameobjects.Mario.toTheFloor(Mario.java:71)
	at tp1.logic.gameobjects.Mario.toTheFloor(Mario.java:71)
	at tp1.logic.gameobjects.Mario.toTheFloor(Mario.java:71)
	at tp1.logic.gameobjects.Mario.toTheFloor(Mario.java:71)
	at tp1.logic.gameobjects.Mario.toTheFloor(Mario.java:71)
	at tp1.logic.gameobjects.Mario.toTheFloor(Mario.java:71)
	at tp1.logic.gameobjects.Mario.toTheFloor(Mario.java:71)
	at tp1.logic.gameobjects.Mario.toTheFloor(Mario.java:71)
	at tp1.logic.gameobjects.Mario.toTheFloor(Mario.java:71)
	at tp1.logic.gameobjects.Mario.toTheFloor(Mario.java:71)
	at tp1.logic.gameobjects.Mario.toTheFloor(Mario.java:71)
	at tp1.logic.gameobjects.Mario.toTheFloor(Mario.java:71)
	at tp1.logic.gameobjects.Mario.toTheFloor(Mario.java:71)
	at tp1.logic.gameobjects.Mario.toTheFloor(Mario.java:71)
	at tp1.logic.gameobjects.Mario.toTheFloor(Mario.java:71)
	at tp1.logic.gameobjects.Mario.toTheFloor(Mario.java:71)
	at tp1.logic.gameobjects.Mario.toTheFloor(Mario.java:71)
	at tp1.logic.gameobjects.Mario.toTheFloor(Mario.java:71)
	at tp1.logic.gameobjects.Mario.toTheFloor(Mario.java:71)
	at tp1.logic.gameobjects.Mario.toTheFloor(Mario.java:71)
	at tp1.logic.gameobjects.Mario.toTheFloor(Mario.java:71)
	at tp1.logic.gameobjects.Mario.toTheFloor(Mario.java:71)
	at tp1.logic.gameobjects.Mario.toTheFloor(Mario.java:71)
	at tp1.logic.gameobjects.Mario.toTheFloor(Mario.java:71)
	at tp1.logic.gameobjects.Mario.toTheFloor(Mario.java:71)
	at tp1.logic.gameobjects.Mario.toTheFloor(Mario.java:71)
	at tp1.logic.gameobjects.Mario.toTheFloor(Mario.java:71)
	at tp1.logic.gameobjects.Mario.toTheFloor(Mario.java:71)
	at tp1.logic.gameobjects.Mario.toTheFloor(Mario.java:71)
	at tp1.logic.gameobjects.Mario.toTheFloor(Mario.java:71)
	at tp1.logic.gameobjects.Mario.toTheFloor(Mario.java:71)
	at tp1.logic.gameobjects.Mario.toTheFloor(Mario.java:71)
	at tp1.logic.gameobjects.Mario.toTheFloor(Mario.java:71)
	at tp1.logic.gameobjects.Mario.toTheFloor(Mario.java:71)
	at tp1.logic.gameobjects.Mario.toTheFloor(Mario.java:71)
	at tp1.logic.gameobjects.Mario.toTheFloor(Mario.java:71)
	at tp1.logic.gameobjects.Mario.toTheFloor(Mario.java:71)
	at tp1.logic.gameobjects.Mario.toTheFloor(Mario.java:71)
	at tp1.logic.gameobjects.Mario.toTheFloor(Mario.java:71)
	at tp1.logic.gameobjects.Mario.toTheFloor(Mario.java:71)
	at tp1.logic.gameobjects.Mario.toTheFloor(Mario.java:71)
	at tp1.logic.gameobjects.Mario.toTheFloor(Mario.java:71)
	at tp1.logic.gameobjects.Mario.toTheFloor(Mario.java:71)
	at tp1.logic.gameobjects.Mario.toTheFloor(Mario.java:71)
	at tp1.logic.gameobjects.Mario.toTheFloor(Mario.java:71)
	at tp1.logic.gameobjects.Mario.toTheFloor(Mario.java:71)
	at tp1.logic.gameobjects.Mario.toTheFloor(Mario.java:71)
	at tp1.logic.gameobjects.Mario.toTheFloor(Mario.java:71)
	at tp1.logic.gameobjects.Mario.toTheFloor(Mario.java:71)
	at tp1.logic.gameobjects.Mario.toTheFloor(Mario.java:71)
	at tp1.logic.gameobjects.Mario.toTheFloor(Mario.java:71)
	at tp1.logic.gameobjects.Mario.toTheFloor(Mario.java:71)
	at tp1.logic.gameobjects.Mario.toTheFloor(Mario.java:71)
	at tp1.logic.gameobjects.Mario.toTheFloor(Mario.java:71)
	at tp1.logic.gameobjects.Mario.toTheFloor(Mario.java:71)
	at tp1.logic.gameobjects.Mario.toTheFloor(Mario.java:71)
	at tp1.logic.gameobjects.Mario.toTheFloor(Mario.java:71)
	at tp1.logic.gameobjects.Mario.toTheFloor(Mario.java:71)
	at tp1.logic.gameobjects.Mario.toTheFloor(Mario.java:71)
	at tp1.logic.gameobjects.Mario.toTheFloor(Mario.java:71)
	at tp1.logic.gameobjects.Mario.toTheFloor(Mario.java:71)
	at tp1.logic.gameobjects.Mario.toTheFloor(Mario.java:71)
	at tp1.logic.gameobjects.Mario.toTheFloor(Mario.java:71)
	at tp1.logic.gameobjects.Mario.toTheFloor(Mario.java:71)
	at tp1.logic.gameobjects.Mario.toTheFloor(Mario.java:71)
	at tp1.logic.gameobjects.Mario.toTheFloor(Mario.java:71)
	at tp1.logic.gameobjects.Mario.toTheFloor(Mario.java:71)
	at tp1.logic.gameobjects.Mario.toTheFloor(Mario.java:71)
	at tp1.logic.gameobjects.Mario.toTheFloor(Mario.java:71)
	at tp1.logic.gameobjects.Mario.toTheFloor(Mario.java:71)
	at tp1.logic.gameobjects.Mario.toTheFloor(Mario.java:71)
	at tp1.logic.gameobjects.Mario.toTheFloor(Mario.java:71)
	at tp1.logic.gameobjects.Mario.toTheFloor(Mario.java:71)
	at tp1.logic.gameobjects.Mario.toTheFloor(Mario.java:71)
	at tp1.logic.gameobjects.Mario.toTheFloor(Mario.java:71)
	at tp1.logic.gameobjects.Mario.toTheFloor(Mario.java:71)
	at tp1.logic.gameobjects.Mario.toTheFloor(Mario.java:71)
	at tp1.logic.gameobjects.Mario.toTheFloor(Mario.java:71)
	at tp1.logic.gameobjects.Mario.toTheFloor(Mario.java:71)
	at tp1.logic.gameobjects.Mario.toTheFloor(Mario.java:71)
	at tp1.logic.gameobjects.Mario.toTheFloor(Mario.java:71)
	at tp1.logic.gameobjects.Mario.toTheFloor(Mario.java:71)
	at tp1.logic.gameobjects.Mario.toTheFloor(Mario.java:71)
	at tp1.logic.gameobjects.Mario.toTheFloor(Mario.java:71)
	at tp1.logic.gameobjects.Mario.toTheFloor(Mario.java:71)
	at tp1.logic.gameobjects.Mario.toTheFloor(Mario.java:71)
	at tp1.logic.gameobjects.Mario.toTheFloor(Mario.java:71)
	at tp1.logic.gameobjects.Mario.toTheFloor(Mario.java:71)
	at tp1.logic.gameobjects.Mario.toTheFloor(Mario.java:71)
	at tp1.logic.gameobjects.Mario.toTheFloor(Mario.java:71)
	at tp1.logic.gameobjects.Mario.toTheFloor(Mario.java:71)
	at tp1.logic.gameobjects.Mario.toTheFloor(Mario.java:71)
	at tp1.logic.gameobjects.Mario.toTheFloor(Mario.java:71)
	at tp1.logic.gameobjects.Mario.toTheFloor(Mario.java:71)
	at tp1.logic.gameobjects.Mario.toTheFloor(Mario.java:71)
	at tp1.logic.gameobjects.Mario.toTheFloor(Mario.java:71)
	at tp1.logic.gameobjects.Mario.toTheFloor(Mario.java:71)
	at tp1.logic.gameobjects.Mario.toTheFloor(Mario.java:71)
	at tp1.logic.gameobjects.Mario.toTheFloor(Mario.java:71)
	at tp1.logic.gameobjects.Mario.toTheFloor(Mario.java:71)
	at tp1.logic.gameobjects.Mario.toTheFloor(Mario.java:71)
	at tp1.logic.gameobjects.Mario.toTheFloor(Mario.java:71)
	at tp1.logic.gameobjects.Mario.toTheFloor(Mario.java:71)
	at tp1.logic.gameobjects.Mario.toTheFloor(Mario.java:71)
	at tp1.logic.gameobjects.Mario.toTheFloor(Mario.java:71)
	at tp1.logic.gameobjects.Mario.toTheFloor(Mario.java:71)
	at tp1.logic.gameobjects.Mario.toTheFloor(Mario.java:71)
	at tp1.logic.gameobjects.Mario.toTheFloor(Mario.java:71)
	at tp1.logic.gameobjects.Mario.toTheFloor(Mario.java:71)
	at tp1.logic.gameobjects.Mario.toTheFloor(Mario.java:71)
	at tp1.logic.gameobjects.Mario.toTheFloor(Mario.java:71)
	at tp1.logic.gameobjects.Mario.toTheFloor(Mario.java:71)
	at tp1.logic.gameobjects.Mario.toTheFloor(Mario.java:71)
	at tp1.logic.gameobjects.Mario.toTheFloor(Mario.java:71)
	at tp1.logic.gameobjects.Mario.toTheFloor(Mario.java:71)
	at tp1.logic.gameobjects.Mario.toTheFloor(Mario.java:71)
	at tp1.logic.gameobjects.Mario.toTheFloor(Mario.java:71)
	at tp1.logic.gameobjects.Mario.toTheFloor(Mario.java:71)
	at tp1.logic.gameobjects.Mario.toTheFloor(Mario.java:71)
	at tp1.logic.gameobjects.Mario.toTheFloor(Mario.java:71)
	at tp1.logic.gameobjects.Mario.toTheFloor(Mario.java:71)
	at tp1.logic.gameobjects.Mario.toTheFloor(Mario.java:71)
	at tp1.logic.gameobjects.Mario.toTheFloor(Mario.java:71)
	at tp1.logic.gameobjects.Mario.toTheFloor(Mario.java:71)
	at tp1.logic.gameobjects.Mario.toTheFloor(Mario.java:71)
	at tp1.logic.gameobjects.Mario.toTheFloor(Mario.java:71)
	at tp1.logic.gameobjects.Mario.toTheFloor(Mario.java:71)
	at tp1.logic.gameobjects.Mario.toTheFloor(Mario.java:71)
	at tp1.logic.gameobjects.Mario.toTheFloor(Mario.java:71)
	at tp1.logic.gameobjects.Mario.toTheFloor(Mario.java:71)
	at tp1.logic.gameobjects.Mario.toTheFloor(Mario.java:71)
	at tp1.logic.gameobjects.Mario.toTheFloor(Mario.java:71)
	at tp1.logic.gameobjects.Mario.toTheFloor(Mario.java:71)
	at tp1.logic.gameobjects.Mario.toTheFloor(Mario.java:71)
	at tp1.logic.gameobjects.Mario.toTheFloor(Mario.java:71)
	at tp1.logic.gameobjects.Mario.toTheFloor(Mario.java:71)
	at tp1.logic.gameobjects.Mario.toTheFloor(Mario.java:71)
	at tp1.logic.gameobjects.Mario.toTheFloor(Mario.java:71)
	at tp1.logic.gameobjects.Mario.toTheFloor(Mario.java:71)
	at tp1.logic.gameobjects.Mario.toTheFloor(Mario.java:71)
	at tp1.logic.gameobjects.Mario.toTheFloor(Mario.java:71)
	at tp1.logic.gameobjects.Mario.toTheFloor(Mario.java:71)
	at tp1.logic.gameobjects.Mario.toTheFloor(Mario.java:71)
	at tp1.logic.gameobjects.Mario.toTheFloor(Mario.java:71)
	at tp1.logic.gameobjects.Mario.toTheFloor(Mario.java:71)
	at tp1.logic.gameobjects.Mario.toTheFloor(Mario.java:71)
	at tp1.logic.gameobjects.Mario.toTheFloor(Mario.java:71)
	at tp1.logic.gameobjects.Mario.toTheFloor(Mario.java:71)
	at tp1.logic.gameobjects.Mario.toTheFloor(Mario.java:71)
	at tp1.logic.gameobjects.Mario.toTheFloor(Mario.java:71)
	at tp1.logic.gameobjects.Mario.toTheFloor(Mario.java:71)
	at tp1.logic.gameobjects.Mario.toTheFloor(Mario.java:71)
	at tp1.logic.gameobjects.Mario.toTheFloor(Mario.java:71)
	at tp1.logic.gameobjects.Mario.toTheFloor(Mario.java:71)
	at tp1.logic.gameobjects.Mario.toTheFloor(Mario.java:71)
	at tp1.logic.gameobjects.Mario.toTheFloor(Mario.java:71)
	at tp1.logic.gameobjects.Mario.toTheFloor(Mario.java:71)
	at tp1.logic.gameobjects.Mario.toTheFloor(Mario.java:71)
	at tp1.logic.gameobjects.Mario.toTheFloor(Mario.java:71)
	at tp1.logic.gameobjects.Mario.toTheFloor(Mario.java:71)
	at tp1.logic.gameobjects.Mario.toTheFloor(Mario.java:71)
	at tp1.logic.gameobjects.Mario.toTheFloor(Mario.java:71)
	at tp1.logic.gameobjects.Mario.toTheFloor(Mario.java:71)
	at tp1.logic.gameobjects.Mario.toTheFloor(Mario.java:71)
	at tp1.logic.gameobjects.Mario.toTheFloor(Mario.java:71)
	at tp1.logic.gameobjects.Mario.toTheFloor(Mario.java:71)
	at tp1.logic.gameobjects.Mario.toTheFloor(Mario.java:71)
	at tp1.logic.gameobjects.Mario.toTheFloor(Mario.java:71)
	at tp1.logic.gameobjects.Mario.toTheFloor(Mario.java:71)
	at tp1.logic.gameobjects.Mario.toTheFloor(Mario.java:71)
	at tp1.logic.gameobjects.Mario.toTheFloor(Mario.java:71)
	at tp1.logic.gameobjects.Mario.toTheFloor(Mario.java:71)
	at tp1.logic.gameobjects.Mario.toTheFloor(Mario.java:71)
	at tp1.logic.gameobjects.Mario.toTheFloor(Mario.java:71)
	at tp1.logic.gameobjects.Mario.toTheFloor(Mario.java:71)
	at tp1.logic.gameobjects.Mario.toTheFloor(Mario.java:71)
	at tp1.logic.gameobjects.Mario.toTheFloor(Mario.java:71)
	at tp1.logic.gameobjects.Mario.toTheFloor(Mario.java:71)
	at tp1.logic.gameobjects.Mario.toTheFloor(Mario.java:71)
	at tp1.logic.gameobjects.Mario.toTheFloor(Mario.java:71)
	at tp1.logic.gameobjects.Mario.toTheFloor(Mario.java:71)
	at tp1.logic.gameobjects.Mario.toTheFloor(Mario.java:71)
	at tp1.logic.gameobjects.Mario.toTheFloor(Mario.java:71)
	at tp1.logic.gameobjects.Mario.toTheFloor(Mario.java:71)
	at tp1.logic.gameobjects.Mario.toTheFloor(Mario.java:71)
	at tp1.logic.gameobjects.Mario.toTheFloor(Mario.java:71)
]]></error>
  </testcase>
  <testcase name="test05" classname="tp1.Tests" time="0.008">
    <failure message="Line: 81&#10;Expected: Time: 100&#10;Actual  : Time: 97&#10;" type="org.opentest4j.AssertionFailedError"><![CDATA[org.opentest4j.AssertionFailedError: 
Line: 81
Expected: Time: 100
Actual  : Time: 97

	at org.junit.jupiter.api.AssertionUtils.fail(AssertionUtils.java:38)
	at org.junit.jupiter.api.Assertions.fail(Assertions.java:134)
	at tp1.Tests.compareOutput(Tests.java:113)
	at tp1.Tests.parameterizedTest(Tests.java:145)
	at tp1.Tests.testN(Tests.java:160)
	at tp1.Tests.test05(Tests.java:193)
	at java.base/java.lang.reflect.Method.invoke(Method.java:580)
	at java.base/java.util.ArrayList.forEach(ArrayList.java:1596)
	at java.base/java.util.ArrayList.forEach(ArrayList.java:1596)
]]></failure>
  </testcase>
  <testcase name="test06" classname="tp1.Tests" time="0.006">
    <failure message="Line: 98&#10;Expected:  11┃                 🧍                                                             ▓▓▓▓▓▓▓▓▓▓▓▓▓▓▓▓▓▓▓▓▓▓▓▓▓▓▓▓            ┃11&#10;Actual  :  11┃                                                                                ▓▓▓▓▓▓▓▓▓▓▓▓▓▓▓▓▓▓▓▓▓▓▓▓▓▓▓▓            ┃11&#10;" type="org.opentest4j.AssertionFailedError"><![CDATA[org.opentest4j.AssertionFailedError: 
Line: 98
Expected:  11┃                 🧍                                                             ▓▓▓▓▓▓▓▓▓▓▓▓▓▓▓▓▓▓▓▓▓▓▓▓▓▓▓▓            ┃11
Actual  :  11┃                                                                                ▓▓▓▓▓▓▓▓▓▓▓▓▓▓▓▓▓▓▓▓▓▓▓▓▓▓▓▓            ┃11

	at org.junit.jupiter.api.AssertionUtils.fail(AssertionUtils.java:38)
	at org.junit.jupiter.api.Assertions.fail(Assertions.java:134)
	at tp1.Tests.compareOutput(Tests.java:113)
	at tp1.Tests.parameterizedTest(Tests.java:145)
	at tp1.Tests.testN(Tests.java:160)
	at tp1.Tests.test06(Tests.java:198)
	at java.base/java.lang.reflect.Method.invoke(Method.java:580)
	at java.base/java.util.ArrayList.forEach(ArrayList.java:1596)
	at java.base/java.util.ArrayList.forEach(ArrayList.java:1596)
]]></failure>
  </testcase>
</testsuite>