<?xml version="1.0" encoding="UTF-8"?>
<testsuite xmlns:xsi="http://www.w3.org/2001/XMLSchema-instance" xsi:noNamespaceSchemaLocation="https://maven.apache.org/surefire/maven-surefire-plugin/xsd/surefire-test-report-3.0.xsd" version="3.0" name="tp1.Tests_V2_2" time="0.031" tests="7" errors="0" skipped="0" failures="7">
  <properties>
[...]
</properties>
  <testcase name="test00" classname="tp1.Tests_V2_2" time="0.002">
    <failure message="Line: 1&#10;Expected: MarioBross 2.X&#10;Actual  : MarioBross 3.0&#10;" type="org.opentest4j.AssertionFailedError"><![CDATA[org.opentest4j.AssertionFailedError: 
Line: 1
Expected: MarioBross 2.X
Actual  : MarioBross 3.0

	at org.junit.jupiter.api.AssertionUtils.fail(AssertionUtils.java:38)
	at org.junit.jupiter.api.Assertions.fail(Assertions.java:134)
	at tp1.TestsUtils.checkOutput(TestsUtils.java:107)
	at tp1.TestsUtils.parameterizedTest(TestsUtils.java:125)
	at tp1.Tests_V2_2.testN(Tests_V2_2.java:21)
	at tp1.Tests_V2_2.test00(Tests_V2_2.java:29)
	at java.base/java.lang.reflect.Method.invoke(Method.java:580)
	at java.base/java.util.ArrayList.forEach(ArrayList.java:1596)
	at java.base/java.util.ArrayList.forEach(ArrayList.java:1596)
]]></failure>
    <system-out><![CDATA[Line: 1
Expected: MarioBross 2.X
Actual  : MarioBross 3.0

]]></system-out>
  </testcase>
  <testcase name="test01" classname="tp1.Tests_V2_2" time="0.01">
    <failure message="Line: 1&#10;Expected: MarioBross 2.X&#10;Actual  : MarioBross 3.0&#10;" type="org.opentest4j.AssertionFailedError"><![CDATA[org.opentest4j.AssertionFailedError: 
Line: 1
Expected: MarioBross 2.X
Actual  : MarioBross 3.0

	at org.junit.jupiter.api.AssertionUtils.fail(AssertionUtils.java:38)
	at org.junit.jupiter.api.Assertions.fail(Assertions.java:134)
	at tp1.TestsUtils.checkOutput(TestsUtils.java:107)
	at tp1.TestsUtils.parameterizedTest(TestsUtils.java:125)
	at tp1.Tests_V2_2.testN(Tests_V2_2.java:21)
	at tp1.Tests_V2_2.test01(Tests_V2_2.java:31)
	at java.base/java.lang.reflect.Method.invoke(Method.java:580)
	at java.base/java.util.ArrayList.forEach(ArrayList.java:1596)
	at java.base/java.util.ArrayList.forEach(ArrayList.java:1596)
]]></failure>
    <system-out><![CDATA[Line: 1
Expected: MarioBross 2.X
Actual  : MarioBross 3.0

]]></system-out>
  </testcase>
  <testcase name="test02" classname="tp1.Tests_V2_2" time="0.003">
    <failure message="Line: 1&#10;Expected: MarioBross 2.X&#10;Actual  : MarioBross 3.0&#10;" type="org.opentest4j.AssertionFailedError"><![CDATA[org.opentest4j.AssertionFailedError: 
Line: 1
Expected: MarioBross 2.X
Actual  : MarioBross 3.0

	at org.junit.jupiter.api.AssertionUtils.fail(AssertionUtils.java:38)
	at org.junit.jupiter.api.Assertions.fail(Assertions.java:134)
	at tp1.TestsUtils.checkOutput(TestsUtils.java:107)
	at tp1.TestsUtils.parameterizedTest(TestsUtils.java:125)
	at tp1.Tests_V2_2.testN(Tests_V2_2.java:21)
	at tp1.Tests_V2_2.test02(Tests_V2_2.java:33)
	at java.base/java.lang.reflect.Method.invoke(Method.java:580)
	at java.base/java.util.ArrayList.forEach(ArrayList.java:1596)
	at java.base/java.util.ArrayList.forEach(ArrayList.java:1596)
]]></failure>
    <system-out><![CDATA[Line: 1
Expected: MarioBross 2.X
Actual  : MarioBross 3.0

]]></system-out>
  </testcase>
  <testcase name="test03" classname="tp1.Tests_V2_2" time="0.002">
    <failure message="Line: 1&#10;Expected: MarioBross 2.X&#10;Actual  : MarioBross 3.0&#10;" type="org.opentest4j.AssertionFailedError"><![CDATA[org.opentest4j.AssertionFailedError: 
Line: 1
Expected: MarioBross 2.X
Actual  : MarioBross 3.0

	at org.junit.jupiter.api.AssertionUtils.fail(AssertionUtils.java:38)
	at org.junit.jupiter.api.Assertions.fail(Assertions.java:134)
	at tp1.TestsUtils.checkOutput(TestsUtils.java:107)
	at tp1.TestsUtils.parameterizedTest(TestsUtils.java:125)
	at tp1.Tests_V2_2.testN(Tests_V2_2.java:21)
	at tp1.Tests_V2_2.test03(Tests_V2_2.java:35)
	at java.base/java.lang.reflect.Method.invoke(Method.java:580)
	at java.base/java.util.ArrayList.forEach(ArrayList.java:1596)
	at java.base/java.util.ArrayList.forEach(ArrayList.java:1596)
]]></failure>
    <system-out><![CDATA[Line: 1
Expected: MarioBross 2.X
Actual  : MarioBross 3.0

]]></system-out>
  </testcase>
  <testcase name="test04" classname="tp1.Tests_V2_2" time="0.001">
    <failure message="Line: 1&#10;Expected: MarioBross 2.X&#10;Actual  : MarioBross 3.0&#10;" type="org.opentest4j.AssertionFailedError"><![CDATA[org.opentest4j.AssertionFailedError: 
Line: 1
Expected: MarioBross 2.X
Actual  : MarioBross 3.0

	at org.junit.jupiter.api.AssertionUtils.fail(AssertionUtils.java:38)
	at org.junit.jupiter.api.Assertions.fail(Assertions.java:134)
	at tp1.TestsUtils.checkOutput(TestsUtils.java:107)
	at tp1.TestsUtils.parameterizedTest(TestsUtils.java:125)
	at tp1.Tests_V2_2.testN(Tests_V2_2.java:21)
	at tp1.Tests_V2_2.test04(Tests_V2_2.java:37)
	at java.base/java.lang.reflect.Method.invoke(Method.java:580)
	at java.base/java.util.ArrayList.forEach(ArrayList.java:1596)
	at java.base/java.util.ArrayList.forEach(ArrayList.java:1596)
]]></failure>
    <system-out><![CDATA[Line: 1
Expected: MarioBross 2.X
Actual  : MarioBross 3.0

]]></system-out>
  </testcase>
  <testcase name="test05" classname="tp1.Tests_V2_2" time="0.007">
    <failure message="Line: 1&#10;Expected: MarioBross 2.X&#10;Actual  : MarioBross 3.0&#10;" type="org.opentest4j.AssertionFailedError"><![CDATA[org.opentest4j.AssertionFailedError: 
Line: 1
Expected: MarioBross 2.X
Actual  : MarioBross 3.0

	at org.junit.jupiter.api.AssertionUtils.fail(AssertionUtils.java:38)
	at org.junit.jupiter.api.Assertions.fail(Assertions.java:134)
	at tp1.TestsUtils.checkOutput(TestsUtils.java:107)
	at tp1.TestsUtils.parameterizedTest(TestsUtils.java:125)
	at tp1.Tests_V2_2.testN(Tests_V2_2.java:21)
	at tp1.Tests_V2_2.test05(Tests_V2_2.java:39)
	at java.base/java.lang.reflect.Method.invoke(Method.java:580)
	at java.base/java.util.ArrayList.forEach(ArrayList.java:1596)
	at java.base/java.util.ArrayList.forEach(ArrayList.java:1596)
]]></failure>
    <system-out><![CDATA[Line: 1
Expected: MarioBross 2.X
Actual  : MarioBross 3.0

]]></system-out>
  </testcase>
  <testcase name="test06" classname="tp1.Tests_V2_2" time="0.004">
    <failure message="Line: 1&#10;Expected: MarioBross 2.X&#10;Actual  : MarioBross 3.0&#10;" type="org.opentest4j.AssertionFailedError"><![CDATA[org.opentest4j.AssertionFailedError: 
Line: 1
Expected: MarioBross 2.X
Actual  : MarioBross 3.0

	at org.junit.jupiter.api.AssertionUtils.fail(AssertionUtils.java:38)
	at org.junit.jupiter.api.Assertions.fail(Assertions.java:134)
	at tp1.TestsUtils.checkOutput(TestsUtils.java:107)
	at tp1.TestsUtils.parameterizedTest(TestsUtils.java:125)
	at tp1.Tests_V2_2.testN(Tests_V2_2.java:21)
	at tp1.Tests_V2_2.test06(Tests_V2_2.java:41)
	at java.base/java.lang.reflect.Method.invoke(Method.java:580)
	at java.base/java.util.ArrayList.forEach(ArrayList.java:1596)
	at java.base/java.util.ArrayList.forEach(ArrayList.java:1596)
]]></failure>
    <system-out><![CDATA[Line: 1
Expected: MarioBross 2.X
Actual  : MarioBross 3.0

]]></system-out>
  </testcase>
</testsuite>