<?xml version="1.0" encoding="UTF-8"?>
<testsuite xmlns:xsi="http://www.w3.org/2001/XMLSchema-instance" xsi:noNamespaceSchemaLocation="https://maven.apache.org/surefire/maven-surefire-plugin/xsd/surefire-test-report-3.0.xsd" version="3.0" name="tp1.Tests_V2_1" time="0.049" tests="7" errors="0" skipped="0" failures="5">
  <properties>
[...]
</properties>
  <testcase name="test00" classname="tp1.Tests_V2_1" time="0.002">
    <failure message="Line: 30&#10;Expected:    [a]ction [[R]IGHT | [L]EFT | [U]P | [D]OWN | [S]TOP]+: user performs actions&#10;Actual  :    [a]dd[O]bject &lt;object_description&gt;: adds to the board the object given by object_description.&#10;" type="org.opentest4j.AssertionFailedError"><![CDATA[org.opentest4j.AssertionFailedError: 
Line: 30
Expected:    [a]ction [[R]IGHT | [L]EFT | [U]P | [D]OWN | [S]TOP]+: user performs actions
Actual  :    [a]dd[O]bject <object_description>: adds to the board the object given by object_description.

	at org.junit.jupiter.api.AssertionUtils.fail(AssertionUtils.java:38)
	at org.junit.jupiter.api.Assertions.fail(Assertions.java:134)
	at tp1.TestsUtils.checkOutput(TestsUtils.java:107)
	at tp1.TestsUtils.parameterizedTest(TestsUtils.java:125)
	at tp1.Tests_V2_1.testN(Tests_V2_1.java:21)
	at tp1.Tests_V2_1.test00(Tests_V2_1.java:29)
	at java.base/java.lang.reflect.Method.invoke(Method.java:580)
	at java.base/java.util.ArrayList.forEach(ArrayList.java:1596)
	at java.base/java.util.ArrayList.forEach(ArrayList.java:1596)
]]></failure>
    <system-out><![CDATA[Line: 30
Expected:    [a]ction [[R]IGHT | [L]EFT | [U]P | [D]OWN | [S]TOP]+: user performs actions
Actual  :    [a]dd[O]bject <object_description>: adds to the board the object given by object_description.

]]></system-out>
  </testcase>
  <testcase name="test01" classname="tp1.Tests_V2_1" time="0.003">
    <failure message="Line: 29&#10;Expected: [ERROR] Error: Unknown command: action&#10;Actual  : [ERROR] Error: Incorrect parameter number&#10;" type="org.opentest4j.AssertionFailedError"><![CDATA[org.opentest4j.AssertionFailedError: 
Line: 29
Expected: [ERROR] Error: Unknown command: action
Actual  : [ERROR] Error: Incorrect parameter number

	at org.junit.jupiter.api.AssertionUtils.fail(AssertionUtils.java:38)
	at org.junit.jupiter.api.Assertions.fail(Assertions.java:134)
	at tp1.TestsUtils.checkOutput(TestsUtils.java:107)
	at tp1.TestsUtils.parameterizedTest(TestsUtils.java:125)
	at tp1.Tests_V2_1.testN(Tests_V2_1.java:21)
	at tp1.Tests_V2_1.test01(Tests_V2_1.java:31)
	at java.base/java.lang.reflect.Method.invoke(Method.java:580)
	at java.base/java.util.ArrayList.forEach(ArrayList.java:1596)
	at java.base/java.util.ArrayList.forEach(ArrayList.java:1596)
]]></failure>
    <system-out><![CDATA[Line: 29
Expected: [ERROR] Error: Unknown command: action
Actual  : [ERROR] Error: Incorrect parameter number

]]></system-out>
  </testcase>
  <testcase name="test02" classname="tp1.Tests_V2_1" time="0.015">
    <failure message="Line: 107&#10;Expected: Time: 100&#10;Actual  : [ERROR] Error: Not valid level number&#10;" type="org.opentest4j.AssertionFailedError"><![CDATA[org.opentest4j.AssertionFailedError: 
Line: 107
Expected: Time: 100
Actual  : [ERROR] Error: Not valid level number

	at org.junit.jupiter.api.AssertionUtils.fail(AssertionUtils.java:38)
	at org.junit.jupiter.api.Assertions.fail(Assertions.java:134)
	at tp1.TestsUtils.checkOutput(TestsUtils.java:107)
	at tp1.TestsUtils.parameterizedTest(TestsUtils.java:125)
	at tp1.Tests_V2_1.testN(Tests_V2_1.java:21)
	at tp1.Tests_V2_1.test02(Tests_V2_1.java:33)
	at java.base/java.lang.reflect.Method.invoke(Method.java:580)
	at java.base/java.util.ArrayList.forEach(ArrayList.java:1596)
	at java.base/java.util.ArrayList.forEach(ArrayList.java:1596)
]]></failure>
    <system-out><![CDATA[Line: 107
Expected: Time: 100
Actual  : [ERROR] Error: Not valid level number

]]></system-out>
  </testcase>
  <testcase name="test03" classname="tp1.Tests_V2_1" time="0.007"/>
  <testcase name="test04" classname="tp1.Tests_V2_1" time="0.005">
    <failure message="Line: 471&#10;Expected: Time: 100&#10;Actual  : Time: 82&#10;" type="org.opentest4j.AssertionFailedError"><![CDATA[org.opentest4j.AssertionFailedError: 
Line: 471
Expected: Time: 100
Actual  : Time: 82

	at org.junit.jupiter.api.AssertionUtils.fail(AssertionUtils.java:38)
	at org.junit.jupiter.api.Assertions.fail(Assertions.java:134)
	at tp1.TestsUtils.checkOutput(TestsUtils.java:107)
	at tp1.TestsUtils.parameterizedTest(TestsUtils.java:125)
	at tp1.Tests_V2_1.testN(Tests_V2_1.java:21)
	at tp1.Tests_V2_1.test04(Tests_V2_1.java:37)
	at java.base/java.lang.reflect.Method.invoke(Method.java:580)
	at java.base/java.util.ArrayList.forEach(ArrayList.java:1596)
	at java.base/java.util.ArrayList.forEach(ArrayList.java:1596)
]]></failure>
    <system-out><![CDATA[Line: 471
Expected: Time: 100
Actual  : Time: 82

]]></system-out>
  </testcase>
  <testcase name="test05" classname="tp1.Tests_V2_1" time="0.005">
    <failure message="Line: 81&#10;Expected: Time: 100&#10;Actual  : Time: 97&#10;" type="org.opentest4j.AssertionFailedError"><![CDATA[org.opentest4j.AssertionFailedError: 
Line: 81
Expected: Time: 100
Actual  : Time: 97

	at org.junit.jupiter.api.AssertionUtils.fail(AssertionUtils.java:38)
	at org.junit.jupiter.api.Assertions.fail(Assertions.java:134)
	at tp1.TestsUtils.checkOutput(TestsUtils.java:107)
	at tp1.TestsUtils.parameterizedTest(TestsUtils.java:125)
	at tp1.Tests_V2_1.testN(Tests_V2_1.java:21)
	at tp1.Tests_V2_1.test05(Tests_V2_1.java:39)
	at java.base/java.lang.reflect.Method.invoke(Method.java:580)
	at java.base/java.util.ArrayList.forEach(ArrayList.java:1596)
	at java.base/java.util.ArrayList.forEach(ArrayList.java:1596)
]]></failure>
    <system-out><![CDATA[Line: 81
Expected: Time: 100
Actual  : Time: 97

]]></system-out>
  </testcase>
  <testcase name="test06" classname="tp1.Tests_V2_1" time="0.008"/>
</testsuite>