<?xml version="1.0" encoding="UTF-8"?>
<testsuite xmlns:xsi="http://www.w3.org/2001/XMLSchema-instance" xsi:noNamespaceSchemaLocation="https://maven.apache.org/surefire/maven-surefire-plugin/xsd/surefire-test-report-3.0.xsd" version="3.0" name="tp1.Tests_V2_1_2" time="0.112" tests="6" errors="0" skipped="0" failures="6">
  <properties>
[...]
</properties>
  <testcase name="test00" classname="tp1.Tests_V2_1_2" time="0.035">
    <failure message="Line: 1&#10;Expected: MarioBross 2.X&#10;Actual  : MarioBross 3.0&#10;" type="org.opentest4j.AssertionFailedError"><![CDATA[org.opentest4j.AssertionFailedError: 
Line: 1
Expected: MarioBross 2.X
Actual  : MarioBross 3.0

	at org.junit.jupiter.api.AssertionUtils.fail(AssertionUtils.java:38)
	at org.junit.jupiter.api.Assertions.fail(Assertions.java:134)
	at tp1.TestsUtils.checkOutput(TestsUtils.java:107)
	at tp1.TestsUtils.parameterizedTest(TestsUtils.java:125)
	at tp1.Tests_V2_1_2.testN(Tests_V2_1_2.java:20)
	at tp1.Tests_V2_1_2.test00(Tests_V2_1_2.java:28)
	at java.base/java.lang.reflect.Method.invoke(Method.java:580)
	at java.base/java.util.ArrayList.forEach(ArrayList.java:1596)
	at java.base/java.util.ArrayList.forEach(ArrayList.java:1596)
]]></failure>
    <system-out><![CDATA[Line: 1
Expected: MarioBross 2.X
Actual  : MarioBross 3.0

]]></system-out>
  </testcase>
  <testcase name="test01" classname="tp1.Tests_V2_1_2" time="0.029">
    <failure message="Line: 1&#10;Expected: MarioBross 2.X&#10;Actual  : MarioBross 3.0&#10;" type="org.opentest4j.AssertionFailedError"><![CDATA[org.opentest4j.AssertionFailedError: 
Line: 1
Expected: MarioBross 2.X
Actual  : MarioBross 3.0

	at org.junit.jupiter.api.AssertionUtils.fail(AssertionUtils.java:38)
	at org.junit.jupiter.api.Assertions.fail(Assertions.java:134)
	at tp1.TestsUtils.checkOutput(TestsUtils.java:107)
	at tp1.TestsUtils.parameterizedTest(TestsUtils.java:125)
	at tp1.Tests_V2_1_2.testN(Tests_V2_1_2.java:20)
	at tp1.Tests_V2_1_2.test01(Tests_V2_1_2.java:30)
	at java.base/java.lang.reflect.Method.invoke(Method.java:580)
	at java.base/java.util.ArrayList.forEach(ArrayList.java:1596)
	at java.base/java.util.ArrayList.forEach(ArrayList.java:1596)
]]></failure>
    <system-out><![CDATA[Line: 1
Expected: MarioBross 2.X
Actual  : MarioBross 3.0

]]></system-out>
  </testcase>
  <testcase name="test02" classname="tp1.Tests_V2_1_2" time="0.01">
    <failure message="Line: 1&#10;Expected: MarioBross 2.X&#10;Actual  : MarioBross 3.0&#10;" type="org.opentest4j.AssertionFailedError"><![CDATA[org.opentest4j.AssertionFailedError: 
Line: 1
Expected: MarioBross 2.X
Actual  : MarioBross 3.0

	at org.junit.jupiter.api.AssertionUtils.fail(AssertionUtils.java:38)
	at org.junit.jupiter.api.Assertions.fail(Assertions.java:134)
	at tp1.TestsUtils.checkOutput(TestsUtils.java:107)
	at tp1.TestsUtils.parameterizedTest(TestsUtils.java:125)
	at tp1.Tests_V2_1_2.testN(Tests_V2_1_2.java:20)
	at tp1.Tests_V2_1_2.test02(Tests_V2_1_2.java:32)
	at java.base/java.lang.reflect.Method.invoke(Method.java:580)
	at java.base/java.util.ArrayList.forEach(ArrayList.java:1596)
	at java.base/java.util.ArrayList.forEach(ArrayList.java:1596)
]]></failure>
    <system-out><![CDATA[Line: 1
Expected: MarioBross 2.X
Actual  : MarioBross 3.0

]]></system-out>
  </testcase>
  <testcase name="test03" classname="tp1.Tests_V2_1_2" time="0.015">
    <failure message="Line: 1&#10;Expected: MarioBross 2.X&#10;Actual  : MarioBross 3.0&#10;" type="org.opentest4j.AssertionFailedError"><![CDATA[org.opentest4j.AssertionFailedError: 
Line: 1
Expected: MarioBross 2.X
Actual  : MarioBross 3.0

	at org.junit.jupiter.api.AssertionUtils.fail(AssertionUtils.java:38)
	at org.junit.jupiter.api.Assertions.fail(Assertions.java:134)
	at tp1.TestsUtils.checkOutput(TestsUtils.java:107)
	at tp1.TestsUtils.parameterizedTest(TestsUtils.java:125)
	at tp1.Tests_V2_1_2.testN(Tests_V2_1_2.java:20)
	at tp1.Tests_V2_1_2.test03(Tests_V2_1_2.java:34)
	at java.base/java.lang.reflect.Method.invoke(Method.java:580)
	at java.base/java.util.ArrayList.forEach(ArrayList.java:1596)
	at java.base/java.util.ArrayList.forEach(ArrayList.java:1596)
]]></failure>
    <system-out><![CDATA[Line: 1
Expected: MarioBross 2.X
Actual  : MarioBross 3.0

]]></system-out>
  </testcase>
  <testcase name="test04" classname="tp1.Tests_V2_1_2" time="0.008">
    <failure message="Line: 1&#10;Expected: MarioBross 2.X&#10;Actual  : MarioBross 3.0&#10;" type="org.opentest4j.AssertionFailedError"><![CDATA[org.opentest4j.AssertionFailedError: 
Line: 1
Expected: MarioBross 2.X
Actual  : MarioBross 3.0

	at org.junit.jupiter.api.AssertionUtils.fail(AssertionUtils.java:38)
	at org.junit.jupiter.api.Assertions.fail(Assertions.java:134)
	at tp1.TestsUtils.checkOutput(TestsUtils.java:107)
	at tp1.TestsUtils.parameterizedTest(TestsUtils.java:125)
	at tp1.Tests_V2_1_2.testN(Tests_V2_1_2.java:20)
	at tp1.Tests_V2_1_2.test04(Tests_V2_1_2.java:36)
	at java.base/java.lang.reflect.Method.invoke(Method.java:580)
	at java.base/java.util.ArrayList.forEach(ArrayList.java:1596)
	at java.base/java.util.ArrayList.forEach(ArrayList.java:1596)
]]></failure>
    <system-out><![CDATA[Line: 1
Expected: MarioBross 2.X
Actual  : MarioBross 3.0

]]></system-out>
  </testcase>
  <testcase name="test05" classname="tp1.Tests_V2_1_2" time="0.005">
    <failure message="Line: 1&#10;Expected: MarioBross 2.X&#10;Actual  : MarioBross 3.0&#10;" type="org.opentest4j.AssertionFailedError"><![CDATA[org.opentest4j.AssertionFailedError: 
Line: 1
Expected: MarioBross 2.X
Actual  : MarioBross 3.0

	at org.junit.jupiter.api.AssertionUtils.fail(AssertionUtils.java:38)
	at org.junit.jupiter.api.Assertions.fail(Assertions.java:134)
	at tp1.TestsUtils.checkOutput(TestsUtils.java:107)
	at tp1.TestsUtils.parameterizedTest(TestsUtils.java:125)
	at tp1.Tests_V2_1_2.testN(Tests_V2_1_2.java:20)
	at tp1.Tests_V2_1_2.test05(Tests_V2_1_2.java:38)
	at java.base/java.lang.reflect.Method.invoke(Method.java:580)
	at java.base/java.util.ArrayList.forEach(ArrayList.java:1596)
	at java.base/java.util.ArrayList.forEach(ArrayList.java:1596)
]]></failure>
    <system-out><![CDATA[Line: 1
Expected: MarioBross 2.X
Actual  : MarioBross 3.0

]]></system-out>
  </testcase>
</testsuite>