<?xml version="1.0" encoding="UTF-8"?>
<testsuite xmlns:xsi="http://www.w3.org/2001/XMLSchema-instance" xsi:noNamespaceSchemaLocation="https://maven.apache.org/surefire/maven-surefire-plugin/xsd/surefire-test-report-3.0.xsd" version="3.0" name="tp1.Tests_V3" time="0.16" tests="16" errors="1" skipped="0" failures="3">
  <properties>
[...]
</properties>
  <testcase name="test00" classname="tp1.Tests_V3" time="0.028">
    <failure message="Line: 152&#10;Expected: [ERROR] Error: unknownFile (El sistema no puede encontrar el archivo especificado)&#10;Actual  : [ERROR] Error: unknownFile (No such file or directory)&#10;" type="org.opentest4j.AssertionFailedError"><![CDATA[org.opentest4j.AssertionFailedError: 
Line: 152
Expected: [ERROR] Error: unknownFile (El sistema no puede encontrar el archivo especificado)
Actual  : [ERROR] Error: unknownFile (No such file or directory)

	at org.junit.jupiter.api.AssertionUtils.fail(AssertionUtils.java:38)
	at org.junit.jupiter.api.Assertions.fail(Assertions.java:134)
	at tp1.TestsUtils.checkOutput(TestsUtils.java:107)
	at tp1.TestsUtils.parameterizedTest(TestsUtils.java:125)
	at tp1.Tests_V3.testN(Tests_V3.java:31)
	at tp1.Tests_V3.test00(Tests_V3.java:38)
	at java.base/java.lang.reflect.Method.invoke(Method.java:580)
	at java.base/java.util.ArrayList.forEach(ArrayList.java:1596)
	at java.base/java.util.ArrayList.forEach(ArrayList.java:1596)
]]></failure>
    <system-out><![CDATA[Line: 152
Expected: [ERROR] Error: unknownFile (El sistema no puede encontrar el archivo especificado)
Actual  : [ERROR] Error: unknownFile (No such file or directory)

]]></system-out>
  </testcase>
  <testcase name="test01" classname="tp1.Tests_V3" time="0.023"/>
  <testcase name="test02" classname="tp1.Tests_V3" time="0.007">
    <failure message="Line: 31&#10;Expected: [ERROR] Error: conf (El sistema no puede encontrar el archivo especificado)&#10;Actual  : [ERROR] Error: conf (No such file or directory)&#10;" type="org.opentest4j.AssertionFailedError"><![CDATA[org.opentest4j.AssertionFailedError: 
Line: 31
Expected: [ERROR] Error: conf (El sistema no puede encontrar el archivo especificado)
Actual  : [ERROR] Error: conf (No such file or directory)

	at org.junit.jupiter.api.AssertionUtils.fail(AssertionUtils.java:38)
	at org.junit.jupiter.api.Assertions.fail(Assertions.java:134)
	at tp1.TestsUtils.checkOutput(TestsUtils.java:107)
	at tp1.TestsUtils.parameterizedTest(TestsUtils.java:125)
	at tp1.Tests_V3.testN(Tests_V3.java:31)
	at tp1.Tests_V3.test02(Tests_V3.java:42)
	at java.base/java.lang.reflect.Method.invoke(Method.java:580)
	at java.base/java.util.ArrayList.forEach(ArrayList.java:1596)
	at java.base/java.util.ArrayList.forEach(ArrayList.java:1596)
]]></failure>
    <system-out><![CDATA[Line: 31
Expected: [ERROR] Error: conf (El sistema no puede encontrar el archivo especificado)
Actual  : [ERROR] Error: conf (No such file or directory)

]]></system-out>
  </testcase>
  <testcase name="test03" classname="tp1.Tests_V3" time="0.004"/>
  <testcase name="test04" classname="tp1.Tests_V3" time="0.021">
    <failure message="Line: 375&#10;Expected: Time: 99&#10;Actual  : Time: 96&#10;" type="org.opentest4j.AssertionFailedError"><![CDATA[org.opentest4j.AssertionFailedError: 
Line: 375
Expected: Time: 99
Actual  : Time: 96

	at org.junit.jupiter.api.AssertionUtils.fail(AssertionUtils.java:38)
	at org.junit.jupiter.api.Assertions.fail(Assertions.java:134)
	at tp1.TestsUtils.checkOutput(TestsUtils.java:107)
	at tp1.TestsUtils.parameterizedTest(TestsUtils.java:125)
	at tp1.Tests_V3.testN(Tests_V3.java:31)
	at tp1.Tests_V3.test04(Tests_V3.java:46)
	at java.base/java.lang.reflect.Method.invoke(Method.java:580)
	at java.base/java.util.ArrayList.forEach(ArrayList.java:1596)
	at java.base/java.util.ArrayList.forEach(ArrayList.java:1596)
]]></failure>
    <system-out><![CDATA[Line: 375
Expected: Time: 99
Actual  : Time: 96

]]></system-out>
  </testcase>
  <testcase name="test05" classname="tp1.Tests_V3" time="0.016"/>
  <testcase name="test06" classname="tp1.Tests_V3" time="0.011"/>
  <testcase name="test07" classname="tp1.Tests_V3" time="0.014"/>
  <testcase name="test08" classname="tp1.Tests_V3" time="0.006"/>
  <testcase name="test09" classname="tp1.Tests_V3" time="0.005"/>
  <testcase name="test10" classname="tp1.Tests_V3" time="0.003"/>
  <testcase name="test11" classname="tp1.Tests_V3" time="0.004"/>
  <testcase name="test12" classname="tp1.Tests_V3" time="0.001"/>
  <testcase name="test13" classname="tp1.Tests_V3" time="0.004"/>
  <testcase name="test14" classname="tp1.Tests_V3" time="0.003"/>
  <testcase name="testOPTIONAL" classname="tp1.Tests_V3" time="0.001">
    <error message="Cannot invoke &quot;tp1.logic.GameObjectContainer.positionToString(int, int)&quot; because &quot;this.gameObjects&quot; is null" type="java.lang.NullPointerException"><![CDATA[java.lang.NullPointerException: Cannot invoke "tp1.logic.GameObjectContainer.positionToString(int, int)" because "this.gameObjects" is null
	at tp1.logic.Game.positionToString(Game.java:112)
	at tp1.view.ConsoleView.toString(ConsoleView.java:89)
	at tp1.view.ConsoleView.showGame(ConsoleView.java:138)
	at tp1.control.Controller.run(Controller.java:27)
	at tp1.Main.main(Main.java:33)
	at tp1.TestsUtils.parameterizedTest(TestsUtils.java:120)
	at tp1.Tests_V3.testN(Tests_V3.java:31)
	at tp1.Tests_V3.testOPTIONAL(Tests_V3.java:69)
	at java.base/java.lang.reflect.Method.invoke(Method.java:580)
	at java.base/java.util.ArrayList.forEach(ArrayList.java:1596)
	at java.base/java.util.ArrayList.forEach(ArrayList.java:1596)
]]></error>
  </testcase>
</testsuite>