<?xml version="1.0" encoding="UTF-8"?>
<testsuite xmlns:xsi="http://www.w3.org/2001/XMLSchema-instance" xsi:noNamespaceSchemaLocation="https://maven.apache.org/surefire/maven-surefire-plugin/xsd/surefire-test-report-3.0.xsd" version="3.0" name="tp1.Tests_V2_1_2" time="0.112" tests="6" errors="0" skipped="0" failures="6">
  <properties>
    <property name="java.specification.version" value="21"/>
    <property name="sun.jnu.encoding" value="UTF-8"/>
    <property name="java.class.path" value="/Users/davidarranz/Library/CloudStorage/OneDrive-UniversidadComplutensedeMadrid(UCM)/Asignaturas/SEGUNDO DE CARRERA/TP1/Segunda matricula/PRACTICA/P3-Practica-MarioBros-TP1/target/test-classes:/Users/davidarranz/Library/CloudStorage/OneDrive-UniversidadComplutensedeMadrid(UCM)/Asignaturas/SEGUNDO DE CARRERA/TP1/Segunda matricula/PRACTICA/P3-Practica-MarioBros-TP1/target/classes:/Users/davidarranz/.m2/repository/org/junit/jupiter/junit-jupiter-api/5.10.0/junit-jupiter-api-5.10.0.jar:/Users/davidarranz/.m2/repository/org/opentest4j/opentest4j/1.3.0/opentest4j-1.3.0.jar:/Users/davidarranz/.m2/repository/org/junit/platform/junit-platform-commons/1.10.0/junit-platform-commons-1.10.0.jar:/Users/davidarranz/.m2/repository/org/apiguardian/apiguardian-api/1.1.2/apiguardian-api-1.1.2.jar:"/>
    <property name="java.vm.vendor" value="Oracle Corporation"/>
    <property name="sun.arch.data.model" value="64"/>
    <property name="java.vendor.url" value="https://java.oracle.com/"/>
    <property name="os.name" value="Mac OS X"/>
    <property name="java.vm.specification.version" value="21"/>
    <property name="user.country" value="ES"/>
    <property name="sun.java.launcher" value="SUN_STANDARD"/>
    <property name="sun.boot.library.path" value="/Library/Java/JavaVirtualMachines/jdk-21.0.8.jdk/Contents/Home/lib"/>
    <property name="sun.java.command" value="/Users/davidarranz/Library/CloudStorage/OneDrive-UniversidadComplutensedeMadrid(UCM)/Asignaturas/SEGUNDO DE CARRERA/TP1/Segunda matricula/PRACTICA/P3-Practica-MarioBros-TP1/target/surefire/surefirebooter-20251128220134683_3.jar /Users/davidarranz/Library/CloudStorage/OneDrive-UniversidadComplutensedeMadrid(UCM)/Asignaturas/SEGUNDO DE CARRERA/TP1/Segunda matricula/PRACTICA/P3-Practica-MarioBros-TP1/target/surefire 2025-11-28T22-01-34_653-jvmRun1 surefire-20251128220134683_1tmp surefire_0-20251128220134683_2tmp"/>
    <property name="jdk.debug" value="release"/>
    <property name="surefire.test.class.path" value="/Users/davidarranz/Library/CloudStorage/OneDrive-UniversidadComplutensedeMadrid(UCM)/Asignaturas/SEGUNDO DE CARRERA/TP1/Segunda matricula/PRACTICA/P3-Practica-MarioBros-TP1/target/test-classes:/Users/davidarranz/Library/CloudStorage/OneDrive-UniversidadComplutensedeMadrid(UCM)/Asignaturas/SEGUNDO DE CARRERA/TP1/Segunda matricula/PRACTICA/P3-Practica-MarioBros-TP1/target/classes:/Users/davidarranz/.m2/repository/org/junit/jupiter/junit-jupiter-api/5.10.0/junit-jupiter-api-5.10.0.jar:/Users/davidarranz/.m2/repository/org/opentest4j/opentest4j/1.3.0/opentest4j-1.3.0.jar:/Users/davidarranz/.m2/repository/org/junit/platform/junit-platform-commons/1.10.0/junit-platform-commons-1.10.0.jar:/Users/davidarranz/.m2/repository/org/apiguardian/apiguardian-api/1.1.2/apiguardian-api-1.1.2.jar:"/>
    <property name="sun.cpu.endian" value="little"/>
    <property name="user.home" value="/Users/davidarranz"/>
    <property name="user.language" value="es"/>
    <property name="java.specification.vendor" value="Oracle Corporation"/>
    <property name="java.version.date" value="2025-07-15"/>
    <property name="java.home" value="/Library/Java/JavaVirtualMachines/jdk-21.0.8.jdk/Contents/Home"/>
    <property name="file.separator" value="/"/>
    <property name="basedir" value="/Users/davidarranz/Library/CloudStorage/OneDrive-UniversidadComplutensedeMadrid(UCM)/Asignaturas/SEGUNDO DE CARRERA/TP1/Segunda matricula/PRACTICA/P3-Practica-MarioBros-TP1"/>
    <property name="java.vm.compressedOopsMode" value="Zero based"/>
    <property name="line.separator" value="&#10;"/>
    <property name="java.specification.name" value="Java Platform API Specification"/>
    <property name="java.vm.specification.vendor" value="Oracle Corporation"/>
    <property name="apple.awt.application.name" value="ForkedBooter"/>
    <property name="surefire.real.class.path" value="/Users/davidarranz/Library/CloudStorage/OneDrive-UniversidadComplutensedeMadrid(UCM)/Asignaturas/SEGUNDO DE CARRERA/TP1/Segunda matricula/PRACTICA/P3-Practica-MarioBros-TP1/target/surefire/surefirebooter-20251128220134683_3.jar"/>
    <property name="sun.management.compiler" value="HotSpot 64-Bit Tiered Compilers"/>
    <property name="java.runtime.version" value="21.0.8+12-LTS-250"/>
    <property name="user.name" value="davidarranz"/>
    <property name="stdout.encoding" value="UTF-8"/>
    <property name="path.separator" value=":"/>
    <property name="os.version" value="26.1"/>
    <property name="java.runtime.name" value="Java(TM) SE Runtime Environment"/>
    <property name="file.encoding" value="UTF-8"/>
    <property name="java.vm.name" value="Java HotSpot(TM) 64-Bit Server VM"/>
    <property name="maven.ext.class.path" value="/Users/davidarranz/.vscode/extensions/oracle.oracle-java-24.1.2/nbcode/java/maven-nblib/netbeans-eventspy.jar"/>
    <property name="localRepository" value="/Users/davidarranz/.m2/repository"/>
    <property name="java.vendor.url.bug" value="https://bugreport.java.com/bugreport/"/>
    <property name="java.io.tmpdir" value="/var/folders/z9/_3y3tktn3v1f5sgr6y7qk_m40000gn/T/"/>
    <property name="java.version" value="21.0.8"/>
    <property name="user.dir" value="/Users/davidarranz/Library/CloudStorage/OneDrive-UniversidadComplutensedeMadrid(UCM)/Asignaturas/SEGUNDO DE CARRERA/TP1/Segunda matricula/PRACTICA/P3-Practica-MarioBros-TP1"/>
    <property name="os.arch" value="aarch64"/>
    <property name="java.vm.specification.name" value="Java Virtual Machine Specification"/>
    <property name="native.encoding" value="UTF-8"/>
    <property name="java.library.path" value="/Users/davidarranz/Library/Java/Extensions:/Library/Java/Extensions:/Network/Library/Java/Extensions:/System/Library/Java/Extensions:/usr/lib/java:."/>
    <property name="java.vm.info" value="mixed mode, sharing"/>
    <property name="stderr.encoding" value="UTF-8"/>
    <property name="java.vendor" value="Oracle Corporation"/>
    <property name="java.vm.version" value="21.0.8+12-LTS-250"/>
    <property name="sun.io.unicode.encoding" value="UnicodeBig"/>
    <property name="java.class.version" value="65.0"/>
  </properties>
  <testcase name="test00" classname="tp1.Tests_V2_1_2" time="0.035">
    <failure message="Line: 1&#10;Expected: MarioBross 2.X&#10;Actual  : MarioBross 3.0&#10;" type="org.opentest4j.AssertionFailedError"><![CDATA[org.opentest4j.AssertionFailedError: 
Line: 1
Expected: MarioBross 2.X
Actual  : MarioBross 3.0

	at org.junit.jupiter.api.AssertionUtils.fail(AssertionUtils.java:38)
	at org.junit.jupiter.api.Assertions.fail(Assertions.java:134)
	at tp1.TestsUtils.checkOutput(TestsUtils.java:107)
	at tp1.TestsUtils.parameterizedTest(TestsUtils.java:125)
	at tp1.Tests_V2_1_2.testN(Tests_V2_1_2.java:20)
	at tp1.Tests_V2_1_2.test00(Tests_V2_1_2.java:28)
	at java.base/java.lang.reflect.Method.invoke(Method.java:580)
	at java.base/java.util.ArrayList.forEach(ArrayList.java:1596)
	at java.base/java.util.ArrayList.forEach(ArrayList.java:1596)
]]></failure>
    <system-out><![CDATA[Line: 1
Expected: MarioBross 2.X
Actual  : MarioBross 3.0

]]></system-out>
  </testcase>
  <testcase name="test01" classname="tp1.Tests_V2_1_2" time="0.029">
    <failure message="Line: 1&#10;Expected: MarioBross 2.X&#10;Actual  : MarioBross 3.0&#10;" type="org.opentest4j.AssertionFailedError"><![CDATA[org.opentest4j.AssertionFailedError: 
Line: 1
Expected: MarioBross 2.X
Actual  : MarioBross 3.0

	at org.junit.jupiter.api.AssertionUtils.fail(AssertionUtils.java:38)
	at org.junit.jupiter.api.Assertions.fail(Assertions.java:134)
	at tp1.TestsUtils.checkOutput(TestsUtils.java:107)
	at tp1.TestsUtils.parameterizedTest(TestsUtils.java:125)
	at tp1.Tests_V2_1_2.testN(Tests_V2_1_2.java:20)
	at tp1.Tests_V2_1_2.test01(Tests_V2_1_2.java:30)
	at java.base/java.lang.reflect.Method.invoke(Method.java:580)
	at java.base/java.util.ArrayList.forEach(ArrayList.java:1596)
	at java.base/java.util.ArrayList.forEach(ArrayList.java:1596)
]]></failure>
    <system-out><![CDATA[Line: 1
Expected: MarioBross 2.X
Actual  : MarioBross 3.0

]]></system-out>
  </testcase>
  <testcase name="test02" classname="tp1.Tests_V2_1_2" time="0.01">
    <failure message="Line: 1&#10;Expected: MarioBross 2.X&#10;Actual  : MarioBross 3.0&#10;" type="org.opentest4j.AssertionFailedError"><![CDATA[org.opentest4j.AssertionFailedError: 
Line: 1
Expected: MarioBross 2.X
Actual  : MarioBross 3.0

	at org.junit.jupiter.api.AssertionUtils.fail(AssertionUtils.java:38)
	at org.junit.jupiter.api.Assertions.fail(Assertions.java:134)
	at tp1.TestsUtils.checkOutput(TestsUtils.java:107)
	at tp1.TestsUtils.parameterizedTest(TestsUtils.java:125)
	at tp1.Tests_V2_1_2.testN(Tests_V2_1_2.java:20)
	at tp1.Tests_V2_1_2.test02(Tests_V2_1_2.java:32)
	at java.base/java.lang.reflect.Method.invoke(Method.java:580)
	at java.base/java.util.ArrayList.forEach(ArrayList.java:1596)
	at java.base/java.util.ArrayList.forEach(ArrayList.java:1596)
]]></failure>
    <system-out><![CDATA[Line: 1
Expected: MarioBross 2.X
Actual  : MarioBross 3.0

]]></system-out>
  </testcase>
  <testcase name="test03" classname="tp1.Tests_V2_1_2" time="0.015">
    <failure message="Line: 1&#10;Expected: MarioBross 2.X&#10;Actual  : MarioBross 3.0&#10;" type="org.opentest4j.AssertionFailedError"><![CDATA[org.opentest4j.AssertionFailedError: 
Line: 1
Expected: MarioBross 2.X
Actual  : MarioBross 3.0

	at org.junit.jupiter.api.AssertionUtils.fail(AssertionUtils.java:38)
	at org.junit.jupiter.api.Assertions.fail(Assertions.java:134)
	at tp1.TestsUtils.checkOutput(TestsUtils.java:107)
	at tp1.TestsUtils.parameterizedTest(TestsUtils.java:125)
	at tp1.Tests_V2_1_2.testN(Tests_V2_1_2.java:20)
	at tp1.Tests_V2_1_2.test03(Tests_V2_1_2.java:34)
	at java.base/java.lang.reflect.Method.invoke(Method.java:580)
	at java.base/java.util.ArrayList.forEach(ArrayList.java:1596)
	at java.base/java.util.ArrayList.forEach(ArrayList.java:1596)
]]></failure>
    <system-out><![CDATA[Line: 1
Expected: MarioBross 2.X
Actual  : MarioBross 3.0

]]></system-out>
  </testcase>
  <testcase name="test04" classname="tp1.Tests_V2_1_2" time="0.008">
    <failure message="Line: 1&#10;Expected: MarioBross 2.X&#10;Actual  : MarioBross 3.0&#10;" type="org.opentest4j.AssertionFailedError"><![CDATA[org.opentest4j.AssertionFailedError: 
Line: 1
Expected: MarioBross 2.X
Actual  : MarioBross 3.0

	at org.junit.jupiter.api.AssertionUtils.fail(AssertionUtils.java:38)
	at org.junit.jupiter.api.Assertions.fail(Assertions.java:134)
	at tp1.TestsUtils.checkOutput(TestsUtils.java:107)
	at tp1.TestsUtils.parameterizedTest(TestsUtils.java:125)
	at tp1.Tests_V2_1_2.testN(Tests_V2_1_2.java:20)
	at tp1.Tests_V2_1_2.test04(Tests_V2_1_2.java:36)
	at java.base/java.lang.reflect.Method.invoke(Method.java:580)
	at java.base/java.util.ArrayList.forEach(ArrayList.java:1596)
	at java.base/java.util.ArrayList.forEach(ArrayList.java:1596)
]]></failure>
    <system-out><![CDATA[Line: 1
Expected: MarioBross 2.X
Actual  : MarioBross 3.0

]]></system-out>
  </testcase>
  <testcase name="test05" classname="tp1.Tests_V2_1_2" time="0.005">
    <failure message="Line: 1&#10;Expected: MarioBross 2.X&#10;Actual  : MarioBross 3.0&#10;" type="org.opentest4j.AssertionFailedError"><![CDATA[org.opentest4j.AssertionFailedError: 
Line: 1
Expected: MarioBross 2.X
Actual  : MarioBross 3.0

	at org.junit.jupiter.api.AssertionUtils.fail(AssertionUtils.java:38)
	at org.junit.jupiter.api.Assertions.fail(Assertions.java:134)
	at tp1.TestsUtils.checkOutput(TestsUtils.java:107)
	at tp1.TestsUtils.parameterizedTest(TestsUtils.java:125)
	at tp1.Tests_V2_1_2.testN(Tests_V2_1_2.java:20)
	at tp1.Tests_V2_1_2.test05(Tests_V2_1_2.java:38)
	at java.base/java.lang.reflect.Method.invoke(Method.java:580)
	at java.base/java.util.ArrayList.forEach(ArrayList.java:1596)
	at java.base/java.util.ArrayList.forEach(ArrayList.java:1596)
]]></failure>
    <system-out><![CDATA[Line: 1
Expected: MarioBross 2.X
Actual  : MarioBross 3.0

]]></system-out>
  </testcase>
</testsuite>