<?xml version="1.0" encoding="UTF-8"?>
<testsuite xmlns:xsi="http://www.w3.org/2001/XMLSchema-instance" xsi:noNamespaceSchemaLocation="https://maven.apache.org/surefire/maven-surefire-plugin/xsd/surefire-test-report-3.0.xsd" version="3.0" name="tp1.Tests_V2_2" time="0.03" tests="7" errors="0" skipped="0" failures="7">
  <properties>
[...]
</properties>
  <testcase name="test00" classname="tp1.Tests_V2_2" time="0.001">
    <failure message="Line: 31&#10;Expected:       &lt;object_description&gt; = (col,row) objName [dir [BIG|SMALL]]. Ej. (12,3) Mario LEFT SMALL&#10;Actual  :   &lt;object_description&gt; = (col,row) objName [dir [BIG|SMALL]]. Ej. (12,3) Mario LEFT SMALL&#10;" type="org.opentest4j.AssertionFailedError"><![CDATA[org.opentest4j.AssertionFailedError: 
Line: 31
Expected:       <object_description> = (col,row) objName [dir [BIG|SMALL]]. Ej. (12,3) Mario LEFT SMALL
Actual  :   <object_description> = (col,row) objName [dir [BIG|SMALL]]. Ej. (12,3) Mario LEFT SMALL

	at org.junit.jupiter.api.AssertionUtils.fail(AssertionUtils.java:38)
	at org.junit.jupiter.api.Assertions.fail(Assertions.java:134)
	at tp1.TestsUtils.checkOutput(TestsUtils.java:107)
	at tp1.TestsUtils.parameterizedTest(TestsUtils.java:125)
	at tp1.Tests_V2_2.testN(Tests_V2_2.java:21)
	at tp1.Tests_V2_2.test00(Tests_V2_2.java:30)
	at java.base/java.lang.reflect.Method.invoke(Method.java:580)
	at java.base/java.util.ArrayList.forEach(ArrayList.java:1596)
	at java.base/java.util.ArrayList.forEach(ArrayList.java:1596)
]]></failure>
    <system-out><![CDATA[Line: 31
Expected:       <object_description> = (col,row) objName [dir [BIG|SMALL]]. Ej. (12,3) Mario LEFT SMALL
Actual  :   <object_description> = (col,row) objName [dir [BIG|SMALL]]. Ej. (12,3) Mario LEFT SMALL

]]></system-out>
  </testcase>
  <testcase name="test01" classname="tp1.Tests_V2_2" time="0.007">
    <failure message="Line: 55&#10;Expected: Time: 99&#10;Actual  : Time: 100&#10;" type="org.opentest4j.AssertionFailedError"><![CDATA[org.opentest4j.AssertionFailedError: 
Line: 55
Expected: Time: 99
Actual  : Time: 100

	at org.junit.jupiter.api.AssertionUtils.fail(AssertionUtils.java:38)
	at org.junit.jupiter.api.Assertions.fail(Assertions.java:134)
	at tp1.TestsUtils.checkOutput(TestsUtils.java:107)
	at tp1.TestsUtils.parameterizedTest(TestsUtils.java:125)
	at tp1.Tests_V2_2.testN(Tests_V2_2.java:21)
	at tp1.Tests_V2_2.test01(Tests_V2_2.java:35)
	at java.base/java.lang.reflect.Method.invoke(Method.java:580)
	at java.base/java.util.ArrayList.forEach(ArrayList.java:1596)
	at java.base/java.util.ArrayList.forEach(ArrayList.java:1596)
]]></failure>
    <system-out><![CDATA[Line: 55
Expected: Time: 99
Actual  : Time: 100

]]></system-out>
  </testcase>
  <testcase name="test02" classname="tp1.Tests_V2_2" time="0.005">
    <failure message="Line: 82&#10;Expected: Points: 200&#10;Actual  : Points: 100&#10;" type="org.opentest4j.AssertionFailedError"><![CDATA[org.opentest4j.AssertionFailedError: 
Line: 82
Expected: Points: 200
Actual  : Points: 100

	at org.junit.jupiter.api.AssertionUtils.fail(AssertionUtils.java:38)
	at org.junit.jupiter.api.Assertions.fail(Assertions.java:134)
	at tp1.TestsUtils.checkOutput(TestsUtils.java:107)
	at tp1.TestsUtils.parameterizedTest(TestsUtils.java:125)
	at tp1.Tests_V2_2.testN(Tests_V2_2.java:21)
	at tp1.Tests_V2_2.test02(Tests_V2_2.java:40)
	at java.base/java.lang.reflect.Method.invoke(Method.java:580)
	at java.base/java.util.ArrayList.forEach(ArrayList.java:1596)
	at java.base/java.util.ArrayList.forEach(ArrayList.java:1596)
]]></failure>
    <system-out><![CDATA[Line: 82
Expected: Points: 200
Actual  : Points: 100

]]></system-out>
  </testcase>
  <testcase name="test03" classname="tp1.Tests_V2_2" time="0.004">
    <failure message="Line: 47&#10;Expected:  12┃                                                                                                                        ┃12&#10;Actual  :  12┃     🧍                                                                                                                 ┃12&#10;" type="org.opentest4j.AssertionFailedError"><![CDATA[org.opentest4j.AssertionFailedError: 
Line: 47
Expected:  12┃                                                                                                                        ┃12
Actual  :  12┃     🧍                                                                                                                 ┃12

	at org.junit.jupiter.api.AssertionUtils.fail(AssertionUtils.java:38)
	at org.junit.jupiter.api.Assertions.fail(Assertions.java:134)
	at tp1.TestsUtils.checkOutput(TestsUtils.java:107)
	at tp1.TestsUtils.parameterizedTest(TestsUtils.java:125)
	at tp1.Tests_V2_2.testN(Tests_V2_2.java:21)
	at tp1.Tests_V2_2.test03(Tests_V2_2.java:45)
	at java.base/java.lang.reflect.Method.invoke(Method.java:580)
	at java.base/java.util.ArrayList.forEach(ArrayList.java:1596)
	at java.base/java.util.ArrayList.forEach(ArrayList.java:1596)
]]></failure>
    <system-out><![CDATA[Line: 47
Expected:  12┃                                                                                                                        ┃12
Actual  :  12┃     🧍                                                                                                                 ┃12

]]></system-out>
  </testcase>
  <testcase name="test04" classname="tp1.Tests_V2_2" time="0.002">
    <failure message="Line: 32&#10;Expected: [ERROR] Error: Invalid game object: (-1,-1) Land&#10;Actual  : Invalid game object: (-1,-1) Land&#10;" type="org.opentest4j.AssertionFailedError"><![CDATA[org.opentest4j.AssertionFailedError: 
Line: 32
Expected: [ERROR] Error: Invalid game object: (-1,-1) Land
Actual  : Invalid game object: (-1,-1) Land

	at org.junit.jupiter.api.AssertionUtils.fail(AssertionUtils.java:38)
	at org.junit.jupiter.api.Assertions.fail(Assertions.java:134)
	at tp1.TestsUtils.checkOutput(TestsUtils.java:107)
	at tp1.TestsUtils.parameterizedTest(TestsUtils.java:125)
	at tp1.Tests_V2_2.testN(Tests_V2_2.java:21)
	at tp1.Tests_V2_2.test04(Tests_V2_2.java:50)
	at java.base/java.lang.reflect.Method.invoke(Method.java:580)
	at java.base/java.util.ArrayList.forEach(ArrayList.java:1596)
	at java.base/java.util.ArrayList.forEach(ArrayList.java:1596)
]]></failure>
    <system-out><![CDATA[Line: 32
Expected: [ERROR] Error: Invalid game object: (-1,-1) Land
Actual  : Invalid game object: (-1,-1) Land

]]></system-out>
  </testcase>
  <testcase name="test05" classname="tp1.Tests_V2_2" time="0.003">
    <failure message="Line: 9&#10;Expected:   0┃                                                                             🐻                                         ┃0&#10;Actual  :   0┃                                                                                                                        ┃0&#10;" type="org.opentest4j.AssertionFailedError"><![CDATA[org.opentest4j.AssertionFailedError: 
Line: 9
Expected:   0┃                                                                             🐻                                         ┃0
Actual  :   0┃                                                                                                                        ┃0

	at org.junit.jupiter.api.AssertionUtils.fail(AssertionUtils.java:38)
	at org.junit.jupiter.api.Assertions.fail(Assertions.java:134)
	at tp1.TestsUtils.checkOutput(TestsUtils.java:107)
	at tp1.TestsUtils.parameterizedTest(TestsUtils.java:125)
	at tp1.Tests_V2_2.testN(Tests_V2_2.java:21)
	at tp1.Tests_V2_2.test05(Tests_V2_2.java:55)
	at java.base/java.lang.reflect.Method.invoke(Method.java:580)
	at java.base/java.util.ArrayList.forEach(ArrayList.java:1596)
	at java.base/java.util.ArrayList.forEach(ArrayList.java:1596)
]]></failure>
    <system-out><![CDATA[Line: 9
Expected:   0┃                                                                             🐻                                         ┃0
Actual  :   0┃                                                                                                                        ┃0

]]></system-out>
  </testcase>
  <testcase name="test06" classname="tp1.Tests_V2_2" time="0.004">
    <failure message="Line: 9&#10;Expected:   0┃                                                                             🐻                                         ┃0&#10;Actual  :   0┃                                                                                                                        ┃0&#10;" type="org.opentest4j.AssertionFailedError"><![CDATA[org.opentest4j.AssertionFailedError: 
Line: 9
Expected:   0┃                                                                             🐻                                         ┃0
Actual  :   0┃                                                                                                                        ┃0

	at org.junit.jupiter.api.AssertionUtils.fail(AssertionUtils.java:38)
	at org.junit.jupiter.api.Assertions.fail(Assertions.java:134)
	at tp1.TestsUtils.checkOutput(TestsUtils.java:107)
	at tp1.TestsUtils.parameterizedTest(TestsUtils.java:125)
	at tp1.Tests_V2_2.testN(Tests_V2_2.java:21)
	at tp1.Tests_V2_2.test06(Tests_V2_2.java:60)
	at java.base/java.lang.reflect.Method.invoke(Method.java:580)
	at java.base/java.util.ArrayList.forEach(ArrayList.java:1596)
	at java.base/java.util.ArrayList.forEach(ArrayList.java:1596)
]]></failure>
    <system-out><![CDATA[Line: 9
Expected:   0┃                                                                             🐻                                         ┃0
Actual  :   0┃                                                                                                                        ┃0

]]></system-out>
  </testcase>
</testsuite>