<?xml version="1.0" encoding="UTF-8"?>
<testsuite xmlns:xsi="http://www.w3.org/2001/XMLSchema-instance" xsi:noNamespaceSchemaLocation="https://maven.apache.org/surefire/maven-surefire-plugin/xsd/surefire-test-report-3.0.xsd" version="3.0" name="tp1.Tests_V2_2" time="0.029" tests="7" errors="0" skipped="0" failures="7">
  <properties>
[...]
</properties>
  <testcase name="test00" classname="tp1.Tests_V2_2" time="0.001">
    <failure message="Line: 30&#10;Expected:    [a]dd[O]bject &lt;object_description&gt;: adds to the board the object given by object_description.&#10;Actual  :    [a]ction [[R]IGHT | [L]EFT | [U]P | [D]OWN | [S]TOP]+: user performs actions&#10;" type="org.opentest4j.AssertionFailedError"><![CDATA[org.opentest4j.AssertionFailedError: 
Line: 30
Expected:    [a]dd[O]bject <object_description>: adds to the board the object given by object_description.
Actual  :    [a]ction [[R]IGHT | [L]EFT | [U]P | [D]OWN | [S]TOP]+: user performs actions

	at org.junit.jupiter.api.AssertionUtils.fail(AssertionUtils.java:38)
	at org.junit.jupiter.api.Assertions.fail(Assertions.java:134)
	at tp1.TestsUtils.checkOutput(TestsUtils.java:107)
	at tp1.TestsUtils.parameterizedTest(TestsUtils.java:125)
	at tp1.Tests_V2_2.testN(Tests_V2_2.java:21)
	at tp1.Tests_V2_2.test00(Tests_V2_2.java:30)
	at java.base/java.lang.reflect.Method.invoke(Method.java:580)
	at java.base/java.util.ArrayList.forEach(ArrayList.java:1596)
	at java.base/java.util.ArrayList.forEach(ArrayList.java:1596)
]]></failure>
    <system-out><![CDATA[Line: 30
Expected:    [a]dd[O]bject <object_description>: adds to the board the object given by object_description.
Actual  :    [a]ction [[R]IGHT | [L]EFT | [U]P | [D]OWN | [S]TOP]+: user performs actions

]]></system-out>
  </testcase>
  <testcase name="test01" classname="tp1.Tests_V2_2" time="0.006">
    <failure message="Line: 29&#10;Expected: Time: 100&#10;Actual  : Invalid game object: (10,0) Goomba&#10;" type="org.opentest4j.AssertionFailedError"><![CDATA[org.opentest4j.AssertionFailedError: 
Line: 29
Expected: Time: 100
Actual  : Invalid game object: (10,0) Goomba

	at org.junit.jupiter.api.AssertionUtils.fail(AssertionUtils.java:38)
	at org.junit.jupiter.api.Assertions.fail(Assertions.java:134)
	at tp1.TestsUtils.checkOutput(TestsUtils.java:107)
	at tp1.TestsUtils.parameterizedTest(TestsUtils.java:125)
	at tp1.Tests_V2_2.testN(Tests_V2_2.java:21)
	at tp1.Tests_V2_2.test01(Tests_V2_2.java:35)
	at java.base/java.lang.reflect.Method.invoke(Method.java:580)
	at java.base/java.util.ArrayList.forEach(ArrayList.java:1596)
	at java.base/java.util.ArrayList.forEach(ArrayList.java:1596)
]]></failure>
    <system-out><![CDATA[Line: 29
Expected: Time: 100
Actual  : Invalid game object: (10,0) Goomba

]]></system-out>
  </testcase>
  <testcase name="test02" classname="tp1.Tests_V2_2" time="0.004">
    <failure message="Line: 81&#10;Expected: Time: 100&#10;Actual  : Time: 97&#10;" type="org.opentest4j.AssertionFailedError"><![CDATA[org.opentest4j.AssertionFailedError: 
Line: 81
Expected: Time: 100
Actual  : Time: 97

	at org.junit.jupiter.api.AssertionUtils.fail(AssertionUtils.java:38)
	at org.junit.jupiter.api.Assertions.fail(Assertions.java:134)
	at tp1.TestsUtils.checkOutput(TestsUtils.java:107)
	at tp1.TestsUtils.parameterizedTest(TestsUtils.java:125)
	at tp1.Tests_V2_2.testN(Tests_V2_2.java:21)
	at tp1.Tests_V2_2.test02(Tests_V2_2.java:40)
	at java.base/java.lang.reflect.Method.invoke(Method.java:580)
	at java.base/java.util.ArrayList.forEach(ArrayList.java:1596)
	at java.base/java.util.ArrayList.forEach(ArrayList.java:1596)
]]></failure>
    <system-out><![CDATA[Line: 81
Expected: Time: 100
Actual  : Time: 97

]]></system-out>
  </testcase>
  <testcase name="test03" classname="tp1.Tests_V2_2" time="0.004">
    <failure message="Line: 47&#10;Expected:  12┃                                                                                                                        ┃12&#10;Actual  :  12┃     🧍                                                                                                                 ┃12&#10;" type="org.opentest4j.AssertionFailedError"><![CDATA[org.opentest4j.AssertionFailedError: 
Line: 47
Expected:  12┃                                                                                                                        ┃12
Actual  :  12┃     🧍                                                                                                                 ┃12

	at org.junit.jupiter.api.AssertionUtils.fail(AssertionUtils.java:38)
	at org.junit.jupiter.api.Assertions.fail(Assertions.java:134)
	at tp1.TestsUtils.checkOutput(TestsUtils.java:107)
	at tp1.TestsUtils.parameterizedTest(TestsUtils.java:125)
	at tp1.Tests_V2_2.testN(Tests_V2_2.java:21)
	at tp1.Tests_V2_2.test03(Tests_V2_2.java:45)
	at java.base/java.lang.reflect.Method.invoke(Method.java:580)
	at java.base/java.util.ArrayList.forEach(ArrayList.java:1596)
	at java.base/java.util.ArrayList.forEach(ArrayList.java:1596)
]]></failure>
    <system-out><![CDATA[Line: 47
Expected:  12┃                                                                                                                        ┃12
Actual  :  12┃     🧍                                                                                                                 ┃12

]]></system-out>
  </testcase>
  <testcase name="test04" classname="tp1.Tests_V2_2" time="0.002">
    <failure message="Line: 32&#10;Expected: [ERROR] Error: Invalid game object: (-1,-1) Land&#10;Actual  : Invalid game object: (-1,-1) Land&#10;" type="org.opentest4j.AssertionFailedError"><![CDATA[org.opentest4j.AssertionFailedError: 
Line: 32
Expected: [ERROR] Error: Invalid game object: (-1,-1) Land
Actual  : Invalid game object: (-1,-1) Land

	at org.junit.jupiter.api.AssertionUtils.fail(AssertionUtils.java:38)
	at org.junit.jupiter.api.Assertions.fail(Assertions.java:134)
	at tp1.TestsUtils.checkOutput(TestsUtils.java:107)
	at tp1.TestsUtils.parameterizedTest(TestsUtils.java:125)
	at tp1.Tests_V2_2.testN(Tests_V2_2.java:21)
	at tp1.Tests_V2_2.test04(Tests_V2_2.java:50)
	at java.base/java.lang.reflect.Method.invoke(Method.java:580)
	at java.base/java.util.ArrayList.forEach(ArrayList.java:1596)
	at java.base/java.util.ArrayList.forEach(ArrayList.java:1596)
]]></failure>
    <system-out><![CDATA[Line: 32
Expected: [ERROR] Error: Invalid game object: (-1,-1) Land
Actual  : Invalid game object: (-1,-1) Land

]]></system-out>
  </testcase>
  <testcase name="test05" classname="tp1.Tests_V2_2" time="0.004">
    <failure message="Line: 9&#10;Expected:   0┃                                                                             🐻                                         ┃0&#10;Actual  :   0┃                                                                                                                        ┃0&#10;" type="org.opentest4j.AssertionFailedError"><![CDATA[org.opentest4j.AssertionFailedError: 
Line: 9
Expected:   0┃                                                                             🐻                                         ┃0
Actual  :   0┃                                                                                                                        ┃0

	at org.junit.jupiter.api.AssertionUtils.fail(AssertionUtils.java:38)
	at org.junit.jupiter.api.Assertions.fail(Assertions.java:134)
	at tp1.TestsUtils.checkOutput(TestsUtils.java:107)
	at tp1.TestsUtils.parameterizedTest(TestsUtils.java:125)
	at tp1.Tests_V2_2.testN(Tests_V2_2.java:21)
	at tp1.Tests_V2_2.test05(Tests_V2_2.java:55)
	at java.base/java.lang.reflect.Method.invoke(Method.java:580)
	at java.base/java.util.ArrayList.forEach(ArrayList.java:1596)
	at java.base/java.util.ArrayList.forEach(ArrayList.java:1596)
]]></failure>
    <system-out><![CDATA[Line: 9
Expected:   0┃                                                                             🐻                                         ┃0
Actual  :   0┃                                                                                                                        ┃0

]]></system-out>
  </testcase>
  <testcase name="test06" classname="tp1.Tests_V2_2" time="0.003">
    <failure message="Line: 9&#10;Expected:   0┃                                                                             🐻                                         ┃0&#10;Actual  :   0┃                                                                                                                        ┃0&#10;" type="org.opentest4j.AssertionFailedError"><![CDATA[org.opentest4j.AssertionFailedError: 
Line: 9
Expected:   0┃                                                                             🐻                                         ┃0
Actual  :   0┃                                                                                                                        ┃0

	at org.junit.jupiter.api.AssertionUtils.fail(AssertionUtils.java:38)
	at org.junit.jupiter.api.Assertions.fail(Assertions.java:134)
	at tp1.TestsUtils.checkOutput(TestsUtils.java:107)
	at tp1.TestsUtils.parameterizedTest(TestsUtils.java:125)
	at tp1.Tests_V2_2.testN(Tests_V2_2.java:21)
	at tp1.Tests_V2_2.test06(Tests_V2_2.java:60)
	at java.base/java.lang.reflect.Method.invoke(Method.java:580)
	at java.base/java.util.ArrayList.forEach(ArrayList.java:1596)
	at java.base/java.util.ArrayList.forEach(ArrayList.java:1596)
]]></failure>
    <system-out><![CDATA[Line: 9
Expected:   0┃                                                                             🐻                                         ┃0
Actual  :   0┃                                                                                                                        ┃0

]]></system-out>
  </testcase>
</testsuite>