<?xml version="1.0" encoding="UTF-8"?>
<testsuite xmlns:xsi="http://www.w3.org/2001/XMLSchema-instance" xsi:noNamespaceSchemaLocation="https://maven.apache.org/surefire/maven-surefire-plugin/xsd/surefire-test-report-3.0.xsd" version="3.0" name="tp1.Tests_V3" time="0.16" tests="16" errors="1" skipped="0" failures="3">
  <properties>
    <property name="java.specification.version" value="21"/>
    <property name="sun.jnu.encoding" value="UTF-8"/>
    <property name="java.class.path" value="/Users/davidarranz/Library/CloudStorage/OneDrive-UniversidadComplutensedeMadrid(UCM)/Asignaturas/SEGUNDO DE CARRERA/TP1/Segunda matricula/PRACTICA/P3-Practica-MarioBros-TP1/target/test-classes:/Users/davidarranz/Library/CloudStorage/OneDrive-UniversidadComplutensedeMadrid(UCM)/Asignaturas/SEGUNDO DE CARRERA/TP1/Segunda matricula/PRACTICA/P3-Practica-MarioBros-TP1/target/classes:/Users/davidarranz/.m2/repository/org/junit/jupiter/junit-jupiter-api/5.10.0/junit-jupiter-api-5.10.0.jar:/Users/davidarranz/.m2/repository/org/opentest4j/opentest4j/1.3.0/opentest4j-1.3.0.jar:/Users/davidarranz/.m2/repository/org/junit/platform/junit-platform-commons/1.10.0/junit-platform-commons-1.10.0.jar:/Users/davidarranz/.m2/repository/org/apiguardian/apiguardian-api/1.1.2/apiguardian-api-1.1.2.jar:"/>
    <property name="java.vm.vendor" value="Oracle Corporation"/>
    <property name="sun.arch.data.model" value="64"/>
    <property name="java.vendor.url" value="https://java.oracle.com/"/>
    <property name="os.name" value="Mac OS X"/>
    <property name="java.vm.specification.version" value="21"/>
    <property name="user.country" value="ES"/>
    <property name="sun.java.launcher" value="SUN_STANDARD"/>
    <property name="sun.boot.library.path" value="/Library/Java/JavaVirtualMachines/jdk-21.0.8.jdk/Contents/Home/lib"/>
    <property name="sun.java.command" value="/Users/davidarranz/Library/CloudStorage/OneDrive-UniversidadComplutensedeMadrid(UCM)/Asignaturas/SEGUNDO DE CARRERA/TP1/Segunda matricula/PRACTICA/P3-Practica-MarioBros-TP1/target/surefire/surefirebooter-20251129181343643_3.jar /Users/davidarranz/Library/CloudStorage/OneDrive-UniversidadComplutensedeMadrid(UCM)/Asignaturas/SEGUNDO DE CARRERA/TP1/Segunda matricula/PRACTICA/P3-Practica-MarioBros-TP1/target/surefire 2025-11-29T18-13-43_608-jvmRun1 surefire-20251129181343643_1tmp surefire_0-20251129181343643_2tmp"/>
    <property name="jdk.debug" value="release"/>
    <property name="surefire.test.class.path" value="/Users/davidarranz/Library/CloudStorage/OneDrive-UniversidadComplutensedeMadrid(UCM)/Asignaturas/SEGUNDO DE CARRERA/TP1/Segunda matricula/PRACTICA/P3-Practica-MarioBros-TP1/target/test-classes:/Users/davidarranz/Library/CloudStorage/OneDrive-UniversidadComplutensedeMadrid(UCM)/Asignaturas/SEGUNDO DE CARRERA/TP1/Segunda matricula/PRACTICA/P3-Practica-MarioBros-TP1/target/classes:/Users/davidarranz/.m2/repository/org/junit/jupiter/junit-jupiter-api/5.10.0/junit-jupiter-api-5.10.0.jar:/Users/davidarranz/.m2/repository/org/opentest4j/opentest4j/1.3.0/opentest4j-1.3.0.jar:/Users/davidarranz/.m2/repository/org/junit/platform/junit-platform-commons/1.10.0/junit-platform-commons-1.10.0.jar:/Users/davidarranz/.m2/repository/org/apiguardian/apiguardian-api/1.1.2/apiguardian-api-1.1.2.jar:"/>
    <property name="sun.cpu.endian" value="little"/>
    <property name="user.home" value="/Users/davidarranz"/>
    <property name="user.language" value="es"/>
    <property name="java.specification.vendor" value="Oracle Corporation"/>
    <property name="java.version.date" value="2025-07-15"/>
    <property name="java.home" value="/Library/Java/JavaVirtualMachines/jdk-21.0.8.jdk/Contents/Home"/>
    <property name="file.separator" value="/"/>
    <property name="basedir" value="/Users/davidarranz/Library/CloudStorage/OneDrive-UniversidadComplutensedeMadrid(UCM)/Asignaturas/SEGUNDO DE CARRERA/TP1/Segunda matricula/PRACTICA/P3-Practica-MarioBros-TP1"/>
    <property name="java.vm.compressedOopsMode" value="Zero based"/>
    <property name="line.separator" value="&#10;"/>
    <property name="java.specification.name" value="Java Platform API Specification"/>
    <property name="java.vm.specification.vendor" value="Oracle Corporation"/>
    <property name="apple.awt.application.name" value="ForkedBooter"/>
    <property name="surefire.real.class.path" value="/Users/davidarranz/Library/CloudStorage/OneDrive-UniversidadComplutensedeMadrid(UCM)/Asignaturas/SEGUNDO DE CARRERA/TP1/Segunda matricula/PRACTICA/P3-Practica-MarioBros-TP1/target/surefire/surefirebooter-20251129181343643_3.jar"/>
    <property name="sun.management.compiler" value="HotSpot 64-Bit Tiered Compilers"/>
    <property name="java.runtime.version" value="21.0.8+12-LTS-250"/>
    <property name="user.name" value="davidarranz"/>
    <property name="stdout.encoding" value="UTF-8"/>
    <property name="path.separator" value=":"/>
    <property name="os.version" value="26.1"/>
    <property name="java.runtime.name" value="Java(TM) SE Runtime Environment"/>
    <property name="file.encoding" value="UTF-8"/>
    <property name="java.vm.name" value="Java HotSpot(TM) 64-Bit Server VM"/>
    <property name="maven.ext.class.path" value="/Users/davidarranz/.vscode/extensions/oracle.oracle-java-24.1.2/nbcode/java/maven-nblib/netbeans-eventspy.jar"/>
    <property name="localRepository" value="/Users/davidarranz/.m2/repository"/>
    <property name="java.vendor.url.bug" value="https://bugreport.java.com/bugreport/"/>
    <property name="java.io.tmpdir" value="/var/folders/z9/_3y3tktn3v1f5sgr6y7qk_m40000gn/T/"/>
    <property name="java.version" value="21.0.8"/>
    <property name="user.dir" value="/Users/davidarranz/Library/CloudStorage/OneDrive-UniversidadComplutensedeMadrid(UCM)/Asignaturas/SEGUNDO DE CARRERA/TP1/Segunda matricula/PRACTICA/P3-Practica-MarioBros-TP1"/>
    <property name="os.arch" value="aarch64"/>
    <property name="java.vm.specification.name" value="Java Virtual Machine Specification"/>
    <property name="native.encoding" value="UTF-8"/>
    <property name="java.library.path" value="/Users/davidarranz/Library/Java/Extensions:/Library/Java/Extensions:/Network/Library/Java/Extensions:/System/Library/Java/Extensions:/usr/lib/java:."/>
    <property name="java.vm.info" value="mixed mode, sharing"/>
    <property name="stderr.encoding" value="UTF-8"/>
    <property name="java.vendor" value="Oracle Corporation"/>
    <property name="java.vm.version" value="21.0.8+12-LTS-250"/>
    <property name="sun.io.unicode.encoding" value="UnicodeBig"/>
    <property name="java.class.version" value="65.0"/>
  </properties>
  <testcase name="test00" classname="tp1.Tests_V3" time="0.028">
    <failure message="Line: 152&#10;Expected: [ERROR] Error: unknownFile (El sistema no puede encontrar el archivo especificado)&#10;Actual  : [ERROR] Error: unknownFile (No such file or directory)&#10;" type="org.opentest4j.AssertionFailedError"><![CDATA[org.opentest4j.AssertionFailedError: 
Line: 152
Expected: [ERROR] Error: unknownFile (El sistema no puede encontrar el archivo especificado)
Actual  : [ERROR] Error: unknownFile (No such file or directory)

	at org.junit.jupiter.api.AssertionUtils.fail(AssertionUtils.java:38)
	at org.junit.jupiter.api.Assertions.fail(Assertions.java:134)
	at tp1.TestsUtils.checkOutput(TestsUtils.java:107)
	at tp1.TestsUtils.parameterizedTest(TestsUtils.java:125)
	at tp1.Tests_V3.testN(Tests_V3.java:31)
	at tp1.Tests_V3.test00(Tests_V3.java:38)
	at java.base/java.lang.reflect.Method.invoke(Method.java:580)
	at java.base/java.util.ArrayList.forEach(ArrayList.java:1596)
	at java.base/java.util.ArrayList.forEach(ArrayList.java:1596)
]]></failure>
    <system-out><![CDATA[Line: 152
Expected: [ERROR] Error: unknownFile (El sistema no puede encontrar el archivo especificado)
Actual  : [ERROR] Error: unknownFile (No such file or directory)

]]></system-out>
  </testcase>
  <testcase name="test01" classname="tp1.Tests_V3" time="0.023"/>
  <testcase name="test02" classname="tp1.Tests_V3" time="0.007">
    <failure message="Line: 31&#10;Expected: [ERROR] Error: conf (El sistema no puede encontrar el archivo especificado)&#10;Actual  : [ERROR] Error: conf (No such file or directory)&#10;" type="org.opentest4j.AssertionFailedError"><![CDATA[org.opentest4j.AssertionFailedError: 
Line: 31
Expected: [ERROR] Error: conf (El sistema no puede encontrar el archivo especificado)
Actual  : [ERROR] Error: conf (No such file or directory)

	at org.junit.jupiter.api.AssertionUtils.fail(AssertionUtils.java:38)
	at org.junit.jupiter.api.Assertions.fail(Assertions.java:134)
	at tp1.TestsUtils.checkOutput(TestsUtils.java:107)
	at tp1.TestsUtils.parameterizedTest(TestsUtils.java:125)
	at tp1.Tests_V3.testN(Tests_V3.java:31)
	at tp1.Tests_V3.test02(Tests_V3.java:42)
	at java.base/java.lang.reflect.Method.invoke(Method.java:580)
	at java.base/java.util.ArrayList.forEach(ArrayList.java:1596)
	at java.base/java.util.ArrayList.forEach(ArrayList.java:1596)
]]></failure>
    <system-out><![CDATA[Line: 31
Expected: [ERROR] Error: conf (El sistema no puede encontrar el archivo especificado)
Actual  : [ERROR] Error: conf (No such file or directory)

]]></system-out>
  </testcase>
  <testcase name="test03" classname="tp1.Tests_V3" time="0.004"/>
  <testcase name="test04" classname="tp1.Tests_V3" time="0.021">
    <failure message="Line: 375&#10;Expected: Time: 99&#10;Actual  : Time: 96&#10;" type="org.opentest4j.AssertionFailedError"><![CDATA[org.opentest4j.AssertionFailedError: 
Line: 375
Expected: Time: 99
Actual  : Time: 96

	at org.junit.jupiter.api.AssertionUtils.fail(AssertionUtils.java:38)
	at org.junit.jupiter.api.Assertions.fail(Assertions.java:134)
	at tp1.TestsUtils.checkOutput(TestsUtils.java:107)
	at tp1.TestsUtils.parameterizedTest(TestsUtils.java:125)
	at tp1.Tests_V3.testN(Tests_V3.java:31)
	at tp1.Tests_V3.test04(Tests_V3.java:46)
	at java.base/java.lang.reflect.Method.invoke(Method.java:580)
	at java.base/java.util.ArrayList.forEach(ArrayList.java:1596)
	at java.base/java.util.ArrayList.forEach(ArrayList.java:1596)
]]></failure>
    <system-out><![CDATA[Line: 375
Expected: Time: 99
Actual  : Time: 96

]]></system-out>
  </testcase>
  <testcase name="test05" classname="tp1.Tests_V3" time="0.016"/>
  <testcase name="test06" classname="tp1.Tests_V3" time="0.011"/>
  <testcase name="test07" classname="tp1.Tests_V3" time="0.014"/>
  <testcase name="test08" classname="tp1.Tests_V3" time="0.006"/>
  <testcase name="test09" classname="tp1.Tests_V3" time="0.005"/>
  <testcase name="test10" classname="tp1.Tests_V3" time="0.003"/>
  <testcase name="test11" classname="tp1.Tests_V3" time="0.004"/>
  <testcase name="test12" classname="tp1.Tests_V3" time="0.001"/>
  <testcase name="test13" classname="tp1.Tests_V3" time="0.004"/>
  <testcase name="test14" classname="tp1.Tests_V3" time="0.003"/>
  <testcase name="testOPTIONAL" classname="tp1.Tests_V3" time="0.001">
    <error message="Cannot invoke &quot;tp1.logic.GameObjectContainer.positionToString(int, int)&quot; because &quot;this.gameObjects&quot; is null" type="java.lang.NullPointerException"><![CDATA[java.lang.NullPointerException: Cannot invoke "tp1.logic.GameObjectContainer.positionToString(int, int)" because "this.gameObjects" is null
	at tp1.logic.Game.positionToString(Game.java:112)
	at tp1.view.ConsoleView.toString(ConsoleView.java:89)
	at tp1.view.ConsoleView.showGame(ConsoleView.java:138)
	at tp1.control.Controller.run(Controller.java:27)
	at tp1.Main.main(Main.java:33)
	at tp1.TestsUtils.parameterizedTest(TestsUtils.java:120)
	at tp1.Tests_V3.testN(Tests_V3.java:31)
	at tp1.Tests_V3.testOPTIONAL(Tests_V3.java:69)
	at java.base/java.lang.reflect.Method.invoke(Method.java:580)
	at java.base/java.util.ArrayList.forEach(ArrayList.java:1596)
	at java.base/java.util.ArrayList.forEach(ArrayList.java:1596)
]]></error>
  </testcase>
</testsuite>