-------------------------------------------------------------------------------
Test set: tp1.Tests_V3
-------------------------------------------------------------------------------
Tests run: 16, Failures: 2, Errors: 1, Skipped: 0, Time elapsed: 0.161 s <<< FAILURE! -- in tp1.Tests_V3
tp1.Tests_V3.test00 -- Time elapsed: 0.028 s <<< FAILURE!
org.opentest4j.AssertionFailedError: 
Line: 152
Expected: [ERROR] Error: unknownFile (El sistema no puede encontrar el archivo especificado)
Actual  : [ERROR] Error: unknownFile (No such file or directory)

	at org.junit.jupiter.api.AssertionUtils.fail(AssertionUtils.java:38)
	at org.junit.jupiter.api.Assertions.fail(Assertions.java:134)
	at tp1.TestsUtils.checkOutput(TestsUtils.java:107)
	at tp1.TestsUtils.parameterizedTest(TestsUtils.java:125)
	at tp1.Tests_V3.testN(Tests_V3.java:31)
	at tp1.Tests_V3.test00(Tests_V3.java:38)
	at java.base/java.lang.reflect.Method.invoke(Method.java:580)
	at java.base/java.util.ArrayList.forEach(ArrayList.java:1596)
	at java.base/java.util.ArrayList.forEach(ArrayList.java:1596)

tp1.Tests_V3.test02 -- Time elapsed: 0.005 s <<< FAILURE!
org.opentest4j.AssertionFailedError: 
Line: 31
Expected: [ERROR] Error: conf (El sistema no puede encontrar el archivo especificado)
Actual  : [ERROR] Error: conf (No such file or directory)

	at org.junit.jupiter.api.AssertionUtils.fail(AssertionUtils.java:38)
	at org.junit.jupiter.api.Assertions.fail(Assertions.java:134)
	at tp1.TestsUtils.checkOutput(TestsUtils.java:107)
	at tp1.TestsUtils.parameterizedTest(TestsUtils.java:125)
	at tp1.Tests_V3.testN(Tests_V3.java:31)
	at tp1.Tests_V3.test02(Tests_V3.java:42)
	at java.base/java.lang.reflect.Method.invoke(Method.java:580)
	at java.base/java.util.ArrayList.forEach(ArrayList.java:1596)
	at java.base/java.util.ArrayList.forEach(ArrayList.java:1596)

tp1.Tests_V3.testOPTIONAL -- Time elapsed: 0.001 s <<< ERROR!
java.lang.NullPointerException: Cannot invoke "tp1.logic.GameObjectContainer.positionToString(int, int)" because "this.gameObjects" is null
	at tp1.logic.Game.positionToString(Game.java:127)
	at tp1.view.ConsoleView.toString(ConsoleView.java:89)
	at tp1.view.ConsoleView.showGame(ConsoleView.java:138)
	at tp1.control.Controller.run(Controller.java:27)
	at tp1.Main.main(Main.java:33)
	at tp1.TestsUtils.parameterizedTest(TestsUtils.java:120)
	at tp1.Tests_V3.testN(Tests_V3.java:31)
	at tp1.Tests_V3.testOPTIONAL(Tests_V3.java:69)
	at java.base/java.lang.reflect.Method.invoke(Method.java:580)
	at java.base/java.util.ArrayList.forEach(ArrayList.java:1596)
	at java.base/java.util.ArrayList.forEach(ArrayList.java:1596)

