-------------------------------------------------------------------------------
Test set: tp1.Tests
-------------------------------------------------------------------------------
Tests run: 7, Failures: 2, Errors: 1, Skipped: 0, Time elapsed: 0.125 s <<< FAILURE! -- in tp1.Tests
tp1.Tests.test04 -- Time elapsed: 0.022 s <<< ERROR!
java.lang.StackOverflowError
	at tp1.logic.GameObjectContainer.isSolid(GameObjectContainer.java:88)
	at tp1.logic.Game.isSolid(Game.java:155)
	at tp1.logic.gameobjects.GameObject.solidBelow(GameObject.java:69)
	at tp1.logic.gameobjects.Mario.toTheFloor(Mario.java:69)
	at tp1.logic.gameobjects.Mario.toTheFloor(Mario.java:71)
	at tp1.logic.gameobjects.Mario.toTheFloor(Mario.java:71)
	at tp1.logic.gameobjects.Mario.toTheFloor(Mario.java:71)
	at tp1.logic.gameobjects.Mario.toTheFloor(Mario.java:71)
	at tp1.logic.gameobjects.Mario.toTheFloor(Mario.java:71)
	at tp1.logic.gameobjects.Mario.toTheFloor(Mario.java:71)
	at tp1.logic.gameobjects.Mario.toTheFloor(Mario.java:71)
	at tp1.logic.gameobjects.Mario.toTheFloor(Mario.java:71)
	at tp1.logic.gameobjects.Mario.toTheFloor(Mario.java:71)
	at tp1.logic.gameobjects.Mario.toTheFloor(Mario.java:71)
	at tp1.logic.gameobjects.Mario.toTheFloor(Mario.java:71)
	at tp1.logic.gameobjects.Mario.toTheFloor(Mario.java:71)
	at tp1.logic.gameobjects.Mario.toTheFloor(Mario.java:71)
	at tp1.logic.gameobjects.Mario.toTheFloor(Mario.java:71)
	at tp1.logic.gameobjects.Mario.toTheFloor(Mario.java:71)
	at tp1.logic.gameobjects.Mario.toTheFloor(Mario.java:71)
	at tp1.logic.gameobjects.Mario.toTheFloor(Mario.java:71)
	at tp1.logic.gameobjects.Mario.toTheFloor(Mario.java:71)
	at tp1.logic.gameobjects.Mario.toTheFloor(Mario.java:71)
	at tp1.logic.gameobjects.Mario.toTheFloor(Mario.java:71)
	at tp1.logic.gameobjects.Mario.toTheFloor(Mario.java:71)
	at tp1.logic.gameobjects.Mario.toTheFloor(Mario.java:71)
	at tp1.logic.gameobjects.Mario.toTheFloor(Mario.java:71)
	at tp1.logic.gameobjects.Mario.toTheFloor(Mario.java:71)
	at tp1.logic.gameobjects.Mario.toTheFloor(Mario.java:71)
	at tp1.logic.gameobjects.Mario.toTheFloor(Mario.java:71)
	at tp1.logic.gameobjects.Mario.toTheFloor(Mario.java:71)
	at tp1.logic.gameobjects.Mario.toTheFloor(Mario.java:71)
	at tp1.logic.gameobjects.Mario.toTheFloor(Mario.java:71)
	at tp1.logic.gameobjects.Mario.toTheFloor(Mario.java:71)
	at tp1.logic.gameobjects.Mario.toTheFloor(Mario.java:71)
	at tp1.logic.gameobjects.Mario.toTheFloor(Mario.java:71)
	at tp1.logic.gameobjects.Mario.toTheFloor(Mario.java:71)
	at tp1.logic.gameobjects.Mario.toTheFloor(Mario.java:71)
	at tp1.logic.gameobjects.Mario.toTheFloor(Mario.java:71)
	at tp1.logic.gameobjects.Mario.toTheFloor(Mario.java:71)
	at tp1.logic.gameobjects.Mario.toTheFloor(Mario.java:71)
	at tp1.logic.gameobjects.Mario.toTheFloor(Mario.java:71)
	at tp1.logic.gameobjects.Mario.toTheFloor(Mario.java:71)
	at tp1.logic.gameobjects.Mario.toTheFloor(Mario.java:71)
	at tp1.logic.gameobjects.Mario.toTheFloor(Mario.java:71)
	at tp1.logic.gameobjects.Mario.toTheFloor(Mario.java:71)
	at tp1.logic.gameobjects.Mario.toTheFloor(Mario.java:71)
	at tp1.logic.gameobjects.Mario.toTheFloor(Mario.java:71)
	at tp1.logic.gameobjects.Mario.toTheFloor(Mario.java:71)
	at tp1.logic.gameobjects.Mario.toTheFloor(Mario.java:71)
	at tp1.logic.gameobjects.Mario.toTheFloor(Mario.java:71)
	at tp1.logic.gameobjects.Mario.toTheFloor(Mario.java:71)
	at tp1.logic.gameobjects.Mario.toTheFloor(Mario.java:71)
	at tp1.logic.gameobjects.Mario.toTheFloor(Mario.java:71)
	at tp1.logic.gameobjects.Mario.toTheFloor(Mario.java:71)
	at tp1.logic.gameobjects.Mario.toTheFloor(Mario.java:71)
	at tp1.logic.gameobjects.Mario.toTheFloor(Mario.java:71)
	at tp1.logic.gameobjects.Mario.toTheFloor(Mario.java:71)
	at tp1.logic.gameobjects.Mario.toTheFloor(Mario.java:71)
	at tp1.logic.gameobjects.Mario.toTheFloor(Mario.java:71)
	at tp1.logic.gameobjects.Mario.toTheFloor(Mario.java:71)
	at tp1.logic.gameobjects.Mario.toTheFloor(Mario.java:71)
	at tp1.logic.gameobjects.Mario.toTheFloor(Mario.java:71)
	at tp1.logic.gameobjects.Mario.toTheFloor(Mario.java:71)
	at tp1.logic.gameobjects.Mario.toTheFloor(Mario.java:71)
	at tp1.logic.gameobjects.Mario.toTheFloor(Mario.java:71)
	at tp1.logic.gameobjects.Mario.toTheFloor(Mario.java:71)
	at tp1.logic.gameobjects.Mario.toTheFloor(Mario.java:71)
	at tp1.logic.gameobjects.Mario.toTheFloor(Mario.java:71)
	at tp1.logic.gameobjects.Mario.toTheFloor(Mario.java:71)
	at tp1.logic.gameobjects.Mario.toTheFloor(Mario.java:71)
	at tp1.logic.gameobjects.Mario.toTheFloor(Mario.java:71)
	at tp1.logic.gameobjects.Mario.toTheFloor(Mario.java:71)
	at tp1.logic.gameobjects.Mario.toTheFloor(Mario.java:71)
	at tp1.logic.gameobjects.Mario.toTheFloor(Mario.java:71)
	at tp1.logic.gameobjects.Mario.toTheFloor(Mario.java:71)
	at tp1.logic.gameobjects.Mario.toTheFloor(Mario.java:71)
	at tp1.logic.gameobjects.Mario.toTheFloor(Mario.java:71)
	at tp1.logic.gameobjects.Mario.toTheFloor(Mario.java:71)
	at tp1.logic.gameobjects.Mario.toTheFloor(Mario.java:71)
	at tp1.logic.gameobjects.Mario.toTheFloor(Mario.java:71)
	at tp1.logic.gameobjects.Mario.toTheFloor(Mario.java:71)
	at tp1.logic.gameobjects.Mario.toTheFloor(Mario.java:71)
	at tp1.logic.gameobjects.Mario.toTheFloor(Mario.java:71)
	at tp1.logic.gameobjects.Mario.toTheFloor(Mario.java:71)
	at tp1.logic.gameobjects.Mario.toTheFloor(Mario.java:71)
	at tp1.logic.gameobjects.Mario.toTheFloor(Mario.java:71)
	at tp1.logic.gameobjects.Mario.toTheFloor(Mario.java:71)
	at tp1.logic.gameobjects.Mario.toTheFloor(Mario.java:71)
	at tp1.logic.gameobjects.Mario.toTheFloor(Mario.java:71)
	at tp1.logic.gameobjects.Mario.toTheFloor(Mario.java:71)
	at tp1.logic.gameobjects.Mario.toTheFloor(Mario.java:71)
	at tp1.logic.gameobjects.Mario.toTheFloor(Mario.java:71)
	at tp1.logic.gameobjects.Mario.toTheFloor(Mario.java:71)
	at tp1.logic.gameobjects.Mario.toTheFloor(Mario.java:71)
	at tp1.logic.gameobjects.Mario.toTheFloor(Mario.java:71)
	at tp1.logic.gameobjects.Mario.toTheFloor(Mario.java:71)
	at tp1.logic.gameobjects.Mario.toTheFloor(Mario.java:71)
	at tp1.logic.gameobjects.Mario.toTheFloor(Mario.java:71)
	at tp1.logic.gameobjects.Mario.toTheFloor(Mario.java:71)
	at tp1.logic.gameobjects.Mario.toTheFloor(Mario.java:71)
	at tp1.logic.gameobjects.Mario.toTheFloor(Mario.java:71)
	at tp1.logic.gameobjects.Mario.toTheFloor(Mario.java:71)
	at tp1.logic.gameobjects.Mario.toTheFloor(Mario.java:71)
	at tp1.logic.gameobjects.Mario.toTheFloor(Mario.java:71)
	at tp1.logic.gameobjects.Mario.toTheFloor(Mario.java:71)
	at tp1.logic.gameobjects.Mario.toTheFloor(Mario.java:71)
	at tp1.logic.gameobjects.Mario.toTheFloor(Mario.java:71)
	at tp1.logic.gameobjects.Mario.toTheFloor(Mario.java:71)
	at tp1.logic.gameobjects.Mario.toTheFloor(Mario.java:71)
	at tp1.logic.gameobjects.Mario.toTheFloor(Mario.java:71)
	at tp1.logic.gameobjects.Mario.toTheFloor(Mario.java:71)
	at tp1.logic.gameobjects.Mario.toTheFloor(Mario.java:71)
	at tp1.logic.gameobjects.Mario.toTheFloor(Mario.java:71)
	at tp1.logic.gameobjects.Mario.toTheFloor(Mario.java:71)
	at tp1.logic.gameobjects.Mario.toTheFloor(Mario.java:71)
	at tp1.logic.gameobjects.Mario.toTheFloor(Mario.java:71)
	at tp1.logic.gameobjects.Mario.toTheFloor(Mario.java:71)
	at tp1.logic.gameobjects.Mario.toTheFloor(Mario.java:71)
	at tp1.logic.gameobjects.Mario.toTheFloor(Mario.java:71)
	at tp1.logic.gameobjects.Mario.toTheFloor(Mario.java:71)
	at tp1.logic.gameobjects.Mario.toTheFloor(Mario.java:71)
	at tp1.logic.gameobjects.Mario.toTheFloor(Mario.java:71)
	at tp1.logic.gameobjects.Mario.toTheFloor(Mario.java:71)
	at tp1.logic.gameobjects.Mario.toTheFloor(Mario.java:71)
	at tp1.logic.gameobjects.Mario.toTheFloor(Mario.java:71)
	at tp1.logic.gameobjects.Mario.toTheFloor(Mario.java:71)
	at tp1.logic.gameobjects.Mario.toTheFloor(Mario.java:71)
	at tp1.logic.gameobjects.Mario.toTheFloor(Mario.java:71)
	at tp1.logic.gameobjects.Mario.toTheFloor(Mario.java:71)
	at tp1.logic.gameobjects.Mario.toTheFloor(Mario.java:71)
	at tp1.logic.gameobjects.Mario.toTheFloor(Mario.java:71)
	at tp1.logic.gameobjects.Mario.toTheFloor(Mario.java:71)
	at tp1.logic.gameobjects.Mario.toTheFloor(Mario.java:71)
	at tp1.logic.gameobjects.Mario.toTheFloor(Mario.java:71)
	at tp1.logic.gameobjects.Mario.toTheFloor(Mario.java:71)
	at tp1.logic.gameobjects.Mario.toTheFloor(Mario.java:71)
	at tp1.logic.gameobjects.Mario.toTheFloor(Mario.java:71)
	at tp1.logic.gameobjects.Mario.toTheFloor(Mario.java:71)
	at tp1.logic.gameobjects.Mario.toTheFloor(Mario.java:71)
	at tp1.logic.gameobjects.Mario.toTheFloor(Mario.java:71)
	at tp1.logic.gameobjects.Mario.toTheFloor(Mario.java:71)
	at tp1.logic.gameobjects.Mario.toTheFloor(Mario.java:71)
	at tp1.logic.gameobjects.Mario.toTheFloor(Mario.java:71)
	at tp1.logic.gameobjects.Mario.toTheFloor(Mario.java:71)
	at tp1.logic.gameobjects.Mario.toTheFloor(Mario.java:71)
	at tp1.logic.gameobjects.Mario.toTheFloor(Mario.java:71)
	at tp1.logic.gameobjects.Mario.toTheFloor(Mario.java:71)
	at tp1.logic.gameobjects.Mario.toTheFloor(Mario.java:71)
	at tp1.logic.gameobjects.Mario.toTheFloor(Mario.java:71)
	at tp1.logic.gameobjects.Mario.toTheFloor(Mario.java:71)
	at tp1.logic.gameobjects.Mario.toTheFloor(Mario.java:71)
	at tp1.logic.gameobjects.Mario.toTheFloor(Mario.java:71)
	at tp1.logic.gameobjects.Mario.toTheFloor(Mario.java:71)
	at tp1.logic.gameobjects.Mario.toTheFloor(Mario.java:71)
	at tp1.logic.gameobjects.Mario.toTheFloor(Mario.java:71)
	at tp1.logic.gameobjects.Mario.toTheFloor(Mario.java:71)
	at tp1.logic.gameobjects.Mario.toTheFloor(Mario.java:71)
	at tp1.logic.gameobjects.Mario.toTheFloor(Mario.java:71)
	at tp1.logic.gameobjects.Mario.toTheFloor(Mario.java:71)
	at tp1.logic.gameobjects.Mario.toTheFloor(Mario.java:71)
	at tp1.logic.gameobjects.Mario.toTheFloor(Mario.java:71)
	at tp1.logic.gameobjects.Mario.toTheFloor(Mario.java:71)
	at tp1.logic.gameobjects.Mario.toTheFloor(Mario.java:71)
	at tp1.logic.gameobjects.Mario.toTheFloor(Mario.java:71)
	at tp1.logic.gameobjects.Mario.toTheFloor(Mario.java:71)
	at tp1.logic.gameobjects.Mario.toTheFloor(Mario.java:71)
	at tp1.logic.gameobjects.Mario.toTheFloor(Mario.java:71)
	at tp1.logic.gameobjects.Mario.toTheFloor(Mario.java:71)
	at tp1.logic.gameobjects.Mario.toTheFloor(Mario.java:71)
	at tp1.logic.gameobjects.Mario.toTheFloor(Mario.java:71)
	at tp1.logic.gameobjects.Mario.toTheFloor(Mario.java:71)
	at tp1.logic.gameobjects.Mario.toTheFloor(Mario.java:71)
	at tp1.logic.gameobjects.Mario.toTheFloor(Mario.java:71)
	at tp1.logic.gameobjects.Mario.toTheFloor(Mario.java:71)
	at tp1.logic.gameobjects.Mario.toTheFloor(Mario.java:71)
	at tp1.logic.gameobjects.Mario.toTheFloor(Mario.java:71)
	at tp1.logic.gameobjects.Mario.toTheFloor(Mario.java:71)
	at tp1.logic.gameobjects.Mario.toTheFloor(Mario.java:71)
	at tp1.logic.gameobjects.Mario.toTheFloor(Mario.java:71)
	at tp1.logic.gameobjects.Mario.toTheFloor(Mario.java:71)
	at tp1.logic.gameobjects.Mario.toTheFloor(Mario.java:71)
	at tp1.logic.gameobjects.Mario.toTheFloor(Mario.java:71)
	at tp1.logic.gameobjects.Mario.toTheFloor(Mario.java:71)
	at tp1.logic.gameobjects.Mario.toTheFloor(Mario.java:71)
	at tp1.logic.gameobjects.Mario.toTheFloor(Mario.java:71)
	at tp1.logic.gameobjects.Mario.toTheFloor(Mario.java:71)
	at tp1.logic.gameobjects.Mario.toTheFloor(Mario.java:71)
	at tp1.logic.gameobjects.Mario.toTheFloor(Mario.java:71)
	at tp1.logic.gameobjects.Mario.toTheFloor(Mario.java:71)
	at tp1.logic.gameobjects.Mario.toTheFloor(Mario.java:71)
	at tp1.logic.gameobjects.Mario.toTheFloor(Mario.java:71)
	at tp1.logic.gameobjects.Mario.toTheFloor(Mario.java:71)
	at tp1.logic.gameobjects.Mario.toTheFloor(Mario.java:71)
	at tp1.logic.gameobjects.Mario.toTheFloor(Mario.java:71)
	at tp1.logic.gameobjects.Mario.toTheFloor(Mario.java:71)
	at tp1.logic.gameobjects.Mario.toTheFloor(Mario.java:71)
	at tp1.logic.gameobjects.Mario.toTheFloor(Mario.java:71)
	at tp1.logic.gameobjects.Mario.toTheFloor(Mario.java:71)
	at tp1.logic.gameobjects.Mario.toTheFloor(Mario.java:71)
	at tp1.logic.gameobjects.Mario.toTheFloor(Mario.java:71)
	at tp1.logic.gameobjects.Mario.toTheFloor(Mario.java:71)
	at tp1.logic.gameobjects.Mario.toTheFloor(Mario.java:71)
	at tp1.logic.gameobjects.Mario.toTheFloor(Mario.java:71)
	at tp1.logic.gameobjects.Mario.toTheFloor(Mario.java:71)
	at tp1.logic.gameobjects.Mario.toTheFloor(Mario.java:71)
	at tp1.logic.gameobjects.Mario.toTheFloor(Mario.java:71)
	at tp1.logic.gameobjects.Mario.toTheFloor(Mario.java:71)
	at tp1.logic.gameobjects.Mario.toTheFloor(Mario.java:71)
	at tp1.logic.gameobjects.Mario.toTheFloor(Mario.java:71)
	at tp1.logic.gameobjects.Mario.toTheFloor(Mario.java:71)
	at tp1.logic.gameobjects.Mario.toTheFloor(Mario.java:71)
	at tp1.logic.gameobjects.Mario.toTheFloor(Mario.java:71)
	at tp1.logic.gameobjects.Mario.toTheFloor(Mario.java:71)
	at tp1.logic.gameobjects.Mario.toTheFloor(Mario.java:71)
	at tp1.logic.gameobjects.Mario.toTheFloor(Mario.java:71)
	at tp1.logic.gameobjects.Mario.toTheFloor(Mario.java:71)
	at tp1.logic.gameobjects.Mario.toTheFloor(Mario.java:71)
	at tp1.logic.gameobjects.Mario.toTheFloor(Mario.java:71)
	at tp1.logic.gameobjects.Mario.toTheFloor(Mario.java:71)
	at tp1.logic.gameobjects.Mario.toTheFloor(Mario.java:71)
	at tp1.logic.gameobjects.Mario.toTheFloor(Mario.java:71)
	at tp1.logic.gameobjects.Mario.toTheFloor(Mario.java:71)
	at tp1.logic.gameobjects.Mario.toTheFloor(Mario.java:71)
	at tp1.logic.gameobjects.Mario.toTheFloor(Mario.java:71)
	at tp1.logic.gameobjects.Mario.toTheFloor(Mario.java:71)
	at tp1.logic.gameobjects.Mario.toTheFloor(Mario.java:71)
	at tp1.logic.gameobjects.Mario.toTheFloor(Mario.java:71)
	at tp1.logic.gameobjects.Mario.toTheFloor(Mario.java:71)
	at tp1.logic.gameobjects.Mario.toTheFloor(Mario.java:71)
	at tp1.logic.gameobjects.Mario.toTheFloor(Mario.java:71)
	at tp1.logic.gameobjects.Mario.toTheFloor(Mario.java:71)
	at tp1.logic.gameobjects.Mario.toTheFloor(Mario.java:71)
	at tp1.logic.gameobjects.Mario.toTheFloor(Mario.java:71)
	at tp1.logic.gameobjects.Mario.toTheFloor(Mario.java:71)
	at tp1.logic.gameobjects.Mario.toTheFloor(Mario.java:71)
	at tp1.logic.gameobjects.Mario.toTheFloor(Mario.java:71)
	at tp1.logic.gameobjects.Mario.toTheFloor(Mario.java:71)
	at tp1.logic.gameobjects.Mario.toTheFloor(Mario.java:71)
	at tp1.logic.gameobjects.Mario.toTheFloor(Mario.java:71)
	at tp1.logic.gameobjects.Mario.toTheFloor(Mario.java:71)
	at tp1.logic.gameobjects.Mario.toTheFloor(Mario.java:71)
	at tp1.logic.gameobjects.Mario.toTheFloor(Mario.java:71)
	at tp1.logic.gameobjects.Mario.toTheFloor(Mario.java:71)
	at tp1.logic.gameobjects.Mario.toTheFloor(Mario.java:71)
	at tp1.logic.gameobjects.Mario.toTheFloor(Mario.java:71)
	at tp1.logic.gameobjects.Mario.toTheFloor(Mario.java:71)
	at tp1.logic.gameobjects.Mario.toTheFloor(Mario.java:71)
	at tp1.logic.gameobjects.Mario.toTheFloor(Mario.java:71)
	at tp1.logic.gameobjects.Mario.toTheFloor(Mario.java:71)
	at tp1.logic.gameobjects.Mario.toTheFloor(Mario.java:71)
	at tp1.logic.gameobjects.Mario.toTheFloor(Mario.java:71)
	at tp1.logic.gameobjects.Mario.toTheFloor(Mario.java:71)
	at tp1.logic.gameobjects.Mario.toTheFloor(Mario.java:71)
	at tp1.logic.gameobjects.Mario.toTheFloor(Mario.java:71)
	at tp1.logic.gameobjects.Mario.toTheFloor(Mario.java:71)
	at tp1.logic.gameobjects.Mario.toTheFloor(Mario.java:71)
	at tp1.logic.gameobjects.Mario.toTheFloor(Mario.java:71)
	at tp1.logic.gameobjects.Mario.toTheFloor(Mario.java:71)
	at tp1.logic.gameobjects.Mario.toTheFloor(Mario.java:71)
	at tp1.logic.gameobjects.Mario.toTheFloor(Mario.java:71)
	at tp1.logic.gameobjects.Mario.toTheFloor(Mario.java:71)
	at tp1.logic.gameobjects.Mario.toTheFloor(Mario.java:71)
	at tp1.logic.gameobjects.Mario.toTheFloor(Mario.java:71)
	at tp1.logic.gameobjects.Mario.toTheFloor(Mario.java:71)
	at tp1.logic.gameobjects.Mario.toTheFloor(Mario.java:71)
	at tp1.logic.gameobjects.Mario.toTheFloor(Mario.java:71)
	at tp1.logic.gameobjects.Mario.toTheFloor(Mario.java:71)
	at tp1.logic.gameobjects.Mario.toTheFloor(Mario.java:71)
	at tp1.logic.gameobjects.Mario.toTheFloor(Mario.java:71)
	at tp1.logic.gameobjects.Mario.toTheFloor(Mario.java:71)
	at tp1.logic.gameobjects.Mario.toTheFloor(Mario.java:71)
	at tp1.logic.gameobjects.Mario.toTheFloor(Mario.java:71)
	at tp1.logic.gameobjects.Mario.toTheFloor(Mario.java:71)
	at tp1.logic.gameobjects.Mario.toTheFloor(Mario.java:71)
	at tp1.logic.gameobjects.Mario.toTheFloor(Mario.java:71)
	at tp1.logic.gameobjects.Mario.toTheFloor(Mario.java:71)
	at tp1.logic.gameobjects.Mario.toTheFloor(Mario.java:71)
	at tp1.logic.gameobjects.Mario.toTheFloor(Mario.java:71)
	at tp1.logic.gameobjects.Mario.toTheFloor(Mario.java:71)
	at tp1.logic.gameobjects.Mario.toTheFloor(Mario.java:71)
	at tp1.logic.gameobjects.Mario.toTheFloor(Mario.java:71)
	at tp1.logic.gameobjects.Mario.toTheFloor(Mario.java:71)
	at tp1.logic.gameobjects.Mario.toTheFloor(Mario.java:71)
	at tp1.logic.gameobjects.Mario.toTheFloor(Mario.java:71)
	at tp1.logic.gameobjects.Mario.toTheFloor(Mario.java:71)
	at tp1.logic.gameobjects.Mario.toTheFloor(Mario.java:71)
	at tp1.logic.gameobjects.Mario.toTheFloor(Mario.java:71)
	at tp1.logic.gameobjects.Mario.toTheFloor(Mario.java:71)
	at tp1.logic.gameobjects.Mario.toTheFloor(Mario.java:71)
	at tp1.logic.gameobjects.Mario.toTheFloor(Mario.java:71)
	at tp1.logic.gameobjects.Mario.toTheFloor(Mario.java:71)
	at tp1.logic.gameobjects.Mario.toTheFloor(Mario.java:71)
	at tp1.logic.gameobjects.Mario.toTheFloor(Mario.java:71)
	at tp1.logic.gameobjects.Mario.toTheFloor(Mario.java:71)
	at tp1.logic.gameobjects.Mario.toTheFloor(Mario.java:71)
	at tp1.logic.gameobjects.Mario.toTheFloor(Mario.java:71)
	at tp1.logic.gameobjects.Mario.toTheFloor(Mario.java:71)
	at tp1.logic.gameobjects.Mario.toTheFloor(Mario.java:71)
	at tp1.logic.gameobjects.Mario.toTheFloor(Mario.java:71)
	at tp1.logic.gameobjects.Mario.toTheFloor(Mario.java:71)
	at tp1.logic.gameobjects.Mario.toTheFloor(Mario.java:71)
	at tp1.logic.gameobjects.Mario.toTheFloor(Mario.java:71)
	at tp1.logic.gameobjects.Mario.toTheFloor(Mario.java:71)
	at tp1.logic.gameobjects.Mario.toTheFloor(Mario.java:71)
	at tp1.logic.gameobjects.Mario.toTheFloor(Mario.java:71)
	at tp1.logic.gameobjects.Mario.toTheFloor(Mario.java:71)
	at tp1.logic.gameobjects.Mario.toTheFloor(Mario.java:71)
	at tp1.logic.gameobjects.Mario.toTheFloor(Mario.java:71)
	at tp1.logic.gameobjects.Mario.toTheFloor(Mario.java:71)
	at tp1.logic.gameobjects.Mario.toTheFloor(Mario.java:71)
	at tp1.logic.gameobjects.Mario.toTheFloor(Mario.java:71)
	at tp1.logic.gameobjects.Mario.toTheFloor(Mario.java:71)
	at tp1.logic.gameobjects.Mario.toTheFloor(Mario.java:71)
	at tp1.logic.gameobjects.Mario.toTheFloor(Mario.java:71)
	at tp1.logic.gameobjects.Mario.toTheFloor(Mario.java:71)
	at tp1.logic.gameobjects.Mario.toTheFloor(Mario.java:71)
	at tp1.logic.gameobjects.Mario.toTheFloor(Mario.java:71)
	at tp1.logic.gameobjects.Mario.toTheFloor(Mario.java:71)
	at tp1.logic.gameobjects.Mario.toTheFloor(Mario.java:71)
	at tp1.logic.gameobjects.Mario.toTheFloor(Mario.java:71)
	at tp1.logic.gameobjects.Mario.toTheFloor(Mario.java:71)
	at tp1.logic.gameobjects.Mario.toTheFloor(Mario.java:71)
	at tp1.logic.gameobjects.Mario.toTheFloor(Mario.java:71)
	at tp1.logic.gameobjects.Mario.toTheFloor(Mario.java:71)
	at tp1.logic.gameobjects.Mario.toTheFloor(Mario.java:71)
	at tp1.logic.gameobjects.Mario.toTheFloor(Mario.java:71)
	at tp1.logic.gameobjects.Mario.toTheFloor(Mario.java:71)
	at tp1.logic.gameobjects.Mario.toTheFloor(Mario.java:71)
	at tp1.logic.gameobjects.Mario.toTheFloor(Mario.java:71)
	at tp1.logic.gameobjects.Mario.toTheFloor(Mario.java:71)
	at tp1.logic.gameobjects.Mario.toTheFloor(Mario.java:71)
	at tp1.logic.gameobjects.Mario.toTheFloor(Mario.java:71)
	at tp1.logic.gameobjects.Mario.toTheFloor(Mario.java:71)
	at tp1.logic.gameobjects.Mario.toTheFloor(Mario.java:71)
	at tp1.logic.gameobjects.Mario.toTheFloor(Mario.java:71)
	at tp1.logic.gameobjects.Mario.toTheFloor(Mario.java:71)
	at tp1.logic.gameobjects.Mario.toTheFloor(Mario.java:71)
	at tp1.logic.gameobjects.Mario.toTheFloor(Mario.java:71)
	at tp1.logic.gameobjects.Mario.toTheFloor(Mario.java:71)
	at tp1.logic.gameobjects.Mario.toTheFloor(Mario.java:71)
	at tp1.logic.gameobjects.Mario.toTheFloor(Mario.java:71)
	at tp1.logic.gameobjects.Mario.toTheFloor(Mario.java:71)
	at tp1.logic.gameobjects.Mario.toTheFloor(Mario.java:71)
	at tp1.logic.gameobjects.Mario.toTheFloor(Mario.java:71)
	at tp1.logic.gameobjects.Mario.toTheFloor(Mario.java:71)
	at tp1.logic.gameobjects.Mario.toTheFloor(Mario.java:71)
	at tp1.logic.gameobjects.Mario.toTheFloor(Mario.java:71)
	at tp1.logic.gameobjects.Mario.toTheFloor(Mario.java:71)
	at tp1.logic.gameobjects.Mario.toTheFloor(Mario.java:71)
	at tp1.logic.gameobjects.Mario.toTheFloor(Mario.java:71)
	at tp1.logic.gameobjects.Mario.toTheFloor(Mario.java:71)
	at tp1.logic.gameobjects.Mario.toTheFloor(Mario.java:71)
	at tp1.logic.gameobjects.Mario.toTheFloor(Mario.java:71)
	at tp1.logic.gameobjects.Mario.toTheFloor(Mario.java:71)
	at tp1.logic.gameobjects.Mario.toTheFloor(Mario.java:71)
	at tp1.logic.gameobjects.Mario.toTheFloor(Mario.java:71)
	at tp1.logic.gameobjects.Mario.toTheFloor(Mario.java:71)
	at tp1.logic.gameobjects.Mario.toTheFloor(Mario.java:71)
	at tp1.logic.gameobjects.Mario.toTheFloor(Mario.java:71)
	at tp1.logic.gameobjects.Mario.toTheFloor(Mario.java:71)
	at tp1.logic.gameobjects.Mario.toTheFloor(Mario.java:71)
	at tp1.logic.gameobjects.Mario.toTheFloor(Mario.java:71)
	at tp1.logic.gameobjects.Mario.toTheFloor(Mario.java:71)
	at tp1.logic.gameobjects.Mario.toTheFloor(Mario.java:71)
	at tp1.logic.gameobjects.Mario.toTheFloor(Mario.java:71)
	at tp1.logic.gameobjects.Mario.toTheFloor(Mario.java:71)
	at tp1.logic.gameobjects.Mario.toTheFloor(Mario.java:71)
	at tp1.logic.gameobjects.Mario.toTheFloor(Mario.java:71)
	at tp1.logic.gameobjects.Mario.toTheFloor(Mario.java:71)
	at tp1.logic.gameobjects.Mario.toTheFloor(Mario.java:71)
	at tp1.logic.gameobjects.Mario.toTheFloor(Mario.java:71)
	at tp1.logic.gameobjects.Mario.toTheFloor(Mario.java:71)
	at tp1.logic.gameobjects.Mario.toTheFloor(Mario.java:71)
	at tp1.logic.gameobjects.Mario.toTheFloor(Mario.java:71)
	at tp1.logic.gameobjects.Mario.toTheFloor(Mario.java:71)
	at tp1.logic.gameobjects.Mario.toTheFloor(Mario.java:71)
	at tp1.logic.gameobjects.Mario.toTheFloor(Mario.java:71)
	at tp1.logic.gameobjects.Mario.toTheFloor(Mario.java:71)
	at tp1.logic.gameobjects.Mario.toTheFloor(Mario.java:71)
	at tp1.logic.gameobjects.Mario.toTheFloor(Mario.java:71)
	at tp1.logic.gameobjects.Mario.toTheFloor(Mario.java:71)
	at tp1.logic.gameobjects.Mario.toTheFloor(Mario.java:71)
	at tp1.logic.gameobjects.Mario.toTheFloor(Mario.java:71)
	at tp1.logic.gameobjects.Mario.toTheFloor(Mario.java:71)
	at tp1.logic.gameobjects.Mario.toTheFloor(Mario.java:71)
	at tp1.logic.gameobjects.Mario.toTheFloor(Mario.java:71)
	at tp1.logic.gameobjects.Mario.toTheFloor(Mario.java:71)
	at tp1.logic.gameobjects.Mario.toTheFloor(Mario.java:71)
	at tp1.logic.gameobjects.Mario.toTheFloor(Mario.java:71)
	at tp1.logic.gameobjects.Mario.toTheFloor(Mario.java:71)
	at tp1.logic.gameobjects.Mario.toTheFloor(Mario.java:71)
	at tp1.logic.gameobjects.Mario.toTheFloor(Mario.java:71)
	at tp1.logic.gameobjects.Mario.toTheFloor(Mario.java:71)
	at tp1.logic.gameobjects.Mario.toTheFloor(Mario.java:71)
	at tp1.logic.gameobjects.Mario.toTheFloor(Mario.java:71)
	at tp1.logic.gameobjects.Mario.toTheFloor(Mario.java:71)
	at tp1.logic.gameobjects.Mario.toTheFloor(Mario.java:71)
	at tp1.logic.gameobjects.Mario.toTheFloor(Mario.java:71)
	at tp1.logic.gameobjects.Mario.toTheFloor(Mario.java:71)
	at tp1.logic.gameobjects.Mario.toTheFloor(Mario.java:71)
	at tp1.logic.gameobjects.Mario.toTheFloor(Mario.java:71)
	at tp1.logic.gameobjects.Mario.toTheFloor(Mario.java:71)
	at tp1.logic.gameobjects.Mario.toTheFloor(Mario.java:71)
	at tp1.logic.gameobjects.Mario.toTheFloor(Mario.java:71)
	at tp1.logic.gameobjects.Mario.toTheFloor(Mario.java:71)
	at tp1.logic.gameobjects.Mario.toTheFloor(Mario.java:71)
	at tp1.logic.gameobjects.Mario.toTheFloor(Mario.java:71)
	at tp1.logic.gameobjects.Mario.toTheFloor(Mario.java:71)
	at tp1.logic.gameobjects.Mario.toTheFloor(Mario.java:71)
	at tp1.logic.gameobjects.Mario.toTheFloor(Mario.java:71)
	at tp1.logic.gameobjects.Mario.toTheFloor(Mario.java:71)
	at tp1.logic.gameobjects.Mario.toTheFloor(Mario.java:71)
	at tp1.logic.gameobjects.Mario.toTheFloor(Mario.java:71)
	at tp1.logic.gameobjects.Mario.toTheFloor(Mario.java:71)
	at tp1.logic.gameobjects.Mario.toTheFloor(Mario.java:71)
	at tp1.logic.gameobjects.Mario.toTheFloor(Mario.java:71)
	at tp1.logic.gameobjects.Mario.toTheFloor(Mario.java:71)
	at tp1.logic.gameobjects.Mario.toTheFloor(Mario.java:71)
	at tp1.logic.gameobjects.Mario.toTheFloor(Mario.java:71)
	at tp1.logic.gameobjects.Mario.toTheFloor(Mario.java:71)
	at tp1.logic.gameobjects.Mario.toTheFloor(Mario.java:71)
	at tp1.logic.gameobjects.Mario.toTheFloor(Mario.java:71)
	at tp1.logic.gameobjects.Mario.toTheFloor(Mario.java:71)
	at tp1.logic.gameobjects.Mario.toTheFloor(Mario.java:71)
	at tp1.logic.gameobjects.Mario.toTheFloor(Mario.java:71)
	at tp1.logic.gameobjects.Mario.toTheFloor(Mario.java:71)
	at tp1.logic.gameobjects.Mario.toTheFloor(Mario.java:71)
	at tp1.logic.gameobjects.Mario.toTheFloor(Mario.java:71)
	at tp1.logic.gameobjects.Mario.toTheFloor(Mario.java:71)
	at tp1.logic.gameobjects.Mario.toTheFloor(Mario.java:71)
	at tp1.logic.gameobjects.Mario.toTheFloor(Mario.java:71)
	at tp1.logic.gameobjects.Mario.toTheFloor(Mario.java:71)
	at tp1.logic.gameobjects.Mario.toTheFloor(Mario.java:71)
	at tp1.logic.gameobjects.Mario.toTheFloor(Mario.java:71)
	at tp1.logic.gameobjects.Mario.toTheFloor(Mario.java:71)
	at tp1.logic.gameobjects.Mario.toTheFloor(Mario.java:71)
	at tp1.logic.gameobjects.Mario.toTheFloor(Mario.java:71)
	at tp1.logic.gameobjects.Mario.toTheFloor(Mario.java:71)
	at tp1.logic.gameobjects.Mario.toTheFloor(Mario.java:71)
	at tp1.logic.gameobjects.Mario.toTheFloor(Mario.java:71)
	at tp1.logic.gameobjects.Mario.toTheFloor(Mario.java:71)
	at tp1.logic.gameobjects.Mario.toTheFloor(Mario.java:71)
	at tp1.logic.gameobjects.Mario.toTheFloor(Mario.java:71)
	at tp1.logic.gameobjects.Mario.toTheFloor(Mario.java:71)
	at tp1.logic.gameobjects.Mario.toTheFloor(Mario.java:71)
	at tp1.logic.gameobjects.Mario.toTheFloor(Mario.java:71)
	at tp1.logic.gameobjects.Mario.toTheFloor(Mario.java:71)
	at tp1.logic.gameobjects.Mario.toTheFloor(Mario.java:71)
	at tp1.logic.gameobjects.Mario.toTheFloor(Mario.java:71)
	at tp1.logic.gameobjects.Mario.toTheFloor(Mario.java:71)
	at tp1.logic.gameobjects.Mario.toTheFloor(Mario.java:71)
	at tp1.logic.gameobjects.Mario.toTheFloor(Mario.java:71)
	at tp1.logic.gameobjects.Mario.toTheFloor(Mario.java:71)
	at tp1.logic.gameobjects.Mario.toTheFloor(Mario.java:71)
	at tp1.logic.gameobjects.Mario.toTheFloor(Mario.java:71)
	at tp1.logic.gameobjects.Mario.toTheFloor(Mario.java:71)
	at tp1.logic.gameobjects.Mario.toTheFloor(Mario.java:71)
	at tp1.logic.gameobjects.Mario.toTheFloor(Mario.java:71)
	at tp1.logic.gameobjects.Mario.toTheFloor(Mario.java:71)
	at tp1.logic.gameobjects.Mario.toTheFloor(Mario.java:71)
	at tp1.logic.gameobjects.Mario.toTheFloor(Mario.java:71)
	at tp1.logic.gameobjects.Mario.toTheFloor(Mario.java:71)
	at tp1.logic.gameobjects.Mario.toTheFloor(Mario.java:71)
	at tp1.logic.gameobjects.Mario.toTheFloor(Mario.java:71)
	at tp1.logic.gameobjects.Mario.toTheFloor(Mario.java:71)
	at tp1.logic.gameobjects.Mario.toTheFloor(Mario.java:71)
	at tp1.logic.gameobjects.Mario.toTheFloor(Mario.java:71)
	at tp1.logic.gameobjects.Mario.toTheFloor(Mario.java:71)
	at tp1.logic.gameobjects.Mario.toTheFloor(Mario.java:71)
	at tp1.logic.gameobjects.Mario.toTheFloor(Mario.java:71)
	at tp1.logic.gameobjects.Mario.toTheFloor(Mario.java:71)
	at tp1.logic.gameobjects.Mario.toTheFloor(Mario.java:71)
	at tp1.logic.gameobjects.Mario.toTheFloor(Mario.java:71)
	at tp1.logic.gameobjects.Mario.toTheFloor(Mario.java:71)
	at tp1.logic.gameobjects.Mario.toTheFloor(Mario.java:71)
	at tp1.logic.gameobjects.Mario.toTheFloor(Mario.java:71)
	at tp1.logic.gameobjects.Mario.toTheFloor(Mario.java:71)
	at tp1.logic.gameobjects.Mario.toTheFloor(Mario.java:71)
	at tp1.logic.gameobjects.Mario.toTheFloor(Mario.java:71)
	at tp1.logic.gameobjects.Mario.toTheFloor(Mario.java:71)
	at tp1.logic.gameobjects.Mario.toTheFloor(Mario.java:71)
	at tp1.logic.gameobjects.Mario.toTheFloor(Mario.java:71)
	at tp1.logic.gameobjects.Mario.toTheFloor(Mario.java:71)
	at tp1.logic.gameobjects.Mario.toTheFloor(Mario.java:71)
	at tp1.logic.gameobjects.Mario.toTheFloor(Mario.java:71)
	at tp1.logic.gameobjects.Mario.toTheFloor(Mario.java:71)
	at tp1.logic.gameobjects.Mario.toTheFloor(Mario.java:71)
	at tp1.logic.gameobjects.Mario.toTheFloor(Mario.java:71)
	at tp1.logic.gameobjects.Mario.toTheFloor(Mario.java:71)
	at tp1.logic.gameobjects.Mario.toTheFloor(Mario.java:71)
	at tp1.logic.gameobjects.Mario.toTheFloor(Mario.java:71)
	at tp1.logic.gameobjects.Mario.toTheFloor(Mario.java:71)
	at tp1.logic.gameobjects.Mario.toTheFloor(Mario.java:71)
	at tp1.logic.gameobjects.Mario.toTheFloor(Mario.java:71)
	at tp1.logic.gameobjects.Mario.toTheFloor(Mario.java:71)
	at tp1.logic.gameobjects.Mario.toTheFloor(Mario.java:71)
	at tp1.logic.gameobjects.Mario.toTheFloor(Mario.java:71)
	at tp1.logic.gameobjects.Mario.toTheFloor(Mario.java:71)
	at tp1.logic.gameobjects.Mario.toTheFloor(Mario.java:71)
	at tp1.logic.gameobjects.Mario.toTheFloor(Mario.java:71)
	at tp1.logic.gameobjects.Mario.toTheFloor(Mario.java:71)
	at tp1.logic.gameobjects.Mario.toTheFloor(Mario.java:71)
	at tp1.logic.gameobjects.Mario.toTheFloor(Mario.java:71)
	at tp1.logic.gameobjects.Mario.toTheFloor(Mario.java:71)
	at tp1.logic.gameobjects.Mario.toTheFloor(Mario.java:71)
	at tp1.logic.gameobjects.Mario.toTheFloor(Mario.java:71)
	at tp1.logic.gameobjects.Mario.toTheFloor(Mario.java:71)
	at tp1.logic.gameobjects.Mario.toTheFloor(Mario.java:71)
	at tp1.logic.gameobjects.Mario.toTheFloor(Mario.java:71)
	at tp1.logic.gameobjects.Mario.toTheFloor(Mario.java:71)
	at tp1.logic.gameobjects.Mario.toTheFloor(Mario.java:71)
	at tp1.logic.gameobjects.Mario.toTheFloor(Mario.java:71)
	at tp1.logic.gameobjects.Mario.toTheFloor(Mario.java:71)
	at tp1.logic.gameobjects.Mario.toTheFloor(Mario.java:71)
	at tp1.logic.gameobjects.Mario.toTheFloor(Mario.java:71)
	at tp1.logic.gameobjects.Mario.toTheFloor(Mario.java:71)
	at tp1.logic.gameobjects.Mario.toTheFloor(Mario.java:71)
	at tp1.logic.gameobjects.Mario.toTheFloor(Mario.java:71)
	at tp1.logic.gameobjects.Mario.toTheFloor(Mario.java:71)
	at tp1.logic.gameobjects.Mario.toTheFloor(Mario.java:71)
	at tp1.logic.gameobjects.Mario.toTheFloor(Mario.java:71)
	at tp1.logic.gameobjects.Mario.toTheFloor(Mario.java:71)
	at tp1.logic.gameobjects.Mario.toTheFloor(Mario.java:71)
	at tp1.logic.gameobjects.Mario.toTheFloor(Mario.java:71)
	at tp1.logic.gameobjects.Mario.toTheFloor(Mario.java:71)
	at tp1.logic.gameobjects.Mario.toTheFloor(Mario.java:71)
	at tp1.logic.gameobjects.Mario.toTheFloor(Mario.java:71)
	at tp1.logic.gameobjects.Mario.toTheFloor(Mario.java:71)
	at tp1.logic.gameobjects.Mario.toTheFloor(Mario.java:71)
	at tp1.logic.gameobjects.Mario.toTheFloor(Mario.java:71)
	at tp1.logic.gameobjects.Mario.toTheFloor(Mario.java:71)
	at tp1.logic.gameobjects.Mario.toTheFloor(Mario.java:71)
	at tp1.logic.gameobjects.Mario.toTheFloor(Mario.java:71)
	at tp1.logic.gameobjects.Mario.toTheFloor(Mario.java:71)
	at tp1.logic.gameobjects.Mario.toTheFloor(Mario.java:71)
	at tp1.logic.gameobjects.Mario.toTheFloor(Mario.java:71)
	at tp1.logic.gameobjects.Mario.toTheFloor(Mario.java:71)
	at tp1.logic.gameobjects.Mario.toTheFloor(Mario.java:71)
	at tp1.logic.gameobjects.Mario.toTheFloor(Mario.java:71)
	at tp1.logic.gameobjects.Mario.toTheFloor(Mario.java:71)
	at tp1.logic.gameobjects.Mario.toTheFloor(Mario.java:71)
	at tp1.logic.gameobjects.Mario.toTheFloor(Mario.java:71)
	at tp1.logic.gameobjects.Mario.toTheFloor(Mario.java:71)
	at tp1.logic.gameobjects.Mario.toTheFloor(Mario.java:71)
	at tp1.logic.gameobjects.Mario.toTheFloor(Mario.java:71)
	at tp1.logic.gameobjects.Mario.toTheFloor(Mario.java:71)
	at tp1.logic.gameobjects.Mario.toTheFloor(Mario.java:71)
	at tp1.logic.gameobjects.Mario.toTheFloor(Mario.java:71)
	at tp1.logic.gameobjects.Mario.toTheFloor(Mario.java:71)
	at tp1.logic.gameobjects.Mario.toTheFloor(Mario.java:71)
	at tp1.logic.gameobjects.Mario.toTheFloor(Mario.java:71)
	at tp1.logic.gameobjects.Mario.toTheFloor(Mario.java:71)
	at tp1.logic.gameobjects.Mario.toTheFloor(Mario.java:71)
	at tp1.logic.gameobjects.Mario.toTheFloor(Mario.java:71)
	at tp1.logic.gameobjects.Mario.toTheFloor(Mario.java:71)
	at tp1.logic.gameobjects.Mario.toTheFloor(Mario.java:71)
	at tp1.logic.gameobjects.Mario.toTheFloor(Mario.java:71)
	at tp1.logic.gameobjects.Mario.toTheFloor(Mario.java:71)
	at tp1.logic.gameobjects.Mario.toTheFloor(Mario.java:71)
	at tp1.logic.gameobjects.Mario.toTheFloor(Mario.java:71)
	at tp1.logic.gameobjects.Mario.toTheFloor(Mario.java:71)
	at tp1.logic.gameobjects.Mario.toTheFloor(Mario.java:71)
	at tp1.logic.gameobjects.Mario.toTheFloor(Mario.java:71)
	at tp1.logic.gameobjects.Mario.toTheFloor(Mario.java:71)
	at tp1.logic.gameobjects.Mario.toTheFloor(Mario.java:71)
	at tp1.logic.gameobjects.Mario.toTheFloor(Mario.java:71)
	at tp1.logic.gameobjects.Mario.toTheFloor(Mario.java:71)
	at tp1.logic.gameobjects.Mario.toTheFloor(Mario.java:71)
	at tp1.logic.gameobjects.Mario.toTheFloor(Mario.java:71)
	at tp1.logic.gameobjects.Mario.toTheFloor(Mario.java:71)
	at tp1.logic.gameobjects.Mario.toTheFloor(Mario.java:71)
	at tp1.logic.gameobjects.Mario.toTheFloor(Mario.java:71)
	at tp1.logic.gameobjects.Mario.toTheFloor(Mario.java:71)
	at tp1.logic.gameobjects.Mario.toTheFloor(Mario.java:71)
	at tp1.logic.gameobjects.Mario.toTheFloor(Mario.java:71)
	at tp1.logic.gameobjects.Mario.toTheFloor(Mario.java:71)
	at tp1.logic.gameobjects.Mario.toTheFloor(Mario.java:71)
	at tp1.logic.gameobjects.Mario.toTheFloor(Mario.java:71)
	at tp1.logic.gameobjects.Mario.toTheFloor(Mario.java:71)
	at tp1.logic.gameobjects.Mario.toTheFloor(Mario.java:71)
	at tp1.logic.gameobjects.Mario.toTheFloor(Mario.java:71)
	at tp1.logic.gameobjects.Mario.toTheFloor(Mario.java:71)
	at tp1.logic.gameobjects.Mario.toTheFloor(Mario.java:71)
	at tp1.logic.gameobjects.Mario.toTheFloor(Mario.java:71)
	at tp1.logic.gameobjects.Mario.toTheFloor(Mario.java:71)
	at tp1.logic.gameobjects.Mario.toTheFloor(Mario.java:71)
	at tp1.logic.gameobjects.Mario.toTheFloor(Mario.java:71)
	at tp1.logic.gameobjects.Mario.toTheFloor(Mario.java:71)
	at tp1.logic.gameobjects.Mario.toTheFloor(Mario.java:71)
	at tp1.logic.gameobjects.Mario.toTheFloor(Mario.java:71)
	at tp1.logic.gameobjects.Mario.toTheFloor(Mario.java:71)
	at tp1.logic.gameobjects.Mario.toTheFloor(Mario.java:71)
	at tp1.logic.gameobjects.Mario.toTheFloor(Mario.java:71)
	at tp1.logic.gameobjects.Mario.toTheFloor(Mario.java:71)
	at tp1.logic.gameobjects.Mario.toTheFloor(Mario.java:71)
	at tp1.logic.gameobjects.Mario.toTheFloor(Mario.java:71)
	at tp1.logic.gameobjects.Mario.toTheFloor(Mario.java:71)
	at tp1.logic.gameobjects.Mario.toTheFloor(Mario.java:71)
	at tp1.logic.gameobjects.Mario.toTheFloor(Mario.java:71)
	at tp1.logic.gameobjects.Mario.toTheFloor(Mario.java:71)
	at tp1.logic.gameobjects.Mario.toTheFloor(Mario.java:71)
	at tp1.logic.gameobjects.Mario.toTheFloor(Mario.java:71)
	at tp1.logic.gameobjects.Mario.toTheFloor(Mario.java:71)
	at tp1.logic.gameobjects.Mario.toTheFloor(Mario.java:71)
	at tp1.logic.gameobjects.Mario.toTheFloor(Mario.java:71)
	at tp1.logic.gameobjects.Mario.toTheFloor(Mario.java:71)
	at tp1.logic.gameobjects.Mario.toTheFloor(Mario.java:71)
	at tp1.logic.gameobjects.Mario.toTheFloor(Mario.java:71)
	at tp1.logic.gameobjects.Mario.toTheFloor(Mario.java:71)
	at tp1.logic.gameobjects.Mario.toTheFloor(Mario.java:71)
	at tp1.logic.gameobjects.Mario.toTheFloor(Mario.java:71)
	at tp1.logic.gameobjects.Mario.toTheFloor(Mario.java:71)
	at tp1.logic.gameobjects.Mario.toTheFloor(Mario.java:71)
	at tp1.logic.gameobjects.Mario.toTheFloor(Mario.java:71)
	at tp1.logic.gameobjects.Mario.toTheFloor(Mario.java:71)
	at tp1.logic.gameobjects.Mario.toTheFloor(Mario.java:71)
	at tp1.logic.gameobjects.Mario.toTheFloor(Mario.java:71)
	at tp1.logic.gameobjects.Mario.toTheFloor(Mario.java:71)
	at tp1.logic.gameobjects.Mario.toTheFloor(Mario.java:71)
	at tp1.logic.gameobjects.Mario.toTheFloor(Mario.java:71)
	at tp1.logic.gameobjects.Mario.toTheFloor(Mario.java:71)
	at tp1.logic.gameobjects.Mario.toTheFloor(Mario.java:71)
	at tp1.logic.gameobjects.Mario.toTheFloor(Mario.java:71)
	at tp1.logic.gameobjects.Mario.toTheFloor(Mario.java:71)
	at tp1.logic.gameobjects.Mario.toTheFloor(Mario.java:71)
	at tp1.logic.gameobjects.Mario.toTheFloor(Mario.java:71)
	at tp1.logic.gameobjects.Mario.toTheFloor(Mario.java:71)
	at tp1.logic.gameobjects.Mario.toTheFloor(Mario.java:71)
	at tp1.logic.gameobjects.Mario.toTheFloor(Mario.java:71)
	at tp1.logic.gameobjects.Mario.toTheFloor(Mario.java:71)
	at tp1.logic.gameobjects.Mario.toTheFloor(Mario.java:71)
	at tp1.logic.gameobjects.Mario.toTheFloor(Mario.java:71)
	at tp1.logic.gameobjects.Mario.toTheFloor(Mario.java:71)
	at tp1.logic.gameobjects.Mario.toTheFloor(Mario.java:71)
	at tp1.logic.gameobjects.Mario.toTheFloor(Mario.java:71)
	at tp1.logic.gameobjects.Mario.toTheFloor(Mario.java:71)
	at tp1.logic.gameobjects.Mario.toTheFloor(Mario.java:71)
	at tp1.logic.gameobjects.Mario.toTheFloor(Mario.java:71)
	at tp1.logic.gameobjects.Mario.toTheFloor(Mario.java:71)
	at tp1.logic.gameobjects.Mario.toTheFloor(Mario.java:71)
	at tp1.logic.gameobjects.Mario.toTheFloor(Mario.java:71)
	at tp1.logic.gameobjects.Mario.toTheFloor(Mario.java:71)
	at tp1.logic.gameobjects.Mario.toTheFloor(Mario.java:71)
	at tp1.logic.gameobjects.Mario.toTheFloor(Mario.java:71)
	at tp1.logic.gameobjects.Mario.toTheFloor(Mario.java:71)
	at tp1.logic.gameobjects.Mario.toTheFloor(Mario.java:71)
	at tp1.logic.gameobjects.Mario.toTheFloor(Mario.java:71)
	at tp1.logic.gameobjects.Mario.toTheFloor(Mario.java:71)
	at tp1.logic.gameobjects.Mario.toTheFloor(Mario.java:71)
	at tp1.logic.gameobjects.Mario.toTheFloor(Mario.java:71)
	at tp1.logic.gameobjects.Mario.toTheFloor(Mario.java:71)
	at tp1.logic.gameobjects.Mario.toTheFloor(Mario.java:71)
	at tp1.logic.gameobjects.Mario.toTheFloor(Mario.java:71)
	at tp1.logic.gameobjects.Mario.toTheFloor(Mario.java:71)
	at tp1.logic.gameobjects.Mario.toTheFloor(Mario.java:71)
	at tp1.logic.gameobjects.Mario.toTheFloor(Mario.java:71)
	at tp1.logic.gameobjects.Mario.toTheFloor(Mario.java:71)
	at tp1.logic.gameobjects.Mario.toTheFloor(Mario.java:71)
	at tp1.logic.gameobjects.Mario.toTheFloor(Mario.java:71)
	at tp1.logic.gameobjects.Mario.toTheFloor(Mario.java:71)
	at tp1.logic.gameobjects.Mario.toTheFloor(Mario.java:71)
	at tp1.logic.gameobjects.Mario.toTheFloor(Mario.java:71)
	at tp1.logic.gameobjects.Mario.toTheFloor(Mario.java:71)
	at tp1.logic.gameobjects.Mario.toTheFloor(Mario.java:71)
	at tp1.logic.gameobjects.Mario.toTheFloor(Mario.java:71)
	at tp1.logic.gameobjects.Mario.toTheFloor(Mario.java:71)
	at tp1.logic.gameobjects.Mario.toTheFloor(Mario.java:71)
	at tp1.logic.gameobjects.Mario.toTheFloor(Mario.java:71)
	at tp1.logic.gameobjects.Mario.toTheFloor(Mario.java:71)
	at tp1.logic.gameobjects.Mario.toTheFloor(Mario.java:71)
	at tp1.logic.gameobjects.Mario.toTheFloor(Mario.java:71)
	at tp1.logic.gameobjects.Mario.toTheFloor(Mario.java:71)
	at tp1.logic.gameobjects.Mario.toTheFloor(Mario.java:71)
	at tp1.logic.gameobjects.Mario.toTheFloor(Mario.java:71)
	at tp1.logic.gameobjects.Mario.toTheFloor(Mario.java:71)
	at tp1.logic.gameobjects.Mario.toTheFloor(Mario.java:71)
	at tp1.logic.gameobjects.Mario.toTheFloor(Mario.java:71)
	at tp1.logic.gameobjects.Mario.toTheFloor(Mario.java:71)
	at tp1.logic.gameobjects.Mario.toTheFloor(Mario.java:71)
	at tp1.logic.gameobjects.Mario.toTheFloor(Mario.java:71)
	at tp1.logic.gameobjects.Mario.toTheFloor(Mario.java:71)
	at tp1.logic.gameobjects.Mario.toTheFloor(Mario.java:71)
	at tp1.logic.gameobjects.Mario.toTheFloor(Mario.java:71)
	at tp1.logic.gameobjects.Mario.toTheFloor(Mario.java:71)
	at tp1.logic.gameobjects.Mario.toTheFloor(Mario.java:71)
	at tp1.logic.gameobjects.Mario.toTheFloor(Mario.java:71)
	at tp1.logic.gameobjects.Mario.toTheFloor(Mario.java:71)
	at tp1.logic.gameobjects.Mario.toTheFloor(Mario.java:71)
	at tp1.logic.gameobjects.Mario.toTheFloor(Mario.java:71)
	at tp1.logic.gameobjects.Mario.toTheFloor(Mario.java:71)
	at tp1.logic.gameobjects.Mario.toTheFloor(Mario.java:71)
	at tp1.logic.gameobjects.Mario.toTheFloor(Mario.java:71)
	at tp1.logic.gameobjects.Mario.toTheFloor(Mario.java:71)
	at tp1.logic.gameobjects.Mario.toTheFloor(Mario.java:71)
	at tp1.logic.gameobjects.Mario.toTheFloor(Mario.java:71)
	at tp1.logic.gameobjects.Mario.toTheFloor(Mario.java:71)
	at tp1.logic.gameobjects.Mario.toTheFloor(Mario.java:71)
	at tp1.logic.gameobjects.Mario.toTheFloor(Mario.java:71)
	at tp1.logic.gameobjects.Mario.toTheFloor(Mario.java:71)
	at tp1.logic.gameobjects.Mario.toTheFloor(Mario.java:71)
	at tp1.logic.gameobjects.Mario.toTheFloor(Mario.java:71)
	at tp1.logic.gameobjects.Mario.toTheFloor(Mario.java:71)
	at tp1.logic.gameobjects.Mario.toTheFloor(Mario.java:71)
	at tp1.logic.gameobjects.Mario.toTheFloor(Mario.java:71)
	at tp1.logic.gameobjects.Mario.toTheFloor(Mario.java:71)
	at tp1.logic.gameobjects.Mario.toTheFloor(Mario.java:71)
	at tp1.logic.gameobjects.Mario.toTheFloor(Mario.java:71)
	at tp1.logic.gameobjects.Mario.toTheFloor(Mario.java:71)
	at tp1.logic.gameobjects.Mario.toTheFloor(Mario.java:71)
	at tp1.logic.gameobjects.Mario.toTheFloor(Mario.java:71)
	at tp1.logic.gameobjects.Mario.toTheFloor(Mario.java:71)
	at tp1.logic.gameobjects.Mario.toTheFloor(Mario.java:71)
	at tp1.logic.gameobjects.Mario.toTheFloor(Mario.java:71)
	at tp1.logic.gameobjects.Mario.toTheFloor(Mario.java:71)
	at tp1.logic.gameobjects.Mario.toTheFloor(Mario.java:71)
	at tp1.logic.gameobjects.Mario.toTheFloor(Mario.java:71)
	at tp1.logic.gameobjects.Mario.toTheFloor(Mario.java:71)
	at tp1.logic.gameobjects.Mario.toTheFloor(Mario.java:71)
	at tp1.logic.gameobjects.Mario.toTheFloor(Mario.java:71)
	at tp1.logic.gameobjects.Mario.toTheFloor(Mario.java:71)
	at tp1.logic.gameobjects.Mario.toTheFloor(Mario.java:71)
	at tp1.logic.gameobjects.Mario.toTheFloor(Mario.java:71)
	at tp1.logic.gameobjects.Mario.toTheFloor(Mario.java:71)
	at tp1.logic.gameobjects.Mario.toTheFloor(Mario.java:71)
	at tp1.logic.gameobjects.Mario.toTheFloor(Mario.java:71)
	at tp1.logic.gameobjects.Mario.toTheFloor(Mario.java:71)
	at tp1.logic.gameobjects.Mario.toTheFloor(Mario.java:71)
	at tp1.logic.gameobjects.Mario.toTheFloor(Mario.java:71)
	at tp1.logic.gameobjects.Mario.toTheFloor(Mario.java:71)
	at tp1.logic.gameobjects.Mario.toTheFloor(Mario.java:71)
	at tp1.logic.gameobjects.Mario.toTheFloor(Mario.java:71)
	at tp1.logic.gameobjects.Mario.toTheFloor(Mario.java:71)
	at tp1.logic.gameobjects.Mario.toTheFloor(Mario.java:71)
	at tp1.logic.gameobjects.Mario.toTheFloor(Mario.java:71)
	at tp1.logic.gameobjects.Mario.toTheFloor(Mario.java:71)
	at tp1.logic.gameobjects.Mario.toTheFloor(Mario.java:71)
	at tp1.logic.gameobjects.Mario.toTheFloor(Mario.java:71)
	at tp1.logic.gameobjects.Mario.toTheFloor(Mario.java:71)
	at tp1.logic.gameobjects.Mario.toTheFloor(Mario.java:71)
	at tp1.logic.gameobjects.Mario.toTheFloor(Mario.java:71)
	at tp1.logic.gameobjects.Mario.toTheFloor(Mario.java:71)
	at tp1.logic.gameobjects.Mario.toTheFloor(Mario.java:71)
	at tp1.logic.gameobjects.Mario.toTheFloor(Mario.java:71)
	at tp1.logic.gameobjects.Mario.toTheFloor(Mario.java:71)
	at tp1.logic.gameobjects.Mario.toTheFloor(Mario.java:71)
	at tp1.logic.gameobjects.Mario.toTheFloor(Mario.java:71)
	at tp1.logic.gameobjects.Mario.toTheFloor(Mario.java:71)
	at tp1.logic.gameobjects.Mario.toTheFloor(Mario.java:71)
	at tp1.logic.gameobjects.Mario.toTheFloor(Mario.java:71)
	at tp1.logic.gameobjects.Mario.toTheFloor(Mario.java:71)
	at tp1.logic.gameobjects.Mario.toTheFloor(Mario.java:71)
	at tp1.logic.gameobjects.Mario.toTheFloor(Mario.java:71)
	at tp1.logic.gameobjects.Mario.toTheFloor(Mario.java:71)
	at tp1.logic.gameobjects.Mario.toTheFloor(Mario.java:71)
	at tp1.logic.gameobjects.Mario.toTheFloor(Mario.java:71)
	at tp1.logic.gameobjects.Mario.toTheFloor(Mario.java:71)
	at tp1.logic.gameobjects.Mario.toTheFloor(Mario.java:71)
	at tp1.logic.gameobjects.Mario.toTheFloor(Mario.java:71)
	at tp1.logic.gameobjects.Mario.toTheFloor(Mario.java:71)
	at tp1.logic.gameobjects.Mario.toTheFloor(Mario.java:71)
	at tp1.logic.gameobjects.Mario.toTheFloor(Mario.java:71)
	at tp1.logic.gameobjects.Mario.toTheFloor(Mario.java:71)
	at tp1.logic.gameobjects.Mario.toTheFloor(Mario.java:71)
	at tp1.logic.gameobjects.Mario.toTheFloor(Mario.java:71)
	at tp1.logic.gameobjects.Mario.toTheFloor(Mario.java:71)
	at tp1.logic.gameobjects.Mario.toTheFloor(Mario.java:71)
	at tp1.logic.gameobjects.Mario.toTheFloor(Mario.java:71)
	at tp1.logic.gameobjects.Mario.toTheFloor(Mario.java:71)
	at tp1.logic.gameobjects.Mario.toTheFloor(Mario.java:71)
	at tp1.logic.gameobjects.Mario.toTheFloor(Mario.java:71)
	at tp1.logic.gameobjects.Mario.toTheFloor(Mario.java:71)
	at tp1.logic.gameobjects.Mario.toTheFloor(Mario.java:71)
	at tp1.logic.gameobjects.Mario.toTheFloor(Mario.java:71)
	at tp1.logic.gameobjects.Mario.toTheFloor(Mario.java:71)
	at tp1.logic.gameobjects.Mario.toTheFloor(Mario.java:71)
	at tp1.logic.gameobjects.Mario.toTheFloor(Mario.java:71)
	at tp1.logic.gameobjects.Mario.toTheFloor(Mario.java:71)
	at tp1.logic.gameobjects.Mario.toTheFloor(Mario.java:71)
	at tp1.logic.gameobjects.Mario.toTheFloor(Mario.java:71)
	at tp1.logic.gameobjects.Mario.toTheFloor(Mario.java:71)
	at tp1.logic.gameobjects.Mario.toTheFloor(Mario.java:71)
	at tp1.logic.gameobjects.Mario.toTheFloor(Mario.java:71)
	at tp1.logic.gameobjects.Mario.toTheFloor(Mario.java:71)
	at tp1.logic.gameobjects.Mario.toTheFloor(Mario.java:71)
	at tp1.logic.gameobjects.Mario.toTheFloor(Mario.java:71)
	at tp1.logic.gameobjects.Mario.toTheFloor(Mario.java:71)
	at tp1.logic.gameobjects.Mario.toTheFloor(Mario.java:71)
	at tp1.logic.gameobjects.Mario.toTheFloor(Mario.java:71)
	at tp1.logic.gameobjects.Mario.toTheFloor(Mario.java:71)
	at tp1.logic.gameobjects.Mario.toTheFloor(Mario.java:71)
	at tp1.logic.gameobjects.Mario.toTheFloor(Mario.java:71)
	at tp1.logic.gameobjects.Mario.toTheFloor(Mario.java:71)
	at tp1.logic.gameobjects.Mario.toTheFloor(Mario.java:71)
	at tp1.logic.gameobjects.Mario.toTheFloor(Mario.java:71)
	at tp1.logic.gameobjects.Mario.toTheFloor(Mario.java:71)
	at tp1.logic.gameobjects.Mario.toTheFloor(Mario.java:71)
	at tp1.logic.gameobjects.Mario.toTheFloor(Mario.java:71)
	at tp1.logic.gameobjects.Mario.toTheFloor(Mario.java:71)
	at tp1.logic.gameobjects.Mario.toTheFloor(Mario.java:71)
	at tp1.logic.gameobjects.Mario.toTheFloor(Mario.java:71)
	at tp1.logic.gameobjects.Mario.toTheFloor(Mario.java:71)
	at tp1.logic.gameobjects.Mario.toTheFloor(Mario.java:71)
	at tp1.logic.gameobjects.Mario.toTheFloor(Mario.java:71)
	at tp1.logic.gameobjects.Mario.toTheFloor(Mario.java:71)
	at tp1.logic.gameobjects.Mario.toTheFloor(Mario.java:71)
	at tp1.logic.gameobjects.Mario.toTheFloor(Mario.java:71)
	at tp1.logic.gameobjects.Mario.toTheFloor(Mario.java:71)
	at tp1.logic.gameobjects.Mario.toTheFloor(Mario.java:71)
	at tp1.logic.gameobjects.Mario.toTheFloor(Mario.java:71)
	at tp1.logic.gameobjects.Mario.toTheFloor(Mario.java:71)
	at tp1.logic.gameobjects.Mario.toTheFloor(Mario.java:71)
	at tp1.logic.gameobjects.Mario.toTheFloor(Mario.java:71)
	at tp1.logic.gameobjects.Mario.toTheFloor(Mario.java:71)
	at tp1.logic.gameobjects.Mario.toTheFloor(Mario.java:71)
	at tp1.logic.gameobjects.Mario.toTheFloor(Mario.java:71)
	at tp1.logic.gameobjects.Mario.toTheFloor(Mario.java:71)
	at tp1.logic.gameobjects.Mario.toTheFloor(Mario.java:71)
	at tp1.logic.gameobjects.Mario.toTheFloor(Mario.java:71)
	at tp1.logic.gameobjects.Mario.toTheFloor(Mario.java:71)
	at tp1.logic.gameobjects.Mario.toTheFloor(Mario.java:71)
	at tp1.logic.gameobjects.Mario.toTheFloor(Mario.java:71)
	at tp1.logic.gameobjects.Mario.toTheFloor(Mario.java:71)
	at tp1.logic.gameobjects.Mario.toTheFloor(Mario.java:71)
	at tp1.logic.gameobjects.Mario.toTheFloor(Mario.java:71)
	at tp1.logic.gameobjects.Mario.toTheFloor(Mario.java:71)
	at tp1.logic.gameobjects.Mario.toTheFloor(Mario.java:71)
	at tp1.logic.gameobjects.Mario.toTheFloor(Mario.java:71)
	at tp1.logic.gameobjects.Mario.toTheFloor(Mario.java:71)
	at tp1.logic.gameobjects.Mario.toTheFloor(Mario.java:71)
	at tp1.logic.gameobjects.Mario.toTheFloor(Mario.java:71)
	at tp1.logic.gameobjects.Mario.toTheFloor(Mario.java:71)
	at tp1.logic.gameobjects.Mario.toTheFloor(Mario.java:71)
	at tp1.logic.gameobjects.Mario.toTheFloor(Mario.java:71)
	at tp1.logic.gameobjects.Mario.toTheFloor(Mario.java:71)
	at tp1.logic.gameobjects.Mario.toTheFloor(Mario.java:71)
	at tp1.logic.gameobjects.Mario.toTheFloor(Mario.java:71)
	at tp1.logic.gameobjects.Mario.toTheFloor(Mario.java:71)
	at tp1.logic.gameobjects.Mario.toTheFloor(Mario.java:71)
	at tp1.logic.gameobjects.Mario.toTheFloor(Mario.java:71)
	at tp1.logic.gameobjects.Mario.toTheFloor(Mario.java:71)
	at tp1.logic.gameobjects.Mario.toTheFloor(Mario.java:71)
	at tp1.logic.gameobjects.Mario.toTheFloor(Mario.java:71)
	at tp1.logic.gameobjects.Mario.toTheFloor(Mario.java:71)
	at tp1.logic.gameobjects.Mario.toTheFloor(Mario.java:71)
	at tp1.logic.gameobjects.Mario.toTheFloor(Mario.java:71)
	at tp1.logic.gameobjects.Mario.toTheFloor(Mario.java:71)
	at tp1.logic.gameobjects.Mario.toTheFloor(Mario.java:71)
	at tp1.logic.gameobjects.Mario.toTheFloor(Mario.java:71)
	at tp1.logic.gameobjects.Mario.toTheFloor(Mario.java:71)
	at tp1.logic.gameobjects.Mario.toTheFloor(Mario.java:71)
	at tp1.logic.gameobjects.Mario.toTheFloor(Mario.java:71)
	at tp1.logic.gameobjects.Mario.toTheFloor(Mario.java:71)
	at tp1.logic.gameobjects.Mario.toTheFloor(Mario.java:71)
	at tp1.logic.gameobjects.Mario.toTheFloor(Mario.java:71)
	at tp1.logic.gameobjects.Mario.toTheFloor(Mario.java:71)
	at tp1.logic.gameobjects.Mario.toTheFloor(Mario.java:71)
	at tp1.logic.gameobjects.Mario.toTheFloor(Mario.java:71)
	at tp1.logic.gameobjects.Mario.toTheFloor(Mario.java:71)
	at tp1.logic.gameobjects.Mario.toTheFloor(Mario.java:71)
	at tp1.logic.gameobjects.Mario.toTheFloor(Mario.java:71)
	at tp1.logic.gameobjects.Mario.toTheFloor(Mario.java:71)
	at tp1.logic.gameobjects.Mario.toTheFloor(Mario.java:71)
	at tp1.logic.gameobjects.Mario.toTheFloor(Mario.java:71)
	at tp1.logic.gameobjects.Mario.toTheFloor(Mario.java:71)
	at tp1.logic.gameobjects.Mario.toTheFloor(Mario.java:71)
	at tp1.logic.gameobjects.Mario.toTheFloor(Mario.java:71)
	at tp1.logic.gameobjects.Mario.toTheFloor(Mario.java:71)
	at tp1.logic.gameobjects.Mario.toTheFloor(Mario.java:71)
	at tp1.logic.gameobjects.Mario.toTheFloor(Mario.java:71)
	at tp1.logic.gameobjects.Mario.toTheFloor(Mario.java:71)
	at tp1.logic.gameobjects.Mario.toTheFloor(Mario.java:71)
	at tp1.logic.gameobjects.Mario.toTheFloor(Mario.java:71)
	at tp1.logic.gameobjects.Mario.toTheFloor(Mario.java:71)
	at tp1.logic.gameobjects.Mario.toTheFloor(Mario.java:71)
	at tp1.logic.gameobjects.Mario.toTheFloor(Mario.java:71)
	at tp1.logic.gameobjects.Mario.toTheFloor(Mario.java:71)
	at tp1.logic.gameobjects.Mario.toTheFloor(Mario.java:71)
	at tp1.logic.gameobjects.Mario.toTheFloor(Mario.java:71)
	at tp1.logic.gameobjects.Mario.toTheFloor(Mario.java:71)
	at tp1.logic.gameobjects.Mario.toTheFloor(Mario.java:71)
	at tp1.logic.gameobjects.Mario.toTheFloor(Mario.java:71)
	at tp1.logic.gameobjects.Mario.toTheFloor(Mario.java:71)
	at tp1.logic.gameobjects.Mario.toTheFloor(Mario.java:71)
	at tp1.logic.gameobjects.Mario.toTheFloor(Mario.java:71)
	at tp1.logic.gameobjects.Mario.toTheFloor(Mario.java:71)
	at tp1.logic.gameobjects.Mario.toTheFloor(Mario.java:71)
	at tp1.logic.gameobjects.Mario.toTheFloor(Mario.java:71)
	at tp1.logic.gameobjects.Mario.toTheFloor(Mario.java:71)
	at tp1.logic.gameobjects.Mario.toTheFloor(Mario.java:71)
	at tp1.logic.gameobjects.Mario.toTheFloor(Mario.java:71)
	at tp1.logic.gameobjects.Mario.toTheFloor(Mario.java:71)
	at tp1.logic.gameobjects.Mario.toTheFloor(Mario.java:71)
	at tp1.logic.gameobjects.Mario.toTheFloor(Mario.java:71)
	at tp1.logic.gameobjects.Mario.toTheFloor(Mario.java:71)
	at tp1.logic.gameobjects.Mario.toTheFloor(Mario.java:71)
	at tp1.logic.gameobjects.Mario.toTheFloor(Mario.java:71)
	at tp1.logic.gameobjects.Mario.toTheFloor(Mario.java:71)
	at tp1.logic.gameobjects.Mario.toTheFloor(Mario.java:71)
	at tp1.logic.gameobjects.Mario.toTheFloor(Mario.java:71)
	at tp1.logic.gameobjects.Mario.toTheFloor(Mario.java:71)
	at tp1.logic.gameobjects.Mario.toTheFloor(Mario.java:71)
	at tp1.logic.gameobjects.Mario.toTheFloor(Mario.java:71)
	at tp1.logic.gameobjects.Mario.toTheFloor(Mario.java:71)
	at tp1.logic.gameobjects.Mario.toTheFloor(Mario.java:71)
	at tp1.logic.gameobjects.Mario.toTheFloor(Mario.java:71)
	at tp1.logic.gameobjects.Mario.toTheFloor(Mario.java:71)
	at tp1.logic.gameobjects.Mario.toTheFloor(Mario.java:71)
	at tp1.logic.gameobjects.Mario.toTheFloor(Mario.java:71)
	at tp1.logic.gameobjects.Mario.toTheFloor(Mario.java:71)
	at tp1.logic.gameobjects.Mario.toTheFloor(Mario.java:71)
	at tp1.logic.gameobjects.Mario.toTheFloor(Mario.java:71)
	at tp1.logic.gameobjects.Mario.toTheFloor(Mario.java:71)
	at tp1.logic.gameobjects.Mario.toTheFloor(Mario.java:71)
	at tp1.logic.gameobjects.Mario.toTheFloor(Mario.java:71)
	at tp1.logic.gameobjects.Mario.toTheFloor(Mario.java:71)
	at tp1.logic.gameobjects.Mario.toTheFloor(Mario.java:71)
	at tp1.logic.gameobjects.Mario.toTheFloor(Mario.java:71)
	at tp1.logic.gameobjects.Mario.toTheFloor(Mario.java:71)
	at tp1.logic.gameobjects.Mario.toTheFloor(Mario.java:71)
	at tp1.logic.gameobjects.Mario.toTheFloor(Mario.java:71)
	at tp1.logic.gameobjects.Mario.toTheFloor(Mario.java:71)
	at tp1.logic.gameobjects.Mario.toTheFloor(Mario.java:71)
	at tp1.logic.gameobjects.Mario.toTheFloor(Mario.java:71)
	at tp1.logic.gameobjects.Mario.toTheFloor(Mario.java:71)
	at tp1.logic.gameobjects.Mario.toTheFloor(Mario.java:71)
	at tp1.logic.gameobjects.Mario.toTheFloor(Mario.java:71)
	at tp1.logic.gameobjects.Mario.toTheFloor(Mario.java:71)
	at tp1.logic.gameobjects.Mario.toTheFloor(Mario.java:71)
	at tp1.logic.gameobjects.Mario.toTheFloor(Mario.java:71)
	at tp1.logic.gameobjects.Mario.toTheFloor(Mario.java:71)
	at tp1.logic.gameobjects.Mario.toTheFloor(Mario.java:71)
	at tp1.logic.gameobjects.Mario.toTheFloor(Mario.java:71)
	at tp1.logic.gameobjects.Mario.toTheFloor(Mario.java:71)
	at tp1.logic.gameobjects.Mario.toTheFloor(Mario.java:71)
	at tp1.logic.gameobjects.Mario.toTheFloor(Mario.java:71)
	at tp1.logic.gameobjects.Mario.toTheFloor(Mario.java:71)
	at tp1.logic.gameobjects.Mario.toTheFloor(Mario.java:71)
	at tp1.logic.gameobjects.Mario.toTheFloor(Mario.java:71)
	at tp1.logic.gameobjects.Mario.toTheFloor(Mario.java:71)
	at tp1.logic.gameobjects.Mario.toTheFloor(Mario.java:71)
	at tp1.logic.gameobjects.Mario.toTheFloor(Mario.java:71)
	at tp1.logic.gameobjects.Mario.toTheFloor(Mario.java:71)
	at tp1.logic.gameobjects.Mario.toTheFloor(Mario.java:71)
	at tp1.logic.gameobjects.Mario.toTheFloor(Mario.java:71)
	at tp1.logic.gameobjects.Mario.toTheFloor(Mario.java:71)
	at tp1.logic.gameobjects.Mario.toTheFloor(Mario.java:71)
	at tp1.logic.gameobjects.Mario.toTheFloor(Mario.java:71)
	at tp1.logic.gameobjects.Mario.toTheFloor(Mario.java:71)
	at tp1.logic.gameobjects.Mario.toTheFloor(Mario.java:71)
	at tp1.logic.gameobjects.Mario.toTheFloor(Mario.java:71)
	at tp1.logic.gameobjects.Mario.toTheFloor(Mario.java:71)
	at tp1.logic.gameobjects.Mario.toTheFloor(Mario.java:71)
	at tp1.logic.gameobjects.Mario.toTheFloor(Mario.java:71)
	at tp1.logic.gameobjects.Mario.toTheFloor(Mario.java:71)
	at tp1.logic.gameobjects.Mario.toTheFloor(Mario.java:71)
	at tp1.logic.gameobjects.Mario.toTheFloor(Mario.java:71)
	at tp1.logic.gameobjects.Mario.toTheFloor(Mario.java:71)
	at tp1.logic.gameobjects.Mario.toTheFloor(Mario.java:71)
	at tp1.logic.gameobjects.Mario.toTheFloor(Mario.java:71)
	at tp1.logic.gameobjects.Mario.toTheFloor(Mario.java:71)
	at tp1.logic.gameobjects.Mario.toTheFloor(Mario.java:71)
	at tp1.logic.gameobjects.Mario.toTheFloor(Mario.java:71)
	at tp1.logic.gameobjects.Mario.toTheFloor(Mario.java:71)
	at tp1.logic.gameobjects.Mario.toTheFloor(Mario.java:71)
	at tp1.logic.gameobjects.Mario.toTheFloor(Mario.java:71)
	at tp1.logic.gameobjects.Mario.toTheFloor(Mario.java:71)
	at tp1.logic.gameobjects.Mario.toTheFloor(Mario.java:71)
	at tp1.logic.gameobjects.Mario.toTheFloor(Mario.java:71)
	at tp1.logic.gameobjects.Mario.toTheFloor(Mario.java:71)
	at tp1.logic.gameobjects.Mario.toTheFloor(Mario.java:71)
	at tp1.logic.gameobjects.Mario.toTheFloor(Mario.java:71)
	at tp1.logic.gameobjects.Mario.toTheFloor(Mario.java:71)
	at tp1.logic.gameobjects.Mario.toTheFloor(Mario.java:71)
	at tp1.logic.gameobjects.Mario.toTheFloor(Mario.java:71)
	at tp1.logic.gameobjects.Mario.toTheFloor(Mario.java:71)
	at tp1.logic.gameobjects.Mario.toTheFloor(Mario.java:71)
	at tp1.logic.gameobjects.Mario.toTheFloor(Mario.java:71)
	at tp1.logic.gameobjects.Mario.toTheFloor(Mario.java:71)
	at tp1.logic.gameobjects.Mario.toTheFloor(Mario.java:71)
	at tp1.logic.gameobjects.Mario.toTheFloor(Mario.java:71)
	at tp1.logic.gameobjects.Mario.toTheFloor(Mario.java:71)
	at tp1.logic.gameobjects.Mario.toTheFloor(Mario.java:71)
	at tp1.logic.gameobjects.Mario.toTheFloor(Mario.java:71)
	at tp1.logic.gameobjects.Mario.toTheFloor(Mario.java:71)
	at tp1.logic.gameobjects.Mario.toTheFloor(Mario.java:71)
	at tp1.logic.gameobjects.Mario.toTheFloor(Mario.java:71)
	at tp1.logic.gameobjects.Mario.toTheFloor(Mario.java:71)
	at tp1.logic.gameobjects.Mario.toTheFloor(Mario.java:71)
	at tp1.logic.gameobjects.Mario.toTheFloor(Mario.java:71)
	at tp1.logic.gameobjects.Mario.toTheFloor(Mario.java:71)
	at tp1.logic.gameobjects.Mario.toTheFloor(Mario.java:71)
	at tp1.logic.gameobjects.Mario.toTheFloor(Mario.java:71)
	at tp1.logic.gameobjects.Mario.toTheFloor(Mario.java:71)
	at tp1.logic.gameobjects.Mario.toTheFloor(Mario.java:71)
	at tp1.logic.gameobjects.Mario.toTheFloor(Mario.java:71)
	at tp1.logic.gameobjects.Mario.toTheFloor(Mario.java:71)
	at tp1.logic.gameobjects.Mario.toTheFloor(Mario.java:71)
	at tp1.logic.gameobjects.Mario.toTheFloor(Mario.java:71)
	at tp1.logic.gameobjects.Mario.toTheFloor(Mario.java:71)
	at tp1.logic.gameobjects.Mario.toTheFloor(Mario.java:71)
	at tp1.logic.gameobjects.Mario.toTheFloor(Mario.java:71)
	at tp1.logic.gameobjects.Mario.toTheFloor(Mario.java:71)
	at tp1.logic.gameobjects.Mario.toTheFloor(Mario.java:71)
	at tp1.logic.gameobjects.Mario.toTheFloor(Mario.java:71)
	at tp1.logic.gameobjects.Mario.toTheFloor(Mario.java:71)
	at tp1.logic.gameobjects.Mario.toTheFloor(Mario.java:71)
	at tp1.logic.gameobjects.Mario.toTheFloor(Mario.java:71)
	at tp1.logic.gameobjects.Mario.toTheFloor(Mario.java:71)
	at tp1.logic.gameobjects.Mario.toTheFloor(Mario.java:71)
	at tp1.logic.gameobjects.Mario.toTheFloor(Mario.java:71)
	at tp1.logic.gameobjects.Mario.toTheFloor(Mario.java:71)
	at tp1.logic.gameobjects.Mario.toTheFloor(Mario.java:71)
	at tp1.logic.gameobjects.Mario.toTheFloor(Mario.java:71)
	at tp1.logic.gameobjects.Mario.toTheFloor(Mario.java:71)
	at tp1.logic.gameobjects.Mario.toTheFloor(Mario.java:71)
	at tp1.logic.gameobjects.Mario.toTheFloor(Mario.java:71)
	at tp1.logic.gameobjects.Mario.toTheFloor(Mario.java:71)
	at tp1.logic.gameobjects.Mario.toTheFloor(Mario.java:71)
	at tp1.logic.gameobjects.Mario.toTheFloor(Mario.java:71)
	at tp1.logic.gameobjects.Mario.toTheFloor(Mario.java:71)
	at tp1.logic.gameobjects.Mario.toTheFloor(Mario.java:71)
	at tp1.logic.gameobjects.Mario.toTheFloor(Mario.java:71)
	at tp1.logic.gameobjects.Mario.toTheFloor(Mario.java:71)

tp1.Tests.test05 -- Time elapsed: 0.008 s <<< FAILURE!
org.opentest4j.AssertionFailedError: 
Line: 81
Expected: Time: 100
Actual  : Time: 97

	at org.junit.jupiter.api.AssertionUtils.fail(AssertionUtils.java:38)
	at org.junit.jupiter.api.Assertions.fail(Assertions.java:134)
	at tp1.Tests.compareOutput(Tests.java:113)
	at tp1.Tests.parameterizedTest(Tests.java:145)
	at tp1.Tests.testN(Tests.java:160)
	at tp1.Tests.test05(Tests.java:193)
	at java.base/java.lang.reflect.Method.invoke(Method.java:580)
	at java.base/java.util.ArrayList.forEach(ArrayList.java:1596)
	at java.base/java.util.ArrayList.forEach(ArrayList.java:1596)

tp1.Tests.test06 -- Time elapsed: 0.006 s <<< FAILURE!
org.opentest4j.AssertionFailedError: 
Line: 98
Expected:  11┃                 🧍                                                             ▓▓▓▓▓▓▓▓▓▓▓▓▓▓▓▓▓▓▓▓▓▓▓▓▓▓▓▓            ┃11
Actual  :  11┃                                                                                ▓▓▓▓▓▓▓▓▓▓▓▓▓▓▓▓▓▓▓▓▓▓▓▓▓▓▓▓            ┃11

	at org.junit.jupiter.api.AssertionUtils.fail(AssertionUtils.java:38)
	at org.junit.jupiter.api.Assertions.fail(Assertions.java:134)
	at tp1.Tests.compareOutput(Tests.java:113)
	at tp1.Tests.parameterizedTest(Tests.java:145)
	at tp1.Tests.testN(Tests.java:160)
	at tp1.Tests.test06(Tests.java:198)
	at java.base/java.lang.reflect.Method.invoke(Method.java:580)
	at java.base/java.util.ArrayList.forEach(ArrayList.java:1596)
	at java.base/java.util.ArrayList.forEach(ArrayList.java:1596)

