-------------------------------------------------------------------------------
Test set: tp1.Tests
-------------------------------------------------------------------------------
Tests run: 7, Failures: 3, Errors: 0, Skipped: 0, Time elapsed: 0.105 s <<< FAILURE! -- in tp1.Tests
tp1.Tests.test04 -- Time elapsed: 0.018 s <<< FAILURE!
org.opentest4j.AssertionFailedError: 
Line: 1193
Expected:  14┃▓▓▓▓▓▓▓▓▓▓▓▓▓▓▓▓▓▓▓▓▓▓▓▓▓▓▓▓▓▓▓▓▓▓▓▓▓▓▓▓▓▓▓▓▓▓▓▓▓▓▓▓▓▓▓▓▓▓▓▓        ▓▓▓▓▓▓▓▓▓▓▓▓▓▓▓▓▓▓▓▓▓▓▓▓▓▓▓▓▓▓▓▓▓▓▓▓▓▓▓▓▓▓▓▓▓▓▓▓▓▓▓▓┃14
Actual  :  14┃▓▓▓▓▓▓▓▓▓▓▓▓▓▓▓▓▓▓▓▓▓▓▓▓▓▓▓▓▓▓▓▓▓▓▓▓▓▓▓▓▓▓▓▓▓▓▓▓▓▓▓▓▓▓▓▓▓▓▓▓ 🧍     ▓▓▓▓▓▓▓▓▓▓▓▓▓▓▓▓▓▓▓▓▓▓▓▓▓▓▓▓▓▓▓▓▓▓▓▓▓▓▓▓▓▓▓▓▓▓▓▓▓▓▓▓┃14

	at org.junit.jupiter.api.AssertionUtils.fail(AssertionUtils.java:38)
	at org.junit.jupiter.api.Assertions.fail(Assertions.java:134)
	at tp1.Tests.compareOutput(Tests.java:113)
	at tp1.Tests.parameterizedTest(Tests.java:145)
	at tp1.Tests.testN(Tests.java:160)
	at tp1.Tests.test04(Tests.java:188)
	at java.base/java.lang.reflect.Method.invoke(Method.java:580)
	at java.base/java.util.ArrayList.forEach(ArrayList.java:1596)
	at java.base/java.util.ArrayList.forEach(ArrayList.java:1596)

tp1.Tests.test05 -- Time elapsed: 0.007 s <<< FAILURE!
org.opentest4j.AssertionFailedError: 
Line: 316
Expected: Points: 500
Actual  : Points: 400

	at org.junit.jupiter.api.AssertionUtils.fail(AssertionUtils.java:38)
	at org.junit.jupiter.api.Assertions.fail(Assertions.java:134)
	at tp1.Tests.compareOutput(Tests.java:113)
	at tp1.Tests.parameterizedTest(Tests.java:145)
	at tp1.Tests.testN(Tests.java:160)
	at tp1.Tests.test05(Tests.java:193)
	at java.base/java.lang.reflect.Method.invoke(Method.java:580)
	at java.base/java.util.ArrayList.forEach(ArrayList.java:1596)
	at java.base/java.util.ArrayList.forEach(ArrayList.java:1596)

tp1.Tests.test06 -- Time elapsed: 0.006 s <<< FAILURE!
org.opentest4j.AssertionFailedError: 
Line: 228
Expected:  11┃                                 🚶                                             ▓▓▓▓▓▓▓▓▓▓▓▓▓▓▓▓▓▓▓▓▓▓▓▓▓▓▓▓            ┃11
Actual  :  11┃                                 🧍                                             ▓▓▓▓▓▓▓▓▓▓▓▓▓▓▓▓▓▓▓▓▓▓▓▓▓▓▓▓            ┃11

	at org.junit.jupiter.api.AssertionUtils.fail(AssertionUtils.java:38)
	at org.junit.jupiter.api.Assertions.fail(Assertions.java:134)
	at tp1.Tests.compareOutput(Tests.java:113)
	at tp1.Tests.parameterizedTest(Tests.java:145)
	at tp1.Tests.testN(Tests.java:160)
	at tp1.Tests.test06(Tests.java:198)
	at java.base/java.lang.reflect.Method.invoke(Method.java:580)
	at java.base/java.util.ArrayList.forEach(ArrayList.java:1596)
	at java.base/java.util.ArrayList.forEach(ArrayList.java:1596)

