-------------------------------------------------------------------------------
Test set: tp1.Tests_V2_1_2
-------------------------------------------------------------------------------
Tests run: 6, Failures: 1, Errors: 0, Skipped: 0, Time elapsed: 0.121 s <<< FAILURE! -- in tp1.Tests_V2_1_2
tp1.Tests_V2_1_2.test04 -- Time elapsed: 0.012 s <<< FAILURE!
org.opentest4j.AssertionFailedError: 
Line: 316
Expected: Points: 500
Actual  : Points: 400

	at org.junit.jupiter.api.AssertionUtils.fail(AssertionUtils.java:38)
	at org.junit.jupiter.api.Assertions.fail(Assertions.java:134)
	at tp1.TestsUtils.checkOutput(TestsUtils.java:107)
	at tp1.TestsUtils.parameterizedTest(TestsUtils.java:125)
	at tp1.Tests_V2_1_2.testN(Tests_V2_1_2.java:20)
	at tp1.Tests_V2_1_2.test04(Tests_V2_1_2.java:49)
	at java.base/java.lang.reflect.Method.invoke(Method.java:580)
	at java.base/java.util.ArrayList.forEach(ArrayList.java:1596)
	at java.base/java.util.ArrayList.forEach(ArrayList.java:1596)

