-------------------------------------------------------------------------------
Test set: tp1.Tests_V2_1
-------------------------------------------------------------------------------
Tests run: 7, Failures: 1, Errors: 0, Skipped: 0, Time elapsed: 0.061 s <<< FAILURE! -- in tp1.Tests_V2_1
tp1.Tests_V2_1.test00 -- Time elapsed: 0.007 s <<< FAILURE!
org.opentest4j.AssertionFailedError: 
Line: 30
Expected:    [a]ction [[R]IGHT | [L]EFT | [U]P | [D]OWN | [S]TOP]+: user performs actions
Actual  :    [a]dd[O]bject <object_description>: adds to the board the object given by object_description.

	at org.junit.jupiter.api.AssertionUtils.fail(AssertionUtils.java:38)
	at org.junit.jupiter.api.Assertions.fail(Assertions.java:134)
	at tp1.TestsUtils.checkOutput(TestsUtils.java:107)
	at tp1.TestsUtils.parameterizedTest(TestsUtils.java:125)
	at tp1.Tests_V2_1.testN(Tests_V2_1.java:21)
	at tp1.Tests_V2_1.test00(Tests_V2_1.java:30)
	at java.base/java.lang.reflect.Method.invoke(Method.java:580)
	at java.base/java.util.ArrayList.forEach(ArrayList.java:1596)
	at java.base/java.util.ArrayList.forEach(ArrayList.java:1596)

