-------------------------------------------------------------------------------
Test set: tp1.Tests_V2_2
-------------------------------------------------------------------------------
Tests run: 7, Failures: 1, Errors: 0, Skipped: 0, Time elapsed: 0.029 s <<< FAILURE! -- in tp1.Tests_V2_2
tp1.Tests_V2_2.test04 -- Time elapsed: 0.001 s <<< FAILURE!
org.opentest4j.AssertionFailedError: 
Line: 30
Expected: Command > [DEBUG] Executing: addoBjEct (-1,-1) Land
Actual  : 

	at org.junit.jupiter.api.AssertionUtils.fail(AssertionUtils.java:38)
	at org.junit.jupiter.api.Assertions.fail(Assertions.java:134)
	at tp1.TestsUtils.checkOutput(TestsUtils.java:107)
	at tp1.TestsUtils.parameterizedTest(TestsUtils.java:125)
	at tp1.Tests_V2_2.testN(Tests_V2_2.java:21)
	at tp1.Tests_V2_2.test04(Tests_V2_2.java:37)
	at java.base/java.lang.reflect.Method.invoke(Method.java:580)
	at java.base/java.util.ArrayList.forEach(ArrayList.java:1596)
	at java.base/java.util.ArrayList.forEach(ArrayList.java:1596)

