-------------------------------------------------------------------------------
Test set: tp1.Tests
-------------------------------------------------------------------------------
Tests run: 7, Failures: 7, Errors: 0, Skipped: 0, Time elapsed: 0.028 s <<< FAILURE! -- in tp1.Tests
tp1.Tests.test00 -- Time elapsed: 0.012 s <<< FAILURE!
org.opentest4j.AssertionFailedError: Output file cannot be created at /Users/davidarranz/Library/CloudStorage/OneDrive-UniversidadComplutensedeMadrid(UCM)/Asignaturas/SEGUNDO DE CARRERA/TP1/Segunda matricula/PRACTICA/P2-Practica-MarioBros-TP1/src/test/resources/pr1/00_0-helpPaint_output.txt
	at org.junit.jupiter.api.AssertionUtils.fail(AssertionUtils.java:38)
	at org.junit.jupiter.api.Assertions.fail(Assertions.java:134)
	at tp1.Tests.parameterizedTest(Tests.java:130)
	at tp1.Tests.testN(Tests.java:160)
	at tp1.Tests.test00(Tests.java:168)
	at java.base/java.lang.reflect.Method.invoke(Method.java:580)
	at java.base/java.util.ArrayList.forEach(ArrayList.java:1596)
	at java.base/java.util.ArrayList.forEach(ArrayList.java:1596)

tp1.Tests.test01 -- Time elapsed: 0.001 s <<< FAILURE!
org.opentest4j.AssertionFailedError: Output file cannot be created at /Users/davidarranz/Library/CloudStorage/OneDrive-UniversidadComplutensedeMadrid(UCM)/Asignaturas/SEGUNDO DE CARRERA/TP1/Segunda matricula/PRACTICA/P2-Practica-MarioBros-TP1/src/test/resources/pr1/00_1-commands_output.txt
	at org.junit.jupiter.api.AssertionUtils.fail(AssertionUtils.java:38)
	at org.junit.jupiter.api.Assertions.fail(Assertions.java:134)
	at tp1.Tests.parameterizedTest(Tests.java:130)
	at tp1.Tests.testN(Tests.java:160)
	at tp1.Tests.test01(Tests.java:173)
	at java.base/java.lang.reflect.Method.invoke(Method.java:580)
	at java.base/java.util.ArrayList.forEach(ArrayList.java:1596)
	at java.base/java.util.ArrayList.forEach(ArrayList.java:1596)

tp1.Tests.test02 -- Time elapsed: 0.001 s <<< FAILURE!
org.opentest4j.AssertionFailedError: Output file cannot be created at /Users/davidarranz/Library/CloudStorage/OneDrive-UniversidadComplutensedeMadrid(UCM)/Asignaturas/SEGUNDO DE CARRERA/TP1/Segunda matricula/PRACTICA/P2-Practica-MarioBros-TP1/src/test/resources/pr1/00_2-movements_output.txt
	at org.junit.jupiter.api.AssertionUtils.fail(AssertionUtils.java:38)
	at org.junit.jupiter.api.Assertions.fail(Assertions.java:134)
	at tp1.Tests.parameterizedTest(Tests.java:130)
	at tp1.Tests.testN(Tests.java:160)
	at tp1.Tests.test02(Tests.java:178)
	at java.base/java.lang.reflect.Method.invoke(Method.java:580)
	at java.base/java.util.ArrayList.forEach(ArrayList.java:1596)
	at java.base/java.util.ArrayList.forEach(ArrayList.java:1596)

tp1.Tests.test03 -- Time elapsed: 0 s <<< FAILURE!
org.opentest4j.AssertionFailedError: Output file cannot be created at /Users/davidarranz/Library/CloudStorage/OneDrive-UniversidadComplutensedeMadrid(UCM)/Asignaturas/SEGUNDO DE CARRERA/TP1/Segunda matricula/PRACTICA/P2-Practica-MarioBros-TP1/src/test/resources/pr1/01_3-winsNoColision_output.txt
	at org.junit.jupiter.api.AssertionUtils.fail(AssertionUtils.java:38)
	at org.junit.jupiter.api.Assertions.fail(Assertions.java:134)
	at tp1.Tests.parameterizedTest(Tests.java:130)
	at tp1.Tests.testN(Tests.java:160)
	at tp1.Tests.test03(Tests.java:183)
	at java.base/java.lang.reflect.Method.invoke(Method.java:580)
	at java.base/java.util.ArrayList.forEach(ArrayList.java:1596)
	at java.base/java.util.ArrayList.forEach(ArrayList.java:1596)

tp1.Tests.test04 -- Time elapsed: 0 s <<< FAILURE!
org.opentest4j.AssertionFailedError: Output file cannot be created at /Users/davidarranz/Library/CloudStorage/OneDrive-UniversidadComplutensedeMadrid(UCM)/Asignaturas/SEGUNDO DE CARRERA/TP1/Segunda matricula/PRACTICA/P2-Practica-MarioBros-TP1/src/test/resources/pr1/01_4-loseNoColision_output.txt
	at org.junit.jupiter.api.AssertionUtils.fail(AssertionUtils.java:38)
	at org.junit.jupiter.api.Assertions.fail(Assertions.java:134)
	at tp1.Tests.parameterizedTest(Tests.java:130)
	at tp1.Tests.testN(Tests.java:160)
	at tp1.Tests.test04(Tests.java:188)
	at java.base/java.lang.reflect.Method.invoke(Method.java:580)
	at java.base/java.util.ArrayList.forEach(ArrayList.java:1596)
	at java.base/java.util.ArrayList.forEach(ArrayList.java:1596)

tp1.Tests.test05 -- Time elapsed: 0 s <<< FAILURE!
org.opentest4j.AssertionFailedError: Output file cannot be created at /Users/davidarranz/Library/CloudStorage/OneDrive-UniversidadComplutensedeMadrid(UCM)/Asignaturas/SEGUNDO DE CARRERA/TP1/Segunda matricula/PRACTICA/P2-Practica-MarioBros-TP1/src/test/resources/pr1/01_5-colisions_output.txt
	at org.junit.jupiter.api.AssertionUtils.fail(AssertionUtils.java:38)
	at org.junit.jupiter.api.Assertions.fail(Assertions.java:134)
	at tp1.Tests.parameterizedTest(Tests.java:130)
	at tp1.Tests.testN(Tests.java:160)
	at tp1.Tests.test05(Tests.java:193)
	at java.base/java.lang.reflect.Method.invoke(Method.java:580)
	at java.base/java.util.ArrayList.forEach(ArrayList.java:1596)
	at java.base/java.util.ArrayList.forEach(ArrayList.java:1596)

tp1.Tests.test06 -- Time elapsed: 0 s <<< FAILURE!
org.opentest4j.AssertionFailedError: Output file cannot be created at /Users/davidarranz/Library/CloudStorage/OneDrive-UniversidadComplutensedeMadrid(UCM)/Asignaturas/SEGUNDO DE CARRERA/TP1/Segunda matricula/PRACTICA/P2-Practica-MarioBros-TP1/src/test/resources/pr1/01_6-randomPlay_output.txt
	at org.junit.jupiter.api.AssertionUtils.fail(AssertionUtils.java:38)
	at org.junit.jupiter.api.Assertions.fail(Assertions.java:134)
	at tp1.Tests.parameterizedTest(Tests.java:130)
	at tp1.Tests.testN(Tests.java:160)
	at tp1.Tests.test06(Tests.java:198)
	at java.base/java.lang.reflect.Method.invoke(Method.java:580)
	at java.base/java.util.ArrayList.forEach(ArrayList.java:1596)
	at java.base/java.util.ArrayList.forEach(ArrayList.java:1596)

