-------------------------------------------------------------------------------
Test set: tp1.Tests_V3
-------------------------------------------------------------------------------
Tests run: 16, Failures: 15, Errors: 1, Skipped: 0, Time elapsed: 0.092 s <<< FAILURE! -- in tp1.Tests_V3
tp1.Tests_V3.test00 -- Time elapsed: 0.002 s <<< FAILURE!
org.opentest4j.AssertionFailedError: 
Line: 1
Expected: MarioBross 3.0
Actual  : MarioBross 2.X

	at org.junit.jupiter.api.AssertionUtils.fail(AssertionUtils.java:38)
	at org.junit.jupiter.api.Assertions.fail(Assertions.java:134)
	at tp1.TestsUtils.checkOutput(TestsUtils.java:107)
	at tp1.TestsUtils.parameterizedTest(TestsUtils.java:125)
	at tp1.Tests_V3.testN(Tests_V3.java:31)
	at tp1.Tests_V3.test00(Tests_V3.java:38)
	at java.base/java.lang.reflect.Method.invoke(Method.java:580)
	at java.base/java.util.ArrayList.forEach(ArrayList.java:1596)
	at java.base/java.util.ArrayList.forEach(ArrayList.java:1596)

tp1.Tests_V3.test01 -- Time elapsed: 0.008 s <<< FAILURE!
org.opentest4j.AssertionFailedError: 
Line: 1
Expected: MarioBross 3.0
Actual  : MarioBross 2.X

	at org.junit.jupiter.api.AssertionUtils.fail(AssertionUtils.java:38)
	at org.junit.jupiter.api.Assertions.fail(Assertions.java:134)
	at tp1.TestsUtils.checkOutput(TestsUtils.java:107)
	at tp1.TestsUtils.parameterizedTest(TestsUtils.java:125)
	at tp1.Tests_V3.testN(Tests_V3.java:31)
	at tp1.Tests_V3.test01(Tests_V3.java:40)
	at java.base/java.lang.reflect.Method.invoke(Method.java:580)
	at java.base/java.util.ArrayList.forEach(ArrayList.java:1596)
	at java.base/java.util.ArrayList.forEach(ArrayList.java:1596)

tp1.Tests_V3.test02 -- Time elapsed: 0.003 s <<< FAILURE!
org.opentest4j.AssertionFailedError: 
Line: 1
Expected: MarioBross 3.0
Actual  : MarioBross 2.X

	at org.junit.jupiter.api.AssertionUtils.fail(AssertionUtils.java:38)
	at org.junit.jupiter.api.Assertions.fail(Assertions.java:134)
	at tp1.TestsUtils.checkOutput(TestsUtils.java:107)
	at tp1.TestsUtils.parameterizedTest(TestsUtils.java:125)
	at tp1.Tests_V3.testN(Tests_V3.java:31)
	at tp1.Tests_V3.test02(Tests_V3.java:42)
	at java.base/java.lang.reflect.Method.invoke(Method.java:580)
	at java.base/java.util.ArrayList.forEach(ArrayList.java:1596)
	at java.base/java.util.ArrayList.forEach(ArrayList.java:1596)

tp1.Tests_V3.test03 -- Time elapsed: 0.002 s <<< FAILURE!
org.opentest4j.AssertionFailedError: 
Line: 1
Expected: MarioBross 3.0
Actual  : MarioBross 2.X

	at org.junit.jupiter.api.AssertionUtils.fail(AssertionUtils.java:38)
	at org.junit.jupiter.api.Assertions.fail(Assertions.java:134)
	at tp1.TestsUtils.checkOutput(TestsUtils.java:107)
	at tp1.TestsUtils.parameterizedTest(TestsUtils.java:125)
	at tp1.Tests_V3.testN(Tests_V3.java:31)
	at tp1.Tests_V3.test03(Tests_V3.java:44)
	at java.base/java.lang.reflect.Method.invoke(Method.java:580)
	at java.base/java.util.ArrayList.forEach(ArrayList.java:1596)
	at java.base/java.util.ArrayList.forEach(ArrayList.java:1596)

tp1.Tests_V3.test04 -- Time elapsed: 0.014 s <<< FAILURE!
org.opentest4j.AssertionFailedError: 
Line: 1
Expected: MarioBross 3.0
Actual  : MarioBross 2.X

	at org.junit.jupiter.api.AssertionUtils.fail(AssertionUtils.java:38)
	at org.junit.jupiter.api.Assertions.fail(Assertions.java:134)
	at tp1.TestsUtils.checkOutput(TestsUtils.java:107)
	at tp1.TestsUtils.parameterizedTest(TestsUtils.java:125)
	at tp1.Tests_V3.testN(Tests_V3.java:31)
	at tp1.Tests_V3.test04(Tests_V3.java:46)
	at java.base/java.lang.reflect.Method.invoke(Method.java:580)
	at java.base/java.util.ArrayList.forEach(ArrayList.java:1596)
	at java.base/java.util.ArrayList.forEach(ArrayList.java:1596)

tp1.Tests_V3.test05 -- Time elapsed: 0.010 s <<< FAILURE!
org.opentest4j.AssertionFailedError: 
Line: 1
Expected: MarioBross 3.0
Actual  : MarioBross 2.X

	at org.junit.jupiter.api.AssertionUtils.fail(AssertionUtils.java:38)
	at org.junit.jupiter.api.Assertions.fail(Assertions.java:134)
	at tp1.TestsUtils.checkOutput(TestsUtils.java:107)
	at tp1.TestsUtils.parameterizedTest(TestsUtils.java:125)
	at tp1.Tests_V3.testN(Tests_V3.java:31)
	at tp1.Tests_V3.test05(Tests_V3.java:48)
	at java.base/java.lang.reflect.Method.invoke(Method.java:580)
	at java.base/java.util.ArrayList.forEach(ArrayList.java:1596)
	at java.base/java.util.ArrayList.forEach(ArrayList.java:1596)

tp1.Tests_V3.test06 -- Time elapsed: 0.007 s <<< FAILURE!
org.opentest4j.AssertionFailedError: 
Line: 1
Expected: MarioBross 3.0
Actual  : MarioBross 2.X

	at org.junit.jupiter.api.AssertionUtils.fail(AssertionUtils.java:38)
	at org.junit.jupiter.api.Assertions.fail(Assertions.java:134)
	at tp1.TestsUtils.checkOutput(TestsUtils.java:107)
	at tp1.TestsUtils.parameterizedTest(TestsUtils.java:125)
	at tp1.Tests_V3.testN(Tests_V3.java:31)
	at tp1.Tests_V3.test06(Tests_V3.java:50)
	at java.base/java.lang.reflect.Method.invoke(Method.java:580)
	at java.base/java.util.ArrayList.forEach(ArrayList.java:1596)
	at java.base/java.util.ArrayList.forEach(ArrayList.java:1596)

tp1.Tests_V3.test07 -- Time elapsed: 0.010 s <<< FAILURE!
org.opentest4j.AssertionFailedError: 
Line: 1
Expected: MarioBross 3.0
Actual  : MarioBross 2.X

	at org.junit.jupiter.api.AssertionUtils.fail(AssertionUtils.java:38)
	at org.junit.jupiter.api.Assertions.fail(Assertions.java:134)
	at tp1.TestsUtils.checkOutput(TestsUtils.java:107)
	at tp1.TestsUtils.parameterizedTest(TestsUtils.java:125)
	at tp1.Tests_V3.testN(Tests_V3.java:31)
	at tp1.Tests_V3.test07(Tests_V3.java:52)
	at java.base/java.lang.reflect.Method.invoke(Method.java:580)
	at java.base/java.util.ArrayList.forEach(ArrayList.java:1596)
	at java.base/java.util.ArrayList.forEach(ArrayList.java:1596)

tp1.Tests_V3.test08 -- Time elapsed: 0.005 s <<< FAILURE!
org.opentest4j.AssertionFailedError: 
Line: 1
Expected: MarioBross 3.0
Actual  : MarioBross 2.X

	at org.junit.jupiter.api.AssertionUtils.fail(AssertionUtils.java:38)
	at org.junit.jupiter.api.Assertions.fail(Assertions.java:134)
	at tp1.TestsUtils.checkOutput(TestsUtils.java:107)
	at tp1.TestsUtils.parameterizedTest(TestsUtils.java:125)
	at tp1.Tests_V3.testN(Tests_V3.java:31)
	at tp1.Tests_V3.test08(Tests_V3.java:54)
	at java.base/java.lang.reflect.Method.invoke(Method.java:580)
	at java.base/java.util.ArrayList.forEach(ArrayList.java:1596)
	at java.base/java.util.ArrayList.forEach(ArrayList.java:1596)

tp1.Tests_V3.test09 -- Time elapsed: 0.005 s <<< FAILURE!
org.opentest4j.AssertionFailedError: 
Line: 1
Expected: MarioBross 3.0
Actual  : MarioBross 2.X

	at org.junit.jupiter.api.AssertionUtils.fail(AssertionUtils.java:38)
	at org.junit.jupiter.api.Assertions.fail(Assertions.java:134)
	at tp1.TestsUtils.checkOutput(TestsUtils.java:107)
	at tp1.TestsUtils.parameterizedTest(TestsUtils.java:125)
	at tp1.Tests_V3.testN(Tests_V3.java:31)
	at tp1.Tests_V3.test09(Tests_V3.java:56)
	at java.base/java.lang.reflect.Method.invoke(Method.java:580)
	at java.base/java.util.ArrayList.forEach(ArrayList.java:1596)
	at java.base/java.util.ArrayList.forEach(ArrayList.java:1596)

tp1.Tests_V3.test10 -- Time elapsed: 0.004 s <<< FAILURE!
org.opentest4j.AssertionFailedError: 
Line: 1
Expected: MarioBross 3.0
Actual  : MarioBross 2.X

	at org.junit.jupiter.api.AssertionUtils.fail(AssertionUtils.java:38)
	at org.junit.jupiter.api.Assertions.fail(Assertions.java:134)
	at tp1.TestsUtils.checkOutput(TestsUtils.java:107)
	at tp1.TestsUtils.parameterizedTest(TestsUtils.java:125)
	at tp1.Tests_V3.testN(Tests_V3.java:31)
	at tp1.Tests_V3.test10(Tests_V3.java:58)
	at java.base/java.lang.reflect.Method.invoke(Method.java:580)
	at java.base/java.util.ArrayList.forEach(ArrayList.java:1596)
	at java.base/java.util.ArrayList.forEach(ArrayList.java:1596)

tp1.Tests_V3.test11 -- Time elapsed: 0.003 s <<< FAILURE!
org.opentest4j.AssertionFailedError: 
Line: 1
Expected: MarioBross 3.0
Actual  : MarioBross 2.X

	at org.junit.jupiter.api.AssertionUtils.fail(AssertionUtils.java:38)
	at org.junit.jupiter.api.Assertions.fail(Assertions.java:134)
	at tp1.TestsUtils.checkOutput(TestsUtils.java:107)
	at tp1.TestsUtils.parameterizedTest(TestsUtils.java:125)
	at tp1.Tests_V3.testN(Tests_V3.java:31)
	at tp1.Tests_V3.test11(Tests_V3.java:60)
	at java.base/java.lang.reflect.Method.invoke(Method.java:580)
	at java.base/java.util.ArrayList.forEach(ArrayList.java:1596)
	at java.base/java.util.ArrayList.forEach(ArrayList.java:1596)

tp1.Tests_V3.test12 -- Time elapsed: 0.002 s <<< FAILURE!
org.opentest4j.AssertionFailedError: 
Line: 1
Expected: MarioBross 3.0
Actual  : MarioBross 2.X

	at org.junit.jupiter.api.AssertionUtils.fail(AssertionUtils.java:38)
	at org.junit.jupiter.api.Assertions.fail(Assertions.java:134)
	at tp1.TestsUtils.checkOutput(TestsUtils.java:107)
	at tp1.TestsUtils.parameterizedTest(TestsUtils.java:125)
	at tp1.Tests_V3.testN(Tests_V3.java:31)
	at tp1.Tests_V3.test12(Tests_V3.java:62)
	at java.base/java.lang.reflect.Method.invoke(Method.java:580)
	at java.base/java.util.ArrayList.forEach(ArrayList.java:1596)
	at java.base/java.util.ArrayList.forEach(ArrayList.java:1596)

tp1.Tests_V3.test13 -- Time elapsed: 0.006 s <<< FAILURE!
org.opentest4j.AssertionFailedError: 
Line: 1
Expected: MarioBross 3.0
Actual  : MarioBross 2.X

	at org.junit.jupiter.api.AssertionUtils.fail(AssertionUtils.java:38)
	at org.junit.jupiter.api.Assertions.fail(Assertions.java:134)
	at tp1.TestsUtils.checkOutput(TestsUtils.java:107)
	at tp1.TestsUtils.parameterizedTest(TestsUtils.java:125)
	at tp1.Tests_V3.testN(Tests_V3.java:31)
	at tp1.Tests_V3.test13(Tests_V3.java:64)
	at java.base/java.lang.reflect.Method.invoke(Method.java:580)
	at java.base/java.util.ArrayList.forEach(ArrayList.java:1596)
	at java.base/java.util.ArrayList.forEach(ArrayList.java:1596)

tp1.Tests_V3.test14 -- Time elapsed: 0.004 s <<< FAILURE!
org.opentest4j.AssertionFailedError: 
Line: 1
Expected: MarioBross 3.0
Actual  : MarioBross 2.X

	at org.junit.jupiter.api.AssertionUtils.fail(AssertionUtils.java:38)
	at org.junit.jupiter.api.Assertions.fail(Assertions.java:134)
	at tp1.TestsUtils.checkOutput(TestsUtils.java:107)
	at tp1.TestsUtils.parameterizedTest(TestsUtils.java:125)
	at tp1.Tests_V3.testN(Tests_V3.java:31)
	at tp1.Tests_V3.test14(Tests_V3.java:66)
	at java.base/java.lang.reflect.Method.invoke(Method.java:580)
	at java.base/java.util.ArrayList.forEach(ArrayList.java:1596)
	at java.base/java.util.ArrayList.forEach(ArrayList.java:1596)

tp1.Tests_V3.testOPTIONAL -- Time elapsed: 0.001 s <<< ERROR!
java.lang.NullPointerException: Cannot invoke "tp1.logic.GameObjectContainer.positionToString(int, int)" because "this.gameObjects" is null
	at tp1.logic.Game.positionToString(Game.java:110)
	at tp1.view.ConsoleView.toString(ConsoleView.java:89)
	at tp1.view.ConsoleView.showGame(ConsoleView.java:138)
	at tp1.control.Controller.run(Controller.java:28)
	at tp1.Main.main(Main.java:33)
	at tp1.TestsUtils.parameterizedTest(TestsUtils.java:120)
	at tp1.Tests_V3.testN(Tests_V3.java:31)
	at tp1.Tests_V3.testOPTIONAL(Tests_V3.java:69)
	at java.base/java.lang.reflect.Method.invoke(Method.java:580)
	at java.base/java.util.ArrayList.forEach(ArrayList.java:1596)
	at java.base/java.util.ArrayList.forEach(ArrayList.java:1596)

